INFO 2020-11-04 23:14:42,319 BinaryConnect(
  (dropout1): Dropout(p=0, inplace=False)
  (dropout2): Dropout(p=0, inplace=False)
  (dropout3): Dropout(p=0, inplace=False)
  (dropout4): Dropout(p=0, inplace=False)
  (fc1): Linear(in_features=784, out_features=2048, bias=False)
  (fc2): Linear(in_features=2048, out_features=2048, bias=False)
  (fc3): Linear(in_features=2048, out_features=2048, bias=False)
  (fc4): Linear(in_features=2048, out_features=10, bias=False)
  (bn1): BatchNorm1d(2048, eps=0.0001, momentum=0.15, affine=False, track_running_stats=True)
  (bn2): BatchNorm1d(2048, eps=0.0001, momentum=0.15, affine=False, track_running_stats=True)
  (bn3): BatchNorm1d(2048, eps=0.0001, momentum=0.15, affine=False, track_running_stats=True)
  (bn4): BatchNorm1d(10, eps=0.0001, momentum=0.15, affine=False, track_running_stats=True)
)
INFO 2020-11-04 23:14:42,464 Code running on cuda:0
INFO 2020-11-04 23:14:42,464 criterion: CrossEntropyLoss()
INFO 2020-11-04 23:14:42,464 optimizer: BiNNOptimizer (
Parameter Group 0
    N: 1
    beta: 0.0
    initial_lr: 0.0001
    learning_rate: 0.0001
    lr: 0.0001
    mini_batch_size: 100
    temperature: 1e-10
    train_set_size: 54000
)
INFO 2020-11-04 23:14:42,464 starting epoch 0
INFO 2020-11-04 23:16:42,854 train correct: 92.25
INFO 2020-11-04 23:16:48,026 test correct: 95.55
INFO 2020-11-04 23:16:48,026 starting epoch 1
INFO 2020-11-04 23:18:49,137 train correct: 96.62037037037037
INFO 2020-11-04 23:18:54,457 test correct: 96.96
INFO 2020-11-04 23:18:54,457 starting epoch 2
INFO 2020-11-04 23:20:58,583 train correct: 97.6574074074074
INFO 2020-11-04 23:21:03,856 test correct: 97.33
INFO 2020-11-04 23:21:03,856 starting epoch 3
INFO 2020-11-04 23:23:09,389 train correct: 98.26851851851852
INFO 2020-11-04 23:23:14,663 test correct: 97.43
INFO 2020-11-04 23:23:14,663 starting epoch 4
INFO 2020-11-04 23:25:22,308 train correct: 98.74444444444444
INFO 2020-11-04 23:25:27,874 test correct: 97.51
INFO 2020-11-04 23:25:27,875 starting epoch 5
INFO 2020-11-04 23:27:49,402 train correct: 99.02592592592593
INFO 2020-11-04 23:27:55,134 test correct: 97.85
INFO 2020-11-04 23:27:55,135 starting epoch 6
INFO 2020-11-04 23:30:23,222 train correct: 99.21481481481482
INFO 2020-11-04 23:30:29,455 test correct: 98.0
INFO 2020-11-04 23:30:29,455 starting epoch 7
INFO 2020-11-04 23:32:57,041 train correct: 99.3462962962963
INFO 2020-11-04 23:33:03,251 test correct: 97.94
INFO 2020-11-04 23:33:03,251 starting epoch 8
INFO 2020-11-04 23:35:31,039 train correct: 99.46111111111111
INFO 2020-11-04 23:35:37,295 test correct: 97.75
INFO 2020-11-04 23:35:37,295 starting epoch 9
INFO 2020-11-04 23:38:05,445 train correct: 99.53148148148148
INFO 2020-11-04 23:38:11,670 test correct: 97.85
INFO 2020-11-04 23:38:11,670 starting epoch 10
INFO 2020-11-04 23:40:39,679 train correct: 99.55555555555556
INFO 2020-11-04 23:40:45,940 test correct: 98.03
INFO 2020-11-04 23:40:45,941 starting epoch 11
INFO 2020-11-04 23:43:14,051 train correct: 99.57777777777778
INFO 2020-11-04 23:43:20,301 test correct: 97.96
INFO 2020-11-04 23:43:20,301 starting epoch 12
INFO 2020-11-04 23:45:48,748 train correct: 99.66111111111111
INFO 2020-11-04 23:45:54,724 test correct: 97.88
INFO 2020-11-04 23:45:54,725 starting epoch 13
INFO 2020-11-04 23:48:24,757 train correct: 99.71296296296296
INFO 2020-11-04 23:48:31,359 test correct: 97.82
INFO 2020-11-04 23:48:31,359 starting epoch 14
INFO 2020-11-04 23:51:01,040 train correct: 99.65
INFO 2020-11-04 23:51:08,037 test correct: 97.9
INFO 2020-11-04 23:51:08,037 starting epoch 15
INFO 2020-11-04 23:53:39,432 train correct: 99.70185185185186
INFO 2020-11-04 23:53:45,842 test correct: 97.92
INFO 2020-11-04 23:53:45,843 starting epoch 16
INFO 2020-11-04 23:56:15,425 train correct: 99.73518518518519
INFO 2020-11-04 23:56:22,148 test correct: 97.88
INFO 2020-11-04 23:56:22,148 starting epoch 17
INFO 2020-11-04 23:58:48,606 train correct: 99.81296296296296
INFO 2020-11-04 23:58:55,341 test correct: 97.98
INFO 2020-11-04 23:58:55,342 starting epoch 18
INFO 2020-11-05 00:01:23,037 train correct: 99.80740740740741
INFO 2020-11-05 00:01:29,653 test correct: 98.11
INFO 2020-11-05 00:01:29,653 starting epoch 19
INFO 2020-11-05 00:03:58,941 train correct: 99.80555555555556
INFO 2020-11-05 00:04:05,444 test correct: 98.08
INFO 2020-11-05 00:04:05,444 starting epoch 20
INFO 2020-11-05 00:06:38,178 train correct: 99.82962962962964
INFO 2020-11-05 00:06:44,086 test correct: 97.97
INFO 2020-11-05 00:06:44,086 starting epoch 21
INFO 2020-11-05 00:09:15,854 train correct: 99.80555555555556
INFO 2020-11-05 00:09:22,090 test correct: 97.98
INFO 2020-11-05 00:09:22,091 starting epoch 22
INFO 2020-11-05 00:11:54,010 train correct: 99.79629629629629
INFO 2020-11-05 00:12:01,018 test correct: 97.87
INFO 2020-11-05 00:12:01,018 starting epoch 23
