INFO 2021-01-28 03:22:07,774 Code running on cuda:0
INFO 2021-01-28 03:22:07,818 config: {'dataset': 'cifar10', 'input_shape': 3, 'output_shape': 10, 'data_augmentation': True, 'epochs': 500, 'criterion': 'crossentropy', 'validation_split': 0.1, 'lr_scheduler': 'cosine', 'batch_size': 50, 'lr_init': 0.01, 'lr_final': 1e-16, 'batch_affine': False, 'model_architecture': 'VGGBinaryConnect', 'momentum': 0.2, 'grad_clip_value': 1, 'weight_clip_value': 1}
INFO 2021-01-28 03:22:23,670 VGGBinaryConnect(
  (conv1): BinaryConv2D(3, 128, kernel_size=(3, 3), stride=(1, 1), padding=(1, 1), bias=False)
  (bn1): BatchNorm2d(128, eps=1e-05, momentum=0.2, affine=False, track_running_stats=True)
  (conv2): BinaryConv2D(128, 128, kernel_size=(3, 3), stride=(1, 1), padding=(1, 1), bias=False)
  (bn2): BatchNorm2d(128, eps=1e-05, momentum=0.2, affine=False, track_running_stats=True)
  (conv3): BinaryConv2D(128, 256, kernel_size=(3, 3), stride=(1, 1), padding=(1, 1), bias=False)
  (bn3): BatchNorm2d(256, eps=1e-05, momentum=0.2, affine=False, track_running_stats=True)
  (conv4): BinaryConv2D(256, 256, kernel_size=(3, 3), stride=(1, 1), padding=(1, 1), bias=False)
  (bn4): BatchNorm2d(256, eps=1e-05, momentum=0.2, affine=False, track_running_stats=True)
  (conv5): BinaryConv2D(256, 512, kernel_size=(3, 3), stride=(1, 1), padding=(1, 1), bias=False)
  (bn5): BatchNorm2d(512, eps=1e-05, momentum=0.2, affine=False, track_running_stats=True)
  (conv6): BinaryConv2D(512, 512, kernel_size=(3, 3), stride=(1, 1), padding=(1, 1), bias=False)
  (bn6): BatchNorm2d(512, eps=1e-05, momentum=0.2, affine=False, track_running_stats=True)
  (fc1): BinaryLinear(in_features=8192, out_features=1024, bias=False)
  (bn7): BatchNorm1d(1024, eps=1e-05, momentum=0.1, affine=False, track_running_stats=True)
  (fc2): BinaryLinear(in_features=1024, out_features=1024, bias=False)
  (bn8): BatchNorm1d(1024, eps=1e-05, momentum=0.1, affine=False, track_running_stats=True)
  (fc3): BinaryLinear(in_features=1024, out_features=10, bias=False)
  (bn9): BatchNorm1d(10, eps=1e-05, momentum=0.1, affine=False, track_running_stats=True)
)
INFO 2021-01-28 03:22:23,671 Starting training with STE optimizer...
INFO 2021-01-28 03:22:23,672 Criterion: CrossEntropyLoss()
INFO 2021-01-28 03:22:23,672 Optimizer: Adam (
Parameter Group 0
    amsgrad: False
    betas: (0.9, 0.999)
    eps: 1e-08
    initial_lr: 0.01
    lr: 0.01
    weight_decay: 0
)
INFO 2021-01-28 03:22:23,672 starting epoch 0
INFO 2021-01-28 03:23:11,828 train correct: 41.63111111111111
INFO 2021-01-28 03:23:11,829 train loss: 1.6339125633239746
INFO 2021-01-28 03:23:15,231 Validation Accuracy: 53.34
INFO 2021-01-28 03:23:21,649 Test Accuracy: 51.42
INFO 2021-01-28 03:23:21,650 starting epoch 1
INFO 2021-01-28 03:24:09,443 train correct: 60.797777777777775
INFO 2021-01-28 03:24:09,455 train loss: 1.2109766006469727
INFO 2021-01-28 03:24:12,912 Validation Accuracy: 69.72
INFO 2021-01-28 03:24:19,554 Test Accuracy: 70.1
INFO 2021-01-28 03:24:19,554 starting epoch 2
INFO 2021-01-28 03:25:07,409 train correct: 69.81777777777778
INFO 2021-01-28 03:25:07,410 train loss: 1.0150507688522339
INFO 2021-01-28 03:25:10,934 Validation Accuracy: 74.54
INFO 2021-01-28 03:25:17,833 Test Accuracy: 74.71
INFO 2021-01-28 03:25:17,833 starting epoch 3
INFO 2021-01-28 03:26:06,611 train correct: 74.41777777777777
INFO 2021-01-28 03:26:06,626 train loss: 0.9152140617370605
INFO 2021-01-28 03:26:10,190 Validation Accuracy: 77.48
INFO 2021-01-28 03:26:16,974 Test Accuracy: 77.43
INFO 2021-01-28 03:26:16,975 starting epoch 4
INFO 2021-01-28 03:27:04,791 train correct: 77.82444444444444
INFO 2021-01-28 03:27:04,810 train loss: 0.8399299383163452
INFO 2021-01-28 03:27:09,262 Validation Accuracy: 79.5
INFO 2021-01-28 03:27:16,209 Test Accuracy: 79.23
INFO 2021-01-28 03:27:16,209 starting epoch 5
INFO 2021-01-28 03:28:04,729 train correct: 79.83333333333333
INFO 2021-01-28 03:28:04,742 train loss: 0.8000958561897278
INFO 2021-01-28 03:28:08,305 Validation Accuracy: 82.6
INFO 2021-01-28 03:28:15,236 Test Accuracy: 83.09
INFO 2021-01-28 03:28:15,237 starting epoch 6
INFO 2021-01-28 03:29:03,976 train correct: 81.60444444444444
INFO 2021-01-28 03:29:03,977 train loss: 0.7561842203140259
INFO 2021-01-28 03:29:07,680 Validation Accuracy: 82.94
INFO 2021-01-28 03:29:14,506 Test Accuracy: 83.07
INFO 2021-01-28 03:29:14,506 starting epoch 7
INFO 2021-01-28 03:30:03,642 train correct: 83.1511111111111
INFO 2021-01-28 03:30:03,643 train loss: 0.7239425778388977
INFO 2021-01-28 03:30:07,198 Validation Accuracy: 84.26
INFO 2021-01-28 03:30:14,234 Test Accuracy: 84.41
INFO 2021-01-28 03:30:14,235 starting epoch 8
INFO 2021-01-28 03:31:02,357 train correct: 84.33333333333333
INFO 2021-01-28 03:31:02,359 train loss: 0.6973385214805603
INFO 2021-01-28 03:31:06,088 Validation Accuracy: 84.94
INFO 2021-01-28 03:31:13,127 Test Accuracy: 85.72
INFO 2021-01-28 03:31:13,128 starting epoch 9
INFO 2021-01-28 03:32:02,491 train correct: 85.44222222222223
INFO 2021-01-28 03:32:02,493 train loss: 0.6727164387702942
INFO 2021-01-28 03:32:06,095 Validation Accuracy: 85.82
INFO 2021-01-28 03:32:12,982 Test Accuracy: 85.83
INFO 2021-01-28 03:32:12,983 starting epoch 10
INFO 2021-01-28 03:33:01,691 train correct: 86.23777777777778
INFO 2021-01-28 03:33:01,693 train loss: 0.6527925729751587
INFO 2021-01-28 03:33:05,408 Validation Accuracy: 86.78
INFO 2021-01-28 03:33:12,224 Test Accuracy: 86.32
INFO 2021-01-28 03:33:12,224 starting epoch 11
INFO 2021-01-28 03:34:01,035 train correct: 87.11555555555556
INFO 2021-01-28 03:34:01,045 train loss: 0.6370638608932495
INFO 2021-01-28 03:34:04,759 Validation Accuracy: 86.9
INFO 2021-01-28 03:34:11,731 Test Accuracy: 87.18
INFO 2021-01-28 03:34:11,731 starting epoch 12
INFO 2021-01-28 03:35:00,175 train correct: 87.70666666666666
INFO 2021-01-28 03:35:00,178 train loss: 0.624779999256134
INFO 2021-01-28 03:35:03,821 Validation Accuracy: 85.96
INFO 2021-01-28 03:35:10,640 Test Accuracy: 85.78
INFO 2021-01-28 03:35:10,640 starting epoch 13
INFO 2021-01-28 03:35:59,173 train correct: 88.42888888888889
INFO 2021-01-28 03:35:59,189 train loss: 0.6082590818405151
INFO 2021-01-28 03:36:02,965 Validation Accuracy: 87.6
INFO 2021-01-28 03:36:09,970 Test Accuracy: 87.37
INFO 2021-01-28 03:36:09,970 starting epoch 14
INFO 2021-01-28 03:36:58,350 train correct: 88.75555555555556
INFO 2021-01-28 03:36:58,353 train loss: 0.5973188877105713
INFO 2021-01-28 03:37:02,066 Validation Accuracy: 87.66
INFO 2021-01-28 03:37:08,961 Test Accuracy: 87.43
INFO 2021-01-28 03:37:08,962 starting epoch 15
INFO 2021-01-28 03:37:57,006 train correct: 89.18666666666667
INFO 2021-01-28 03:37:57,020 train loss: 0.5882886052131653
INFO 2021-01-28 03:38:00,670 Validation Accuracy: 87.7
INFO 2021-01-28 03:38:07,500 Test Accuracy: 87.76
INFO 2021-01-28 03:38:07,501 starting epoch 16
INFO 2021-01-28 03:38:55,885 train correct: 89.64666666666666
INFO 2021-01-28 03:38:55,889 train loss: 0.5793548226356506
INFO 2021-01-28 03:38:59,505 Validation Accuracy: 87.9
INFO 2021-01-28 03:39:06,401 Test Accuracy: 87.8
INFO 2021-01-28 03:39:06,402 starting epoch 17
INFO 2021-01-28 03:39:54,308 train correct: 90.05111111111111
INFO 2021-01-28 03:39:54,323 train loss: 0.5706949234008789
INFO 2021-01-28 03:39:58,103 Validation Accuracy: 87.84
INFO 2021-01-28 03:40:05,014 Test Accuracy: 87.84
INFO 2021-01-28 03:40:05,014 starting epoch 18
INFO 2021-01-28 03:40:53,193 train correct: 90.73555555555555
INFO 2021-01-28 03:40:53,196 train loss: 0.5571237206459045
INFO 2021-01-28 03:40:56,816 Validation Accuracy: 87.88
INFO 2021-01-28 03:41:04,126 Test Accuracy: 87.46
INFO 2021-01-28 03:41:04,126 starting epoch 19
INFO 2021-01-28 03:41:52,087 train correct: 90.83777777777777
INFO 2021-01-28 03:41:52,102 train loss: 0.5565302968025208
INFO 2021-01-28 03:41:55,861 Validation Accuracy: 88.02
INFO 2021-01-28 03:42:02,725 Test Accuracy: 87.94
INFO 2021-01-28 03:42:02,726 starting epoch 20
INFO 2021-01-28 03:42:51,283 train correct: 90.98
INFO 2021-01-28 03:42:51,286 train loss: 0.5513163208961487
INFO 2021-01-28 03:42:54,930 Validation Accuracy: 88.72
INFO 2021-01-28 03:43:01,662 Test Accuracy: 88.59
INFO 2021-01-28 03:43:01,663 starting epoch 21
INFO 2021-01-28 03:43:49,680 train correct: 91.19333333333333
INFO 2021-01-28 03:43:49,695 train loss: 0.5450213551521301
INFO 2021-01-28 03:43:53,256 Validation Accuracy: 88.92
INFO 2021-01-28 03:44:00,212 Test Accuracy: 88.63
INFO 2021-01-28 03:44:00,212 starting epoch 22
INFO 2021-01-28 03:44:48,299 train correct: 91.44888888888889
INFO 2021-01-28 03:44:48,304 train loss: 0.5421141386032104
INFO 2021-01-28 03:44:52,012 Validation Accuracy: 89.06
INFO 2021-01-28 03:44:58,820 Test Accuracy: 88.8
INFO 2021-01-28 03:44:58,821 starting epoch 23
INFO 2021-01-28 03:45:47,095 train correct: 91.75777777777778
INFO 2021-01-28 03:45:47,109 train loss: 0.53268963098526
INFO 2021-01-28 03:45:50,639 Validation Accuracy: 88.98
INFO 2021-01-28 03:45:57,384 Test Accuracy: 88.77
INFO 2021-01-28 03:45:57,384 starting epoch 24
INFO 2021-01-28 03:46:45,983 train correct: 91.97555555555556
INFO 2021-01-28 03:46:45,992 train loss: 0.527650773525238
INFO 2021-01-28 03:46:50,016 Validation Accuracy: 89.16
INFO 2021-01-28 03:46:57,155 Test Accuracy: 88.93
INFO 2021-01-28 03:46:57,155 starting epoch 25
INFO 2021-01-28 03:47:46,206 train correct: 91.96444444444444
INFO 2021-01-28 03:47:46,222 train loss: 0.5299820899963379
INFO 2021-01-28 03:47:49,964 Validation Accuracy: 88.28
INFO 2021-01-28 03:47:56,996 Test Accuracy: 88.47
INFO 2021-01-28 03:47:56,997 starting epoch 26
INFO 2021-01-28 03:48:46,287 train correct: 92.2911111111111
INFO 2021-01-28 03:48:46,293 train loss: 0.5229842662811279
INFO 2021-01-28 03:48:50,100 Validation Accuracy: 88.92
INFO 2021-01-28 03:48:57,437 Test Accuracy: 88.63
INFO 2021-01-28 03:48:57,437 starting epoch 27
INFO 2021-01-28 03:49:47,067 train correct: 92.50888888888889
INFO 2021-01-28 03:49:47,083 train loss: 0.5193259119987488
INFO 2021-01-28 03:49:50,820 Validation Accuracy: 89.18
INFO 2021-01-28 03:49:57,832 Test Accuracy: 88.28
INFO 2021-01-28 03:49:57,833 starting epoch 28
INFO 2021-01-28 03:50:47,495 train correct: 92.60888888888888
INFO 2021-01-28 03:50:47,500 train loss: 0.517250657081604
INFO 2021-01-28 03:50:51,204 Validation Accuracy: 88.8
INFO 2021-01-28 03:50:58,343 Test Accuracy: 88.51
INFO 2021-01-28 03:50:58,344 starting epoch 29
INFO 2021-01-28 03:51:47,736 train correct: 92.68888888888888
INFO 2021-01-28 03:51:47,753 train loss: 0.5140279531478882
INFO 2021-01-28 03:51:51,725 Validation Accuracy: 88.76
INFO 2021-01-28 03:51:58,940 Test Accuracy: 88.93
INFO 2021-01-28 03:51:58,941 starting epoch 30
INFO 2021-01-28 03:52:49,150 train correct: 92.81777777777778
INFO 2021-01-28 03:52:49,156 train loss: 0.5121503472328186
INFO 2021-01-28 03:52:52,961 Validation Accuracy: 88.7
INFO 2021-01-28 03:53:00,027 Test Accuracy: 88.41
INFO 2021-01-28 03:53:00,028 starting epoch 31
INFO 2021-01-28 03:53:49,598 train correct: 92.79333333333334
INFO 2021-01-28 03:53:49,615 train loss: 0.5101603865623474
INFO 2021-01-28 03:53:53,413 Validation Accuracy: 88.8
INFO 2021-01-28 03:54:00,553 Test Accuracy: 88.4
INFO 2021-01-28 03:54:00,554 starting epoch 32
INFO 2021-01-28 03:54:50,587 train correct: 93.04222222222222
INFO 2021-01-28 03:54:50,593 train loss: 0.508344292640686
INFO 2021-01-28 03:54:54,411 Validation Accuracy: 89.18
INFO 2021-01-28 03:55:01,657 Test Accuracy: 89.13
INFO 2021-01-28 03:55:01,658 starting epoch 33
INFO 2021-01-28 03:55:51,126 train correct: 93.22888888888889
INFO 2021-01-28 03:55:51,144 train loss: 0.5041467547416687
INFO 2021-01-28 03:55:54,881 Validation Accuracy: 89.18
INFO 2021-01-28 03:56:01,921 Test Accuracy: 88.59
INFO 2021-01-28 03:56:01,921 starting epoch 34
INFO 2021-01-28 03:56:52,283 train correct: 93.24444444444444
INFO 2021-01-28 03:56:52,289 train loss: 0.503608763217926
INFO 2021-01-28 03:56:56,127 Validation Accuracy: 89.24
INFO 2021-01-28 03:57:03,315 Test Accuracy: 88.68
INFO 2021-01-28 03:57:03,316 starting epoch 35
INFO 2021-01-28 03:57:53,412 train correct: 93.4
INFO 2021-01-28 03:57:53,437 train loss: 0.4978711009025574
INFO 2021-01-28 03:57:57,281 Validation Accuracy: 89.28
INFO 2021-01-28 03:58:04,425 Test Accuracy: 89.2
INFO 2021-01-28 03:58:04,425 starting epoch 36
INFO 2021-01-28 03:58:54,797 train correct: 93.49555555555555
INFO 2021-01-28 03:58:54,803 train loss: 0.49749740958213806
INFO 2021-01-28 03:58:58,586 Validation Accuracy: 90.16
INFO 2021-01-28 03:59:05,762 Test Accuracy: 89.65
INFO 2021-01-28 03:59:05,763 starting epoch 37
INFO 2021-01-28 03:59:55,527 train correct: 93.53777777777778
INFO 2021-01-28 03:59:55,545 train loss: 0.4964551329612732
INFO 2021-01-28 03:59:59,499 Validation Accuracy: 89.14
INFO 2021-01-28 04:00:06,730 Test Accuracy: 89.59
INFO 2021-01-28 04:00:06,731 starting epoch 38
INFO 2021-01-28 04:00:56,765 train correct: 93.53555555555556
INFO 2021-01-28 04:00:56,770 train loss: 0.49432173371315
INFO 2021-01-28 04:01:00,510 Validation Accuracy: 89.04
INFO 2021-01-28 04:01:07,631 Test Accuracy: 88.94
INFO 2021-01-28 04:01:07,632 starting epoch 39
INFO 2021-01-28 04:01:57,632 train correct: 93.49111111111111
INFO 2021-01-28 04:01:57,648 train loss: 0.4972775876522064
INFO 2021-01-28 04:02:01,393 Validation Accuracy: 89.28
INFO 2021-01-28 04:02:08,446 Test Accuracy: 88.62
INFO 2021-01-28 04:02:08,447 starting epoch 40
INFO 2021-01-28 04:02:57,545 train correct: 93.53777777777778
INFO 2021-01-28 04:02:57,550 train loss: 0.4967555105686188
INFO 2021-01-28 04:03:01,359 Validation Accuracy: 90.06
INFO 2021-01-28 04:03:08,537 Test Accuracy: 89.83
INFO 2021-01-28 04:03:08,538 starting epoch 41
INFO 2021-01-28 04:03:59,063 train correct: 93.70222222222222
INFO 2021-01-28 04:03:59,087 train loss: 0.4909311830997467
INFO 2021-01-28 04:04:02,959 Validation Accuracy: 88.96
INFO 2021-01-28 04:04:09,971 Test Accuracy: 88.83
INFO 2021-01-28 04:04:09,972 starting epoch 42
INFO 2021-01-28 04:04:59,386 train correct: 93.85333333333334
INFO 2021-01-28 04:04:59,394 train loss: 0.49125099182128906
INFO 2021-01-28 04:05:03,209 Validation Accuracy: 89.24
INFO 2021-01-28 04:05:10,117 Test Accuracy: 89.51
INFO 2021-01-28 04:05:10,117 starting epoch 43
INFO 2021-01-28 04:05:59,810 train correct: 93.72888888888889
INFO 2021-01-28 04:05:59,831 train loss: 0.49234476685523987
INFO 2021-01-28 04:06:03,990 Validation Accuracy: 89.68
INFO 2021-01-28 04:06:11,157 Test Accuracy: 89.25
INFO 2021-01-28 04:06:11,157 starting epoch 44
INFO 2021-01-28 04:07:00,950 train correct: 93.85333333333334
INFO 2021-01-28 04:07:00,959 train loss: 0.48908087611198425
INFO 2021-01-28 04:07:04,701 Validation Accuracy: 88.92
INFO 2021-01-28 04:07:11,824 Test Accuracy: 89.12
INFO 2021-01-28 04:07:11,825 starting epoch 45
INFO 2021-01-28 04:08:01,851 train correct: 93.91555555555556
INFO 2021-01-28 04:08:01,873 train loss: 0.48501864075660706
INFO 2021-01-28 04:08:05,721 Validation Accuracy: 88.94
INFO 2021-01-28 04:08:12,973 Test Accuracy: 89.49
INFO 2021-01-28 04:08:12,974 starting epoch 46
INFO 2021-01-28 04:09:02,468 train correct: 94.08
INFO 2021-01-28 04:09:02,476 train loss: 0.48369717597961426
INFO 2021-01-28 04:09:06,407 Validation Accuracy: 90.14
INFO 2021-01-28 04:09:13,473 Test Accuracy: 89.93
INFO 2021-01-28 04:09:13,473 starting epoch 47
INFO 2021-01-28 04:10:04,239 train correct: 94.02
INFO 2021-01-28 04:10:04,242 train loss: 0.4842725098133087
INFO 2021-01-28 04:10:07,940 Validation Accuracy: 90.26
INFO 2021-01-28 04:10:15,067 Test Accuracy: 90.15
INFO 2021-01-28 04:10:15,067 starting epoch 48
INFO 2021-01-28 04:11:04,496 train correct: 94.18
INFO 2021-01-28 04:11:04,502 train loss: 0.4833122789859772
INFO 2021-01-28 04:11:08,283 Validation Accuracy: 89.74
INFO 2021-01-28 04:11:15,539 Test Accuracy: 89.43
INFO 2021-01-28 04:11:15,540 starting epoch 49
INFO 2021-01-28 04:12:05,399 train correct: 94.06888888888889
INFO 2021-01-28 04:12:05,400 train loss: 0.48527026176452637
INFO 2021-01-28 04:12:09,299 Validation Accuracy: 89.86
INFO 2021-01-28 04:12:16,348 Test Accuracy: 89.78
INFO 2021-01-28 04:12:16,349 starting epoch 50
INFO 2021-01-28 04:13:06,780 train correct: 94.36888888888889
INFO 2021-01-28 04:13:06,780 train loss: 0.47799167037010193
INFO 2021-01-28 04:13:10,505 Validation Accuracy: 89.36
INFO 2021-01-28 04:13:17,567 Test Accuracy: 89.41
INFO 2021-01-28 04:13:17,567 starting epoch 51
INFO 2021-01-28 04:14:06,561 train correct: 94.27333333333333
INFO 2021-01-28 04:14:06,562 train loss: 0.48001334071159363
INFO 2021-01-28 04:14:10,352 Validation Accuracy: 90.2
INFO 2021-01-28 04:14:17,656 Test Accuracy: 89.48
INFO 2021-01-28 04:14:17,657 starting epoch 52
INFO 2021-01-28 04:15:07,828 train correct: 94.13777777777777
INFO 2021-01-28 04:15:07,835 train loss: 0.48339590430259705
INFO 2021-01-28 04:15:11,607 Validation Accuracy: 89.84
INFO 2021-01-28 04:15:18,679 Test Accuracy: 89.75
INFO 2021-01-28 04:15:18,680 starting epoch 53
INFO 2021-01-28 04:16:08,324 train correct: 94.47333333333333
INFO 2021-01-28 04:16:08,325 train loss: 0.4759170711040497
INFO 2021-01-28 04:16:12,046 Validation Accuracy: 90.46
INFO 2021-01-28 04:16:19,220 Test Accuracy: 89.77
INFO 2021-01-28 04:16:19,220 starting epoch 54
INFO 2021-01-28 04:17:09,109 train correct: 94.09333333333333
INFO 2021-01-28 04:17:09,111 train loss: 0.48270776867866516
INFO 2021-01-28 04:17:12,992 Validation Accuracy: 90.14
INFO 2021-01-28 04:17:20,221 Test Accuracy: 89.82
INFO 2021-01-28 04:17:20,222 starting epoch 55
INFO 2021-01-28 04:18:09,752 train correct: 94.45111111111112
INFO 2021-01-28 04:18:09,753 train loss: 0.4774846136569977
INFO 2021-01-28 04:18:13,602 Validation Accuracy: 89.16
INFO 2021-01-28 04:18:21,298 Test Accuracy: 88.99
INFO 2021-01-28 04:18:21,299 starting epoch 56
INFO 2021-01-28 04:19:11,463 train correct: 94.45777777777778
INFO 2021-01-28 04:19:11,480 train loss: 0.4750123620033264
INFO 2021-01-28 04:19:15,386 Validation Accuracy: 89.32
INFO 2021-01-28 04:19:22,461 Test Accuracy: 89.11
INFO 2021-01-28 04:19:22,461 starting epoch 57
INFO 2021-01-28 04:20:12,319 train correct: 94.34444444444445
INFO 2021-01-28 04:20:12,320 train loss: 0.47781556844711304
INFO 2021-01-28 04:20:16,130 Validation Accuracy: 89.08
INFO 2021-01-28 04:20:23,206 Test Accuracy: 89.43
INFO 2021-01-28 04:20:23,206 starting epoch 58
INFO 2021-01-28 04:21:13,501 train correct: 94.53333333333333
INFO 2021-01-28 04:21:13,510 train loss: 0.47407200932502747
INFO 2021-01-28 04:21:17,390 Validation Accuracy: 90.46
INFO 2021-01-28 04:21:24,533 Test Accuracy: 90.11
INFO 2021-01-28 04:21:24,534 starting epoch 59
INFO 2021-01-28 04:22:14,193 train correct: 94.49777777777778
INFO 2021-01-28 04:22:14,194 train loss: 0.47653478384017944
INFO 2021-01-28 04:22:18,000 Validation Accuracy: 89.44
INFO 2021-01-28 04:22:25,233 Test Accuracy: 88.99
INFO 2021-01-28 04:22:25,233 starting epoch 60
INFO 2021-01-28 04:23:15,793 train correct: 94.69111111111111
INFO 2021-01-28 04:23:15,813 train loss: 0.4719371795654297
INFO 2021-01-28 04:23:19,655 Validation Accuracy: 89.84
INFO 2021-01-28 04:23:26,677 Test Accuracy: 89.97
INFO 2021-01-28 04:23:26,678 starting epoch 61
INFO 2021-01-28 04:24:16,934 train correct: 94.33777777777777
INFO 2021-01-28 04:24:16,936 train loss: 0.4780966341495514
INFO 2021-01-28 04:24:20,666 Validation Accuracy: 90.44
INFO 2021-01-28 04:24:27,950 Test Accuracy: 89.73
INFO 2021-01-28 04:24:27,950 starting epoch 62
INFO 2021-01-28 04:25:17,454 train correct: 94.66888888888889
INFO 2021-01-28 04:25:17,472 train loss: 0.47253739833831787
INFO 2021-01-28 04:25:21,295 Validation Accuracy: 90.36
INFO 2021-01-28 04:25:28,433 Test Accuracy: 89.43
INFO 2021-01-28 04:25:28,434 starting epoch 63
INFO 2021-01-28 04:26:18,328 train correct: 94.62666666666667
INFO 2021-01-28 04:26:18,331 train loss: 0.4725266098976135
INFO 2021-01-28 04:26:22,270 Validation Accuracy: 90.0
INFO 2021-01-28 04:26:29,332 Test Accuracy: 89.81
INFO 2021-01-28 04:26:29,332 starting epoch 64
INFO 2021-01-28 04:27:19,869 train correct: 94.60444444444444
INFO 2021-01-28 04:27:19,885 train loss: 0.4737919270992279
INFO 2021-01-28 04:27:23,616 Validation Accuracy: 89.28
INFO 2021-01-28 04:27:30,800 Test Accuracy: 89.03
INFO 2021-01-28 04:27:30,801 starting epoch 65
INFO 2021-01-28 04:28:20,953 train correct: 94.58
INFO 2021-01-28 04:28:20,954 train loss: 0.4709954261779785
INFO 2021-01-28 04:28:24,876 Validation Accuracy: 89.76
INFO 2021-01-28 04:28:32,203 Test Accuracy: 89.58
INFO 2021-01-28 04:28:32,204 starting epoch 66
INFO 2021-01-28 04:29:21,952 train correct: 94.70666666666666
INFO 2021-01-28 04:29:21,969 train loss: 0.4701119661331177
INFO 2021-01-28 04:29:25,695 Validation Accuracy: 89.54
INFO 2021-01-28 04:29:33,182 Test Accuracy: 89.7
INFO 2021-01-28 04:29:33,183 starting epoch 67
INFO 2021-01-28 04:30:23,086 train correct: 94.76444444444445
INFO 2021-01-28 04:30:23,087 train loss: 0.4694371521472931
INFO 2021-01-28 04:30:26,853 Validation Accuracy: 90.2
INFO 2021-01-28 04:30:34,005 Test Accuracy: 89.92
INFO 2021-01-28 04:30:34,005 starting epoch 68
INFO 2021-01-28 04:31:23,619 train correct: 94.74888888888889
INFO 2021-01-28 04:31:23,643 train loss: 0.46660178899765015
INFO 2021-01-28 04:31:27,534 Validation Accuracy: 89.08
INFO 2021-01-28 04:31:34,593 Test Accuracy: 88.67
INFO 2021-01-28 04:31:34,594 starting epoch 69
INFO 2021-01-28 04:32:25,217 train correct: 94.82888888888888
INFO 2021-01-28 04:32:25,219 train loss: 0.4686051607131958
INFO 2021-01-28 04:32:28,966 Validation Accuracy: 90.1
INFO 2021-01-28 04:32:36,029 Test Accuracy: 89.41
INFO 2021-01-28 04:32:36,030 starting epoch 70
INFO 2021-01-28 04:33:25,895 train correct: 94.94
INFO 2021-01-28 04:33:25,907 train loss: 0.4679623544216156
INFO 2021-01-28 04:33:29,618 Validation Accuracy: 90.34
INFO 2021-01-28 04:33:36,920 Test Accuracy: 89.6
INFO 2021-01-28 04:33:36,920 starting epoch 71
INFO 2021-01-28 04:34:27,087 train correct: 94.82888888888888
INFO 2021-01-28 04:34:27,088 train loss: 0.4661960005760193
INFO 2021-01-28 04:34:31,026 Validation Accuracy: 90.3
INFO 2021-01-28 04:34:38,082 Test Accuracy: 89.76
INFO 2021-01-28 04:34:38,083 starting epoch 72
INFO 2021-01-28 04:35:29,338 train correct: 94.76444444444445
INFO 2021-01-28 04:35:29,344 train loss: 0.4693145751953125
INFO 2021-01-28 04:35:33,374 Validation Accuracy: 89.68
INFO 2021-01-28 04:35:40,766 Test Accuracy: 89.25
INFO 2021-01-28 04:35:40,766 starting epoch 73
INFO 2021-01-28 04:36:31,028 train correct: 94.82888888888888
INFO 2021-01-28 04:36:31,033 train loss: 0.4681018590927124
INFO 2021-01-28 04:36:34,858 Validation Accuracy: 90.02
INFO 2021-01-28 04:36:41,930 Test Accuracy: 89.76
INFO 2021-01-28 04:36:41,931 starting epoch 74
INFO 2021-01-28 04:37:31,559 train correct: 94.84
INFO 2021-01-28 04:37:31,567 train loss: 0.4664683938026428
INFO 2021-01-28 04:37:35,313 Validation Accuracy: 89.74
INFO 2021-01-28 04:37:42,294 Test Accuracy: 89.15
INFO 2021-01-28 04:37:42,295 starting epoch 75
INFO 2021-01-28 04:38:32,901 train correct: 94.84666666666666
INFO 2021-01-28 04:38:32,902 train loss: 0.46767210960388184
INFO 2021-01-28 04:38:36,804 Validation Accuracy: 90.2
INFO 2021-01-28 04:38:43,942 Test Accuracy: 90.25
INFO 2021-01-28 04:38:43,942 starting epoch 76
INFO 2021-01-28 04:39:34,090 train correct: 94.96888888888888
INFO 2021-01-28 04:39:34,098 train loss: 0.46346354484558105
INFO 2021-01-28 04:39:37,947 Validation Accuracy: 89.74
INFO 2021-01-28 04:39:45,245 Test Accuracy: 89.16
INFO 2021-01-28 04:39:45,246 starting epoch 77
INFO 2021-01-28 04:40:34,615 train correct: 94.95111111111112
INFO 2021-01-28 04:40:34,630 train loss: 0.4662488102912903
INFO 2021-01-28 04:40:38,617 Validation Accuracy: 89.3
INFO 2021-01-28 04:40:45,668 Test Accuracy: 89.61
INFO 2021-01-28 04:40:45,669 starting epoch 78
INFO 2021-01-28 04:41:36,450 train correct: 94.79333333333334
INFO 2021-01-28 04:41:36,466 train loss: 0.46786245703697205
INFO 2021-01-28 04:41:40,180 Validation Accuracy: 90.42
INFO 2021-01-28 04:41:47,244 Test Accuracy: 89.89
INFO 2021-01-28 04:41:47,244 starting epoch 79
INFO 2021-01-28 04:42:36,969 train correct: 95.02666666666667
INFO 2021-01-28 04:42:36,983 train loss: 0.46150916814804077
INFO 2021-01-28 04:42:40,820 Validation Accuracy: 88.58
INFO 2021-01-28 04:42:48,000 Test Accuracy: 88.74
INFO 2021-01-28 04:42:48,003 starting epoch 80
INFO 2021-01-28 04:43:37,825 train correct: 95.00222222222222
INFO 2021-01-28 04:43:37,826 train loss: 0.46373996138572693
INFO 2021-01-28 04:43:41,722 Validation Accuracy: 90.42
INFO 2021-01-28 04:43:48,755 Test Accuracy: 90.17
INFO 2021-01-28 04:43:48,756 starting epoch 81
INFO 2021-01-28 04:44:38,720 train correct: 95.2688888888889
INFO 2021-01-28 04:44:38,733 train loss: 0.45835673809051514
INFO 2021-01-28 04:44:42,533 Validation Accuracy: 89.9
INFO 2021-01-28 04:44:49,729 Test Accuracy: 89.67
INFO 2021-01-28 04:44:49,729 starting epoch 82
INFO 2021-01-28 04:45:39,740 train correct: 95.05333333333333
INFO 2021-01-28 04:45:39,755 train loss: 0.46264564990997314
INFO 2021-01-28 04:45:43,669 Validation Accuracy: 89.94
INFO 2021-01-28 04:45:50,896 Test Accuracy: 89.5
INFO 2021-01-28 04:45:50,897 starting epoch 83
INFO 2021-01-28 04:46:40,484 train correct: 95.25111111111111
INFO 2021-01-28 04:46:40,512 train loss: 0.46096882224082947
INFO 2021-01-28 04:46:44,868 Validation Accuracy: 90.12
INFO 2021-01-28 04:46:51,943 Test Accuracy: 89.67
INFO 2021-01-28 04:46:51,944 starting epoch 84
INFO 2021-01-28 04:47:41,588 train correct: 94.91777777777777
INFO 2021-01-28 04:47:41,597 train loss: 0.4623969495296478
INFO 2021-01-28 04:47:45,328 Validation Accuracy: 90.54
INFO 2021-01-28 04:47:52,308 Test Accuracy: 89.76
INFO 2021-01-28 04:47:52,309 starting epoch 85
INFO 2021-01-28 04:48:42,017 train correct: 95.18222222222222
INFO 2021-01-28 04:48:42,035 train loss: 0.4602208435535431
INFO 2021-01-28 04:48:45,881 Validation Accuracy: 90.4
INFO 2021-01-28 04:48:53,288 Test Accuracy: 89.6
INFO 2021-01-28 04:48:53,289 starting epoch 86
INFO 2021-01-28 04:49:42,988 train correct: 95.2911111111111
INFO 2021-01-28 04:49:42,998 train loss: 0.45805075764656067
INFO 2021-01-28 04:49:46,919 Validation Accuracy: 90.38
INFO 2021-01-28 04:49:54,019 Test Accuracy: 89.69
INFO 2021-01-28 04:49:54,020 starting epoch 87
INFO 2021-01-28 04:50:44,567 train correct: 95.19111111111111
INFO 2021-01-28 04:50:44,589 train loss: 0.45967406034469604
INFO 2021-01-28 04:50:48,439 Validation Accuracy: 90.1
INFO 2021-01-28 04:50:55,477 Test Accuracy: 89.94
INFO 2021-01-28 04:50:55,478 starting epoch 88
INFO 2021-01-28 04:51:45,117 train correct: 95.11333333333333
INFO 2021-01-28 04:51:45,121 train loss: 0.4609748125076294
INFO 2021-01-28 04:51:48,872 Validation Accuracy: 89.82
INFO 2021-01-28 04:51:55,970 Test Accuracy: 89.47
INFO 2021-01-28 04:51:55,971 starting epoch 89
INFO 2021-01-28 04:52:46,183 train correct: 95.2088888888889
INFO 2021-01-28 04:52:46,204 train loss: 0.4571631848812103
INFO 2021-01-28 04:52:50,069 Validation Accuracy: 90.08
INFO 2021-01-28 04:52:57,307 Test Accuracy: 89.39
INFO 2021-01-28 04:52:57,308 starting epoch 90
INFO 2021-01-28 04:53:47,041 train correct: 95.27777777777777
INFO 2021-01-28 04:53:47,059 train loss: 0.45770367980003357
INFO 2021-01-28 04:53:50,764 Validation Accuracy: 89.78
INFO 2021-01-28 04:53:58,408 Test Accuracy: 89.12
INFO 2021-01-28 04:53:58,409 starting epoch 91
INFO 2021-01-28 04:54:48,307 train correct: 95.30888888888889
INFO 2021-01-28 04:54:48,326 train loss: 0.4568744897842407
INFO 2021-01-28 04:54:52,195 Validation Accuracy: 90.86
INFO 2021-01-28 04:54:59,322 Test Accuracy: 90.09
INFO 2021-01-28 04:54:59,322 starting epoch 92
INFO 2021-01-28 04:55:49,573 train correct: 95.36222222222223
INFO 2021-01-28 04:55:49,591 train loss: 0.455971360206604
INFO 2021-01-28 04:55:53,434 Validation Accuracy: 90.04
INFO 2021-01-28 04:56:00,526 Test Accuracy: 89.61
INFO 2021-01-28 04:56:00,526 starting epoch 93
INFO 2021-01-28 04:56:50,003 train correct: 95.30666666666667
INFO 2021-01-28 04:56:50,005 train loss: 0.4573005735874176
INFO 2021-01-28 04:56:53,851 Validation Accuracy: 89.42
INFO 2021-01-28 04:57:01,621 Test Accuracy: 89.18
INFO 2021-01-28 04:57:01,622 starting epoch 94
INFO 2021-01-28 04:57:51,331 train correct: 95.56666666666666
INFO 2021-01-28 04:57:51,347 train loss: 0.4505594074726105
INFO 2021-01-28 04:57:55,194 Validation Accuracy: 89.98
INFO 2021-01-28 04:58:02,309 Test Accuracy: 89.71
INFO 2021-01-28 04:58:02,309 starting epoch 95
INFO 2021-01-28 04:58:52,590 train correct: 95.36666666666666
INFO 2021-01-28 04:58:52,595 train loss: 0.4559958875179291
INFO 2021-01-28 04:58:56,391 Validation Accuracy: 89.96
INFO 2021-01-28 04:59:03,444 Test Accuracy: 89.76
INFO 2021-01-28 04:59:03,445 starting epoch 96
INFO 2021-01-28 04:59:53,003 train correct: 95.35555555555555
INFO 2021-01-28 04:59:53,019 train loss: 0.45697376132011414
INFO 2021-01-28 04:59:57,221 Validation Accuracy: 90.46
INFO 2021-01-28 05:00:04,441 Test Accuracy: 90.07
INFO 2021-01-28 05:00:04,442 starting epoch 97
INFO 2021-01-28 05:00:54,084 train correct: 95.40444444444445
INFO 2021-01-28 05:00:54,100 train loss: 0.45335230231285095
INFO 2021-01-28 05:00:57,804 Validation Accuracy: 89.92
INFO 2021-01-28 05:01:04,893 Test Accuracy: 89.51
INFO 2021-01-28 05:01:04,893 starting epoch 98
INFO 2021-01-28 05:01:55,051 train correct: 95.35555555555555
INFO 2021-01-28 05:01:55,068 train loss: 0.45407670736312866
INFO 2021-01-28 05:01:58,856 Validation Accuracy: 89.44
INFO 2021-01-28 05:02:05,972 Test Accuracy: 88.99
INFO 2021-01-28 05:02:05,973 starting epoch 99
INFO 2021-01-28 05:02:55,620 train correct: 95.33555555555556
INFO 2021-01-28 05:02:55,635 train loss: 0.45554816722869873
INFO 2021-01-28 05:02:59,429 Validation Accuracy: 89.8
INFO 2021-01-28 05:03:06,736 Test Accuracy: 90.19
INFO 2021-01-28 05:03:06,737 starting epoch 100
INFO 2021-01-28 05:03:56,148 train correct: 95.37555555555555
INFO 2021-01-28 05:03:56,163 train loss: 0.4536725878715515
INFO 2021-01-28 05:04:00,296 Validation Accuracy: 89.88
INFO 2021-01-28 05:04:07,559 Test Accuracy: 90.18
INFO 2021-01-28 05:04:07,560 starting epoch 101
INFO 2021-01-28 05:04:57,843 train correct: 95.59333333333333
INFO 2021-01-28 05:04:57,858 train loss: 0.4509787857532501
INFO 2021-01-28 05:05:01,582 Validation Accuracy: 89.5
INFO 2021-01-28 05:05:08,744 Test Accuracy: 89.26
INFO 2021-01-28 05:05:08,744 starting epoch 102
INFO 2021-01-28 05:05:58,293 train correct: 95.61555555555556
INFO 2021-01-28 05:05:58,316 train loss: 0.4494245946407318
INFO 2021-01-28 05:06:02,201 Validation Accuracy: 90.7
INFO 2021-01-28 05:06:09,404 Test Accuracy: 89.95
INFO 2021-01-28 05:06:09,404 starting epoch 103
INFO 2021-01-28 05:06:59,155 train correct: 95.74
INFO 2021-01-28 05:06:59,169 train loss: 0.447912335395813
INFO 2021-01-28 05:07:03,013 Validation Accuracy: 89.16
INFO 2021-01-28 05:07:10,027 Test Accuracy: 90.1
INFO 2021-01-28 05:07:10,027 starting epoch 104
INFO 2021-01-28 05:08:00,765 train correct: 95.7
INFO 2021-01-28 05:08:00,781 train loss: 0.4485378861427307
INFO 2021-01-28 05:08:04,475 Validation Accuracy: 90.72
INFO 2021-01-28 05:08:11,697 Test Accuracy: 89.98
INFO 2021-01-28 05:08:11,697 starting epoch 105
INFO 2021-01-28 05:09:01,555 train correct: 95.78222222222222
INFO 2021-01-28 05:09:01,556 train loss: 0.44610893726348877
INFO 2021-01-28 05:09:05,327 Validation Accuracy: 90.54
INFO 2021-01-28 05:09:12,578 Test Accuracy: 90.58
INFO 2021-01-28 05:09:12,579 starting epoch 106
INFO 2021-01-28 05:10:02,400 train correct: 95.5911111111111
INFO 2021-01-28 05:10:02,402 train loss: 0.44897159934043884
INFO 2021-01-28 05:10:06,196 Validation Accuracy: 89.96
INFO 2021-01-28 05:10:13,836 Test Accuracy: 89.82
INFO 2021-01-28 05:10:13,837 starting epoch 107
INFO 2021-01-28 05:11:03,893 train correct: 95.68
INFO 2021-01-28 05:11:03,904 train loss: 0.4465796947479248
INFO 2021-01-28 05:11:07,715 Validation Accuracy: 90.42
INFO 2021-01-28 05:11:14,951 Test Accuracy: 89.87
INFO 2021-01-28 05:11:14,952 starting epoch 108
INFO 2021-01-28 05:12:04,661 train correct: 95.66
INFO 2021-01-28 05:12:04,664 train loss: 0.4493163526058197
INFO 2021-01-28 05:12:08,512 Validation Accuracy: 89.56
INFO 2021-01-28 05:12:15,694 Test Accuracy: 89.77
INFO 2021-01-28 05:12:15,694 starting epoch 109
INFO 2021-01-28 05:13:05,650 train correct: 95.72
INFO 2021-01-28 05:13:05,665 train loss: 0.44764575362205505
INFO 2021-01-28 05:13:09,414 Validation Accuracy: 90.94
INFO 2021-01-28 05:13:16,561 Test Accuracy: 90.3
INFO 2021-01-28 05:13:16,562 starting epoch 110
INFO 2021-01-28 05:14:07,427 train correct: 95.78444444444445
INFO 2021-01-28 05:14:07,429 train loss: 0.4449942111968994
INFO 2021-01-28 05:14:11,057 Validation Accuracy: 90.28
INFO 2021-01-28 05:14:18,308 Test Accuracy: 89.42
INFO 2021-01-28 05:14:18,309 starting epoch 111
INFO 2021-01-28 05:15:07,919 train correct: 95.77333333333333
INFO 2021-01-28 05:15:07,930 train loss: 0.4478536546230316
INFO 2021-01-28 05:15:11,822 Validation Accuracy: 90.22
INFO 2021-01-28 05:15:19,034 Test Accuracy: 89.96
INFO 2021-01-28 05:15:19,035 starting epoch 112
INFO 2021-01-28 05:16:09,511 train correct: 95.80444444444444
INFO 2021-01-28 05:16:09,512 train loss: 0.447195827960968
INFO 2021-01-28 05:16:13,260 Validation Accuracy: 89.42
INFO 2021-01-28 05:16:20,296 Test Accuracy: 89.36
INFO 2021-01-28 05:16:20,296 starting epoch 113
INFO 2021-01-28 05:17:09,987 train correct: 96.00222222222222
INFO 2021-01-28 05:17:10,005 train loss: 0.44215941429138184
INFO 2021-01-28 05:17:13,790 Validation Accuracy: 89.98
INFO 2021-01-28 05:17:21,046 Test Accuracy: 90.16
INFO 2021-01-28 05:17:21,047 starting epoch 114
INFO 2021-01-28 05:18:11,209 train correct: 96.03333333333333
INFO 2021-01-28 05:18:11,212 train loss: 0.44064366817474365
INFO 2021-01-28 05:18:15,061 Validation Accuracy: 90.66
INFO 2021-01-28 05:18:22,239 Test Accuracy: 90.66
INFO 2021-01-28 05:18:22,239 starting epoch 115
INFO 2021-01-28 05:19:12,396 train correct: 95.99333333333334
INFO 2021-01-28 05:19:12,411 train loss: 0.44065308570861816
INFO 2021-01-28 05:19:16,168 Validation Accuracy: 90.74
INFO 2021-01-28 05:19:23,196 Test Accuracy: 90.35
INFO 2021-01-28 05:19:23,197 starting epoch 116
INFO 2021-01-28 05:20:13,328 train correct: 95.86666666666666
INFO 2021-01-28 05:20:13,329 train loss: 0.4432317614555359
INFO 2021-01-28 05:20:17,055 Validation Accuracy: 90.22
INFO 2021-01-28 05:20:24,373 Test Accuracy: 89.86
INFO 2021-01-28 05:20:24,374 starting epoch 117
INFO 2021-01-28 05:21:14,810 train correct: 95.84222222222222
INFO 2021-01-28 05:21:14,831 train loss: 0.44385573267936707
INFO 2021-01-28 05:21:18,608 Validation Accuracy: 90.8
INFO 2021-01-28 05:21:25,734 Test Accuracy: 90.49
INFO 2021-01-28 05:21:25,735 starting epoch 118
INFO 2021-01-28 05:22:15,573 train correct: 95.77111111111111
INFO 2021-01-28 05:22:15,574 train loss: 0.4441007971763611
INFO 2021-01-28 05:22:19,330 Validation Accuracy: 90.7
INFO 2021-01-28 05:22:27,099 Test Accuracy: 90.14
INFO 2021-01-28 05:22:27,100 starting epoch 119
INFO 2021-01-28 05:23:16,338 train correct: 96.05555555555556
INFO 2021-01-28 05:23:16,355 train loss: 0.4390413165092468
INFO 2021-01-28 05:23:20,636 Validation Accuracy: 90.06
INFO 2021-01-28 05:23:27,752 Test Accuracy: 89.68
INFO 2021-01-28 05:23:27,753 starting epoch 120
INFO 2021-01-28 05:24:17,188 train correct: 95.88666666666667
INFO 2021-01-28 05:24:17,191 train loss: 0.4429468810558319
INFO 2021-01-28 05:24:20,992 Validation Accuracy: 90.94
INFO 2021-01-28 05:24:28,030 Test Accuracy: 90.74
INFO 2021-01-28 05:24:28,030 starting epoch 121
INFO 2021-01-28 05:25:18,313 train correct: 95.97555555555556
INFO 2021-01-28 05:25:18,330 train loss: 0.440843403339386
INFO 2021-01-28 05:25:22,170 Validation Accuracy: 89.78
INFO 2021-01-28 05:25:29,435 Test Accuracy: 89.91
INFO 2021-01-28 05:25:29,436 starting epoch 122
INFO 2021-01-28 05:26:19,278 train correct: 96.11111111111111
INFO 2021-01-28 05:26:19,298 train loss: 0.43872329592704773
INFO 2021-01-28 05:26:23,194 Validation Accuracy: 90.84
INFO 2021-01-28 05:26:30,103 Test Accuracy: 90.46
INFO 2021-01-28 05:26:30,103 starting epoch 123
INFO 2021-01-28 05:27:20,303 train correct: 95.87555555555555
INFO 2021-01-28 05:27:20,320 train loss: 0.4407731592655182
INFO 2021-01-28 05:27:24,025 Validation Accuracy: 90.42
INFO 2021-01-28 05:27:31,079 Test Accuracy: 89.78
INFO 2021-01-28 05:27:31,079 starting epoch 124
INFO 2021-01-28 05:28:20,065 train correct: 95.93777777777778
INFO 2021-01-28 05:28:20,084 train loss: 0.4407033622264862
INFO 2021-01-28 05:28:24,016 Validation Accuracy: 89.7
INFO 2021-01-28 05:28:31,224 Test Accuracy: 89.38
INFO 2021-01-28 05:28:31,224 starting epoch 125
INFO 2021-01-28 05:29:21,324 train correct: 96.04
INFO 2021-01-28 05:29:21,339 train loss: 0.4403173625469208
INFO 2021-01-28 05:29:25,208 Validation Accuracy: 90.62
INFO 2021-01-28 05:29:32,262 Test Accuracy: 90.39
INFO 2021-01-28 05:29:32,262 starting epoch 126
INFO 2021-01-28 05:30:22,319 train correct: 96.31333333333333
INFO 2021-01-28 05:30:22,339 train loss: 0.4349086582660675
INFO 2021-01-28 05:30:26,197 Validation Accuracy: 90.5
INFO 2021-01-28 05:30:33,331 Test Accuracy: 89.99
INFO 2021-01-28 05:30:33,332 starting epoch 127
INFO 2021-01-28 05:31:23,334 train correct: 96.20222222222222
INFO 2021-01-28 05:31:23,344 train loss: 0.43701326847076416
INFO 2021-01-28 05:31:27,131 Validation Accuracy: 90.12
INFO 2021-01-28 05:31:34,359 Test Accuracy: 89.45
INFO 2021-01-28 05:31:34,360 starting epoch 128
INFO 2021-01-28 05:32:23,907 train correct: 95.98666666666666
INFO 2021-01-28 05:32:23,932 train loss: 0.4421047866344452
INFO 2021-01-28 05:32:27,638 Validation Accuracy: 90.62
INFO 2021-01-28 05:32:35,213 Test Accuracy: 90.16
INFO 2021-01-28 05:32:35,213 starting epoch 129
INFO 2021-01-28 05:33:25,063 train correct: 96.5
INFO 2021-01-28 05:33:25,080 train loss: 0.4319600760936737
INFO 2021-01-28 05:33:28,855 Validation Accuracy: 90.56
INFO 2021-01-28 05:33:36,102 Test Accuracy: 90.03
INFO 2021-01-28 05:33:36,102 starting epoch 130
INFO 2021-01-28 05:34:25,719 train correct: 96.26444444444445
INFO 2021-01-28 05:34:25,726 train loss: 0.43680596351623535
INFO 2021-01-28 05:34:29,607 Validation Accuracy: 90.84
INFO 2021-01-28 05:34:36,869 Test Accuracy: 90.48
INFO 2021-01-28 05:34:36,870 starting epoch 131
INFO 2021-01-28 05:35:27,291 train correct: 96.30666666666667
INFO 2021-01-28 05:35:27,308 train loss: 0.43649905920028687
INFO 2021-01-28 05:35:31,173 Validation Accuracy: 91.08
INFO 2021-01-28 05:35:38,253 Test Accuracy: 90.68
INFO 2021-01-28 05:35:38,253 starting epoch 132
INFO 2021-01-28 05:36:28,368 train correct: 96.32444444444444
INFO 2021-01-28 05:36:28,381 train loss: 0.435413658618927
INFO 2021-01-28 05:36:32,116 Validation Accuracy: 90.72
INFO 2021-01-28 05:36:39,229 Test Accuracy: 90.05
INFO 2021-01-28 05:36:39,230 starting epoch 133
INFO 2021-01-28 05:37:28,675 train correct: 96.14
INFO 2021-01-28 05:37:28,695 train loss: 0.4380214810371399
INFO 2021-01-28 05:37:32,517 Validation Accuracy: 90.64
INFO 2021-01-28 05:37:39,797 Test Accuracy: 90.67
INFO 2021-01-28 05:37:39,798 starting epoch 134
INFO 2021-01-28 05:38:30,376 train correct: 96.30222222222223
INFO 2021-01-28 05:38:30,384 train loss: 0.43552103638648987
INFO 2021-01-28 05:38:34,151 Validation Accuracy: 90.7
INFO 2021-01-28 05:38:41,167 Test Accuracy: 90.88
INFO 2021-01-28 05:38:41,168 starting epoch 135
INFO 2021-01-28 05:39:30,169 train correct: 96.38666666666667
INFO 2021-01-28 05:39:30,189 train loss: 0.43404683470726013
INFO 2021-01-28 05:39:33,868 Validation Accuracy: 90.62
INFO 2021-01-28 05:39:40,975 Test Accuracy: 90.32
INFO 2021-01-28 05:39:40,976 starting epoch 136
INFO 2021-01-28 05:40:30,158 train correct: 96.40444444444445
INFO 2021-01-28 05:40:30,166 train loss: 0.4334159791469574
INFO 2021-01-28 05:40:33,965 Validation Accuracy: 90.04
INFO 2021-01-28 05:40:41,374 Test Accuracy: 89.86
INFO 2021-01-28 05:40:41,374 starting epoch 137
INFO 2021-01-28 05:41:30,634 train correct: 96.42
INFO 2021-01-28 05:41:30,650 train loss: 0.4340905547142029
INFO 2021-01-28 05:41:34,833 Validation Accuracy: 90.04
INFO 2021-01-28 05:41:42,173 Test Accuracy: 90.13
INFO 2021-01-28 05:41:42,174 starting epoch 138
INFO 2021-01-28 05:42:32,229 train correct: 96.28444444444445
INFO 2021-01-28 05:42:32,232 train loss: 0.4348269999027252
INFO 2021-01-28 05:42:36,122 Validation Accuracy: 90.92
INFO 2021-01-28 05:42:43,111 Test Accuracy: 89.99
INFO 2021-01-28 05:42:43,112 starting epoch 139
INFO 2021-01-28 05:43:32,883 train correct: 96.44888888888889
INFO 2021-01-28 05:43:32,884 train loss: 0.4305960237979889
INFO 2021-01-28 05:43:36,669 Validation Accuracy: 90.74
INFO 2021-01-28 05:43:43,884 Test Accuracy: 90.23
INFO 2021-01-28 05:43:43,884 starting epoch 140
INFO 2021-01-28 05:44:34,414 train correct: 96.50444444444445
INFO 2021-01-28 05:44:34,416 train loss: 0.43352457880973816
INFO 2021-01-28 05:44:38,224 Validation Accuracy: 91.14
INFO 2021-01-28 05:44:45,351 Test Accuracy: 91.02
INFO 2021-01-28 05:44:45,352 starting epoch 141
INFO 2021-01-28 05:45:34,976 train correct: 96.48666666666666
INFO 2021-01-28 05:45:34,995 train loss: 0.43241360783576965
INFO 2021-01-28 05:45:38,692 Validation Accuracy: 90.9
INFO 2021-01-28 05:45:45,689 Test Accuracy: 89.86
INFO 2021-01-28 05:45:45,689 starting epoch 142
INFO 2021-01-28 05:46:35,714 train correct: 96.59333333333333
INFO 2021-01-28 05:46:35,716 train loss: 0.4307306706905365
INFO 2021-01-28 05:46:39,555 Validation Accuracy: 90.82
INFO 2021-01-28 05:46:46,750 Test Accuracy: 90.46
INFO 2021-01-28 05:46:46,750 starting epoch 143
INFO 2021-01-28 05:47:36,364 train correct: 96.53333333333333
INFO 2021-01-28 05:47:36,366 train loss: 0.4307951331138611
INFO 2021-01-28 05:47:40,163 Validation Accuracy: 90.42
INFO 2021-01-28 05:47:47,433 Test Accuracy: 90.47
INFO 2021-01-28 05:47:47,434 starting epoch 144
INFO 2021-01-28 05:48:38,152 train correct: 96.36222222222223
INFO 2021-01-28 05:48:38,155 train loss: 0.43325796723365784
INFO 2021-01-28 05:48:42,064 Validation Accuracy: 90.74
INFO 2021-01-28 05:48:49,023 Test Accuracy: 90.3
INFO 2021-01-28 05:48:49,023 starting epoch 145
INFO 2021-01-28 05:49:38,734 train correct: 96.67333333333333
INFO 2021-01-28 05:49:38,751 train loss: 0.4268762767314911
INFO 2021-01-28 05:49:42,500 Validation Accuracy: 90.22
INFO 2021-01-28 05:49:49,604 Test Accuracy: 90.7
INFO 2021-01-28 05:49:49,604 starting epoch 146
INFO 2021-01-28 05:50:39,667 train correct: 96.52666666666667
INFO 2021-01-28 05:50:39,670 train loss: 0.42973893880844116
INFO 2021-01-28 05:50:43,565 Validation Accuracy: 90.26
INFO 2021-01-28 05:50:50,821 Test Accuracy: 89.73
INFO 2021-01-28 05:50:50,822 starting epoch 147
INFO 2021-01-28 05:51:40,714 train correct: 96.59333333333333
INFO 2021-01-28 05:51:40,739 train loss: 0.4275780916213989
INFO 2021-01-28 05:51:44,493 Validation Accuracy: 90.82
INFO 2021-01-28 05:51:51,396 Test Accuracy: 90.17
INFO 2021-01-28 05:51:51,397 starting epoch 148
INFO 2021-01-28 05:52:41,491 train correct: 96.68666666666667
INFO 2021-01-28 05:52:41,493 train loss: 0.4262995421886444
INFO 2021-01-28 05:52:45,193 Validation Accuracy: 90.96
INFO 2021-01-28 05:52:52,448 Test Accuracy: 90.78
INFO 2021-01-28 05:52:52,448 starting epoch 149
INFO 2021-01-28 05:53:42,285 train correct: 96.77111111111111
INFO 2021-01-28 05:53:42,303 train loss: 0.42432597279548645
INFO 2021-01-28 05:53:46,233 Validation Accuracy: 90.66
INFO 2021-01-28 05:53:53,853 Test Accuracy: 90.48
INFO 2021-01-28 05:53:53,854 starting epoch 150
INFO 2021-01-28 05:54:44,216 train correct: 96.66222222222223
INFO 2021-01-28 05:54:44,218 train loss: 0.4290619194507599
INFO 2021-01-28 05:54:47,907 Validation Accuracy: 90.88
INFO 2021-01-28 05:54:54,999 Test Accuracy: 90.64
INFO 2021-01-28 05:54:54,999 starting epoch 151
INFO 2021-01-28 05:55:45,013 train correct: 96.73333333333333
INFO 2021-01-28 05:55:45,033 train loss: 0.4245854914188385
INFO 2021-01-28 05:55:48,826 Validation Accuracy: 90.9
INFO 2021-01-28 05:55:56,101 Test Accuracy: 90.3
INFO 2021-01-28 05:55:56,101 starting epoch 152
INFO 2021-01-28 05:56:47,003 train correct: 96.8
INFO 2021-01-28 05:56:47,005 train loss: 0.4237881898880005
INFO 2021-01-28 05:56:50,956 Validation Accuracy: 91.3
INFO 2021-01-28 05:56:57,955 Test Accuracy: 90.97
INFO 2021-01-28 05:56:57,956 starting epoch 153
INFO 2021-01-28 05:57:47,493 train correct: 96.75333333333333
INFO 2021-01-28 05:57:47,511 train loss: 0.42850589752197266
INFO 2021-01-28 05:57:51,322 Validation Accuracy: 91.0
INFO 2021-01-28 05:57:58,470 Test Accuracy: 90.96
INFO 2021-01-28 05:57:58,471 starting epoch 154
INFO 2021-01-28 05:58:48,531 train correct: 96.87777777777778
INFO 2021-01-28 05:58:48,536 train loss: 0.42428794503211975
INFO 2021-01-28 05:58:52,379 Validation Accuracy: 89.82
INFO 2021-01-28 05:58:59,598 Test Accuracy: 89.44
INFO 2021-01-28 05:58:59,598 starting epoch 155
INFO 2021-01-28 05:59:49,809 train correct: 96.83777777777777
INFO 2021-01-28 05:59:49,825 train loss: 0.4233763515949249
INFO 2021-01-28 05:59:53,617 Validation Accuracy: 90.8
INFO 2021-01-28 06:00:01,011 Test Accuracy: 90.42
INFO 2021-01-28 06:00:01,011 starting epoch 156
INFO 2021-01-28 06:00:50,960 train correct: 96.69777777777777
INFO 2021-01-28 06:00:50,962 train loss: 0.4267071783542633
INFO 2021-01-28 06:00:54,650 Validation Accuracy: 90.94
INFO 2021-01-28 06:01:01,854 Test Accuracy: 90.49
INFO 2021-01-28 06:01:01,854 starting epoch 157
INFO 2021-01-28 06:01:51,984 train correct: 96.78444444444445
INFO 2021-01-28 06:01:52,004 train loss: 0.4252500534057617
INFO 2021-01-28 06:01:55,791 Validation Accuracy: 90.9
INFO 2021-01-28 06:02:03,037 Test Accuracy: 90.73
INFO 2021-01-28 06:02:03,038 starting epoch 158
INFO 2021-01-28 06:02:52,868 train correct: 96.86444444444444
INFO 2021-01-28 06:02:52,871 train loss: 0.42257872223854065
INFO 2021-01-28 06:02:56,746 Validation Accuracy: 91.38
INFO 2021-01-28 06:03:03,834 Test Accuracy: 90.52
INFO 2021-01-28 06:03:03,834 starting epoch 159
INFO 2021-01-28 06:03:54,283 train correct: 96.94888888888889
INFO 2021-01-28 06:03:54,305 train loss: 0.4204390347003937
INFO 2021-01-28 06:03:58,565 Validation Accuracy: 90.74
INFO 2021-01-28 06:04:05,456 Test Accuracy: 90.23
INFO 2021-01-28 06:04:05,456 starting epoch 160
INFO 2021-01-28 06:04:55,120 train correct: 96.82222222222222
INFO 2021-01-28 06:04:55,123 train loss: 0.42580363154411316
INFO 2021-01-28 06:04:59,064 Validation Accuracy: 90.8
INFO 2021-01-28 06:05:06,922 Test Accuracy: 90.78
INFO 2021-01-28 06:05:06,923 starting epoch 161
INFO 2021-01-28 06:05:56,723 train correct: 96.87555555555555
INFO 2021-01-28 06:05:56,738 train loss: 0.42401233315467834
INFO 2021-01-28 06:06:00,629 Validation Accuracy: 91.06
INFO 2021-01-28 06:06:07,663 Test Accuracy: 90.8
INFO 2021-01-28 06:06:07,663 starting epoch 162
INFO 2021-01-28 06:06:57,819 train correct: 97.08222222222223
INFO 2021-01-28 06:06:57,822 train loss: 0.4192866384983063
INFO 2021-01-28 06:07:01,636 Validation Accuracy: 91.2
INFO 2021-01-28 06:07:08,857 Test Accuracy: 90.68
INFO 2021-01-28 06:07:08,858 starting epoch 163
INFO 2021-01-28 06:07:59,234 train correct: 97.01777777777778
INFO 2021-01-28 06:07:59,249 train loss: 0.4182145595550537
INFO 2021-01-28 06:08:03,156 Validation Accuracy: 91.52
INFO 2021-01-28 06:08:10,468 Test Accuracy: 91.06
INFO 2021-01-28 06:08:10,469 starting epoch 164
INFO 2021-01-28 06:08:59,967 train correct: 97.10666666666667
INFO 2021-01-28 06:08:59,970 train loss: 0.4177318811416626
INFO 2021-01-28 06:09:03,783 Validation Accuracy: 91.12
INFO 2021-01-28 06:09:10,826 Test Accuracy: 90.5
INFO 2021-01-28 06:09:10,827 starting epoch 165
INFO 2021-01-28 06:10:00,889 train correct: 97.25333333333333
INFO 2021-01-28 06:10:00,907 train loss: 0.41452446579933167
INFO 2021-01-28 06:10:04,611 Validation Accuracy: 90.56
INFO 2021-01-28 06:10:11,747 Test Accuracy: 90.19
INFO 2021-01-28 06:10:11,747 starting epoch 166
INFO 2021-01-28 06:11:02,196 train correct: 96.97111111111111
INFO 2021-01-28 06:11:02,198 train loss: 0.4210588335990906
INFO 2021-01-28 06:11:06,126 Validation Accuracy: 90.72
INFO 2021-01-28 06:11:13,377 Test Accuracy: 90.66
INFO 2021-01-28 06:11:13,378 starting epoch 167
INFO 2021-01-28 06:12:03,105 train correct: 97.04
INFO 2021-01-28 06:12:03,123 train loss: 0.42025384306907654
INFO 2021-01-28 06:12:06,908 Validation Accuracy: 91.26
INFO 2021-01-28 06:12:14,054 Test Accuracy: 90.51
INFO 2021-01-28 06:12:14,055 starting epoch 168
INFO 2021-01-28 06:13:04,839 train correct: 96.96222222222222
INFO 2021-01-28 06:13:04,842 train loss: 0.42083117365837097
INFO 2021-01-28 06:13:08,619 Validation Accuracy: 91.16
INFO 2021-01-28 06:13:15,728 Test Accuracy: 91.31
INFO 2021-01-28 06:13:15,729 starting epoch 169
INFO 2021-01-28 06:14:05,720 train correct: 97.18666666666667
INFO 2021-01-28 06:14:05,721 train loss: 0.41448697447776794
INFO 2021-01-28 06:14:09,623 Validation Accuracy: 91.04
INFO 2021-01-28 06:14:16,784 Test Accuracy: 90.68
INFO 2021-01-28 06:14:16,784 starting epoch 170
INFO 2021-01-28 06:15:07,245 train correct: 97.08666666666667
INFO 2021-01-28 06:15:07,247 train loss: 0.4195976257324219
INFO 2021-01-28 06:15:11,012 Validation Accuracy: 91.08
INFO 2021-01-28 06:15:18,137 Test Accuracy: 90.87
INFO 2021-01-28 06:15:18,138 starting epoch 171
INFO 2021-01-28 06:16:07,978 train correct: 97.19777777777777
INFO 2021-01-28 06:16:07,995 train loss: 0.41781261563301086
INFO 2021-01-28 06:16:12,313 Validation Accuracy: 90.16
INFO 2021-01-28 06:16:19,661 Test Accuracy: 90.42
INFO 2021-01-28 06:16:19,661 starting epoch 172
INFO 2021-01-28 06:17:09,421 train correct: 97.1511111111111
INFO 2021-01-28 06:17:09,425 train loss: 0.41570448875427246
INFO 2021-01-28 06:17:13,334 Validation Accuracy: 90.36
INFO 2021-01-28 06:17:20,433 Test Accuracy: 89.84
INFO 2021-01-28 06:17:20,434 starting epoch 173
INFO 2021-01-28 06:18:10,562 train correct: 97.16444444444444
INFO 2021-01-28 06:18:10,575 train loss: 0.417153000831604
INFO 2021-01-28 06:18:14,306 Validation Accuracy: 90.56
INFO 2021-01-28 06:18:21,434 Test Accuracy: 90.51
INFO 2021-01-28 06:18:21,434 starting epoch 174
INFO 2021-01-28 06:19:11,464 train correct: 97.24222222222222
INFO 2021-01-28 06:19:11,467 train loss: 0.4134289026260376
INFO 2021-01-28 06:19:15,279 Validation Accuracy: 90.76
INFO 2021-01-28 06:19:22,499 Test Accuracy: 90.52
INFO 2021-01-28 06:19:22,500 starting epoch 175
INFO 2021-01-28 06:20:12,504 train correct: 97.19111111111111
INFO 2021-01-28 06:20:12,508 train loss: 0.4149819612503052
INFO 2021-01-28 06:20:16,273 Validation Accuracy: 90.9
INFO 2021-01-28 06:20:23,501 Test Accuracy: 90.41
INFO 2021-01-28 06:20:23,501 starting epoch 176
INFO 2021-01-28 06:21:13,655 train correct: 97.10444444444444
INFO 2021-01-28 06:21:13,674 train loss: 0.41792601346969604
INFO 2021-01-28 06:21:17,569 Validation Accuracy: 90.84
INFO 2021-01-28 06:21:24,628 Test Accuracy: 90.66
INFO 2021-01-28 06:21:24,629 starting epoch 177
INFO 2021-01-28 06:22:15,559 train correct: 97.34
INFO 2021-01-28 06:22:15,562 train loss: 0.41256994009017944
INFO 2021-01-28 06:22:19,436 Validation Accuracy: 91.0
INFO 2021-01-28 06:22:26,729 Test Accuracy: 90.48
INFO 2021-01-28 06:22:26,730 starting epoch 178
INFO 2021-01-28 06:23:16,278 train correct: 97.14
INFO 2021-01-28 06:23:16,284 train loss: 0.4135352671146393
INFO 2021-01-28 06:23:20,275 Validation Accuracy: 90.96
INFO 2021-01-28 06:23:27,556 Test Accuracy: 90.55
INFO 2021-01-28 06:23:27,557 starting epoch 179
INFO 2021-01-28 06:24:18,006 train correct: 97.28
INFO 2021-01-28 06:24:18,028 train loss: 0.4148772060871124
INFO 2021-01-28 06:24:21,829 Validation Accuracy: 90.7
INFO 2021-01-28 06:24:28,823 Test Accuracy: 90.33
INFO 2021-01-28 06:24:28,824 starting epoch 180
INFO 2021-01-28 06:25:19,095 train correct: 97.29333333333334
INFO 2021-01-28 06:25:19,103 train loss: 0.41465914249420166
INFO 2021-01-28 06:25:22,924 Validation Accuracy: 91.16
INFO 2021-01-28 06:25:30,219 Test Accuracy: 90.87
INFO 2021-01-28 06:25:30,219 starting epoch 181
INFO 2021-01-28 06:26:20,154 train correct: 97.46444444444444
INFO 2021-01-28 06:26:20,178 train loss: 0.40985575318336487
INFO 2021-01-28 06:26:24,053 Validation Accuracy: 90.78
INFO 2021-01-28 06:26:31,495 Test Accuracy: 90.64
INFO 2021-01-28 06:26:31,495 starting epoch 182
INFO 2021-01-28 06:27:21,876 train correct: 97.45555555555555
INFO 2021-01-28 06:27:21,881 train loss: 0.4100138545036316
INFO 2021-01-28 06:27:25,677 Validation Accuracy: 90.46
INFO 2021-01-28 06:27:32,810 Test Accuracy: 90.62
INFO 2021-01-28 06:27:32,810 starting epoch 183
INFO 2021-01-28 06:28:23,491 train correct: 97.64888888888889
INFO 2021-01-28 06:28:23,511 train loss: 0.40777823328971863
INFO 2021-01-28 06:28:27,342 Validation Accuracy: 90.58
INFO 2021-01-28 06:28:34,572 Test Accuracy: 90.75
INFO 2021-01-28 06:28:34,573 starting epoch 184
INFO 2021-01-28 06:29:24,803 train correct: 97.30222222222223
INFO 2021-01-28 06:29:24,809 train loss: 0.41198796033859253
INFO 2021-01-28 06:29:28,655 Validation Accuracy: 90.88
INFO 2021-01-28 06:29:35,745 Test Accuracy: 90.68
INFO 2021-01-28 06:29:35,746 starting epoch 185
INFO 2021-01-28 06:30:26,255 train correct: 97.37777777777778
INFO 2021-01-28 06:30:26,278 train loss: 0.41003283858299255
INFO 2021-01-28 06:30:30,052 Validation Accuracy: 90.64
INFO 2021-01-28 06:30:37,279 Test Accuracy: 90.99
INFO 2021-01-28 06:30:37,280 starting epoch 186
INFO 2021-01-28 06:31:26,872 train correct: 97.33555555555556
INFO 2021-01-28 06:31:26,878 train loss: 0.4094836115837097
INFO 2021-01-28 06:31:30,778 Validation Accuracy: 91.1
INFO 2021-01-28 06:31:38,056 Test Accuracy: 90.59
INFO 2021-01-28 06:31:38,057 starting epoch 187
INFO 2021-01-28 06:32:28,315 train correct: 97.55555555555556
INFO 2021-01-28 06:32:28,334 train loss: 0.4076395630836487
INFO 2021-01-28 06:32:32,085 Validation Accuracy: 90.7
INFO 2021-01-28 06:32:39,224 Test Accuracy: 90.88
INFO 2021-01-28 06:32:39,224 starting epoch 188
INFO 2021-01-28 06:33:30,173 train correct: 97.42
INFO 2021-01-28 06:33:30,181 train loss: 0.41097331047058105
INFO 2021-01-28 06:33:33,931 Validation Accuracy: 90.96
INFO 2021-01-28 06:33:40,976 Test Accuracy: 90.68
INFO 2021-01-28 06:33:40,976 starting epoch 189
INFO 2021-01-28 06:34:31,284 train correct: 97.53111111111112
INFO 2021-01-28 06:34:31,300 train loss: 0.40563273429870605
INFO 2021-01-28 06:34:34,826 Validation Accuracy: 90.92
INFO 2021-01-28 06:34:41,922 Test Accuracy: 90.79
INFO 2021-01-28 06:34:41,923 starting epoch 190
INFO 2021-01-28 06:35:32,030 train correct: 97.75333333333333
INFO 2021-01-28 06:35:32,035 train loss: 0.4033356010913849
INFO 2021-01-28 06:35:35,916 Validation Accuracy: 91.74
INFO 2021-01-28 06:35:43,034 Test Accuracy: 91.18
INFO 2021-01-28 06:35:43,034 starting epoch 191
INFO 2021-01-28 06:36:32,913 train correct: 97.53333333333333
INFO 2021-01-28 06:36:32,928 train loss: 0.407516211271286
INFO 2021-01-28 06:36:36,646 Validation Accuracy: 90.92
INFO 2021-01-28 06:36:43,754 Test Accuracy: 91.48
INFO 2021-01-28 06:36:43,755 starting epoch 192
INFO 2021-01-28 06:37:34,422 train correct: 97.71333333333334
INFO 2021-01-28 06:37:34,428 train loss: 0.403730183839798
INFO 2021-01-28 06:37:38,227 Validation Accuracy: 90.96
INFO 2021-01-28 06:37:45,568 Test Accuracy: 90.98
INFO 2021-01-28 06:37:45,568 starting epoch 193
INFO 2021-01-28 06:38:35,511 train correct: 97.63555555555556
INFO 2021-01-28 06:38:35,529 train loss: 0.4060240685939789
INFO 2021-01-28 06:38:39,456 Validation Accuracy: 91.36
INFO 2021-01-28 06:38:46,724 Test Accuracy: 90.87
INFO 2021-01-28 06:38:46,725 starting epoch 194
INFO 2021-01-28 06:39:36,908 train correct: 97.70444444444445
INFO 2021-01-28 06:39:36,914 train loss: 0.4030735492706299
INFO 2021-01-28 06:39:40,701 Validation Accuracy: 90.56
INFO 2021-01-28 06:39:47,779 Test Accuracy: 90.16
INFO 2021-01-28 06:39:47,780 starting epoch 195
INFO 2021-01-28 06:40:37,750 train correct: 97.62444444444445
INFO 2021-01-28 06:40:37,768 train loss: 0.40755313634872437
INFO 2021-01-28 06:40:41,508 Validation Accuracy: 91.26
INFO 2021-01-28 06:40:48,746 Test Accuracy: 91.25
INFO 2021-01-28 06:40:48,747 starting epoch 196
INFO 2021-01-28 06:41:39,145 train correct: 97.66666666666667
INFO 2021-01-28 06:41:39,149 train loss: 0.4064677953720093
INFO 2021-01-28 06:41:42,868 Validation Accuracy: 90.64
INFO 2021-01-28 06:41:50,108 Test Accuracy: 90.97
INFO 2021-01-28 06:41:50,109 starting epoch 197
INFO 2021-01-28 06:42:39,844 train correct: 97.48666666666666
INFO 2021-01-28 06:42:39,860 train loss: 0.4096197485923767
INFO 2021-01-28 06:42:43,802 Validation Accuracy: 90.26
INFO 2021-01-28 06:42:50,921 Test Accuracy: 89.96
INFO 2021-01-28 06:42:50,922 starting epoch 198
INFO 2021-01-28 06:43:40,574 train correct: 97.69555555555556
INFO 2021-01-28 06:43:40,579 train loss: 0.40148812532424927
INFO 2021-01-28 06:43:44,318 Validation Accuracy: 91.62
INFO 2021-01-28 06:43:51,485 Test Accuracy: 91.07
INFO 2021-01-28 06:43:51,486 starting epoch 199
INFO 2021-01-28 06:44:42,327 train correct: 97.76666666666667
INFO 2021-01-28 06:44:42,343 train loss: 0.40404316782951355
INFO 2021-01-28 06:44:46,140 Validation Accuracy: 91.62
INFO 2021-01-28 06:44:53,435 Test Accuracy: 91.43
INFO 2021-01-28 06:44:53,436 starting epoch 200
INFO 2021-01-28 06:45:42,963 train correct: 97.85333333333334
INFO 2021-01-28 06:45:42,971 train loss: 0.4000155031681061
INFO 2021-01-28 06:45:46,848 Validation Accuracy: 91.72
INFO 2021-01-28 06:45:54,082 Test Accuracy: 91.21
INFO 2021-01-28 06:45:54,082 starting epoch 201
INFO 2021-01-28 06:46:44,892 train correct: 97.78444444444445
INFO 2021-01-28 06:46:44,907 train loss: 0.4025227427482605
INFO 2021-01-28 06:46:48,806 Validation Accuracy: 91.32
INFO 2021-01-28 06:46:55,908 Test Accuracy: 91.11
INFO 2021-01-28 06:46:55,908 starting epoch 202
INFO 2021-01-28 06:47:45,580 train correct: 97.99333333333334
INFO 2021-01-28 06:47:45,586 train loss: 0.39949512481689453
INFO 2021-01-28 06:47:49,283 Validation Accuracy: 91.64
INFO 2021-01-28 06:47:56,477 Test Accuracy: 91.16
INFO 2021-01-28 06:47:56,477 starting epoch 203
INFO 2021-01-28 06:48:46,672 train correct: 97.74666666666667
INFO 2021-01-28 06:48:46,674 train loss: 0.40033403038978577
INFO 2021-01-28 06:48:50,565 Validation Accuracy: 91.52
INFO 2021-01-28 06:48:58,114 Test Accuracy: 91.22
INFO 2021-01-28 06:48:58,114 starting epoch 204
INFO 2021-01-28 06:49:47,999 train correct: 97.93333333333334
INFO 2021-01-28 06:49:48,010 train loss: 0.39948511123657227
INFO 2021-01-28 06:49:51,869 Validation Accuracy: 91.6
INFO 2021-01-28 06:49:59,497 Test Accuracy: 91.15
INFO 2021-01-28 06:49:59,497 starting epoch 205
INFO 2021-01-28 06:50:49,263 train correct: 97.89777777777778
INFO 2021-01-28 06:50:49,282 train loss: 0.39940938353538513
INFO 2021-01-28 06:50:53,039 Validation Accuracy: 90.52
INFO 2021-01-28 06:51:00,340 Test Accuracy: 91.1
INFO 2021-01-28 06:51:00,340 starting epoch 206
INFO 2021-01-28 06:51:50,551 train correct: 97.91555555555556
INFO 2021-01-28 06:51:50,573 train loss: 0.3991142213344574
INFO 2021-01-28 06:51:54,544 Validation Accuracy: 91.72
INFO 2021-01-28 06:52:01,719 Test Accuracy: 90.98
INFO 2021-01-28 06:52:01,720 starting epoch 207
INFO 2021-01-28 06:52:51,941 train correct: 97.87555555555555
INFO 2021-01-28 06:52:51,946 train loss: 0.40017256140708923
INFO 2021-01-28 06:52:55,741 Validation Accuracy: 90.72
INFO 2021-01-28 06:53:02,797 Test Accuracy: 91.03
INFO 2021-01-28 06:53:02,797 starting epoch 208
INFO 2021-01-28 06:53:53,209 train correct: 98.02
INFO 2021-01-28 06:53:53,226 train loss: 0.3960237503051758
INFO 2021-01-28 06:53:56,927 Validation Accuracy: 90.96
INFO 2021-01-28 06:54:04,203 Test Accuracy: 90.91
INFO 2021-01-28 06:54:04,204 starting epoch 209
INFO 2021-01-28 06:54:54,224 train correct: 97.9088888888889
INFO 2021-01-28 06:54:54,226 train loss: 0.40150734782218933
INFO 2021-01-28 06:54:58,095 Validation Accuracy: 90.98
INFO 2021-01-28 06:55:05,313 Test Accuracy: 90.78
INFO 2021-01-28 06:55:05,314 starting epoch 210
INFO 2021-01-28 06:55:55,386 train correct: 97.97555555555556
INFO 2021-01-28 06:55:55,402 train loss: 0.3961660861968994
INFO 2021-01-28 06:55:59,412 Validation Accuracy: 90.86
INFO 2021-01-28 06:56:06,971 Test Accuracy: 91.01
INFO 2021-01-28 06:56:06,972 starting epoch 211
INFO 2021-01-28 06:56:56,627 train correct: 98.03777777777778
INFO 2021-01-28 06:56:56,635 train loss: 0.3972148299217224
INFO 2021-01-28 06:57:00,541 Validation Accuracy: 91.5
INFO 2021-01-28 06:57:07,821 Test Accuracy: 90.94
INFO 2021-01-28 06:57:07,822 starting epoch 212
INFO 2021-01-28 06:57:58,095 train correct: 97.99111111111111
INFO 2021-01-28 06:57:58,112 train loss: 0.39786237478256226
INFO 2021-01-28 06:58:01,903 Validation Accuracy: 91.38
INFO 2021-01-28 06:58:09,043 Test Accuracy: 91.52
INFO 2021-01-28 06:58:09,043 starting epoch 213
INFO 2021-01-28 06:58:59,236 train correct: 97.93333333333334
INFO 2021-01-28 06:58:59,255 train loss: 0.39674249291419983
INFO 2021-01-28 06:59:03,007 Validation Accuracy: 91.48
INFO 2021-01-28 06:59:10,121 Test Accuracy: 91.08
INFO 2021-01-28 06:59:10,122 starting epoch 214
INFO 2021-01-28 06:59:59,906 train correct: 98.05333333333333
INFO 2021-01-28 06:59:59,908 train loss: 0.39501675963401794
INFO 2021-01-28 07:00:04,309 Validation Accuracy: 91.24
INFO 2021-01-28 07:00:11,485 Test Accuracy: 90.66
INFO 2021-01-28 07:00:11,486 starting epoch 215
INFO 2021-01-28 07:01:01,778 train correct: 98.08222222222223
INFO 2021-01-28 07:01:01,793 train loss: 0.3954978585243225
INFO 2021-01-28 07:01:05,603 Validation Accuracy: 91.64
INFO 2021-01-28 07:01:12,758 Test Accuracy: 90.8
INFO 2021-01-28 07:01:12,759 starting epoch 216
INFO 2021-01-28 07:02:03,165 train correct: 97.97333333333333
INFO 2021-01-28 07:02:03,187 train loss: 0.395652174949646
INFO 2021-01-28 07:02:07,163 Validation Accuracy: 91.34
INFO 2021-01-28 07:02:14,759 Test Accuracy: 90.51
INFO 2021-01-28 07:02:14,760 starting epoch 217
INFO 2021-01-28 07:03:04,432 train correct: 98.16888888888889
INFO 2021-01-28 07:03:04,452 train loss: 0.3933655023574829
INFO 2021-01-28 07:03:08,202 Validation Accuracy: 91.64
INFO 2021-01-28 07:03:15,495 Test Accuracy: 91.0
INFO 2021-01-28 07:03:15,495 starting epoch 218
INFO 2021-01-28 07:04:05,265 train correct: 98.21555555555555
INFO 2021-01-28 07:04:05,283 train loss: 0.39254748821258545
INFO 2021-01-28 07:04:09,279 Validation Accuracy: 92.06
INFO 2021-01-28 07:04:16,976 Test Accuracy: 91.36
INFO 2021-01-28 07:04:16,976 starting epoch 219
INFO 2021-01-28 07:05:06,929 train correct: 98.1511111111111
INFO 2021-01-28 07:05:06,939 train loss: 0.3940945267677307
INFO 2021-01-28 07:05:10,699 Validation Accuracy: 91.32
INFO 2021-01-28 07:05:17,861 Test Accuracy: 90.82
INFO 2021-01-28 07:05:17,861 starting epoch 220
INFO 2021-01-28 07:06:07,733 train correct: 98.17111111111112
INFO 2021-01-28 07:06:07,736 train loss: 0.39504513144493103
INFO 2021-01-28 07:06:11,465 Validation Accuracy: 91.14
INFO 2021-01-28 07:06:18,893 Test Accuracy: 91.26
INFO 2021-01-28 07:06:18,894 starting epoch 221
INFO 2021-01-28 07:07:09,205 train correct: 98.21111111111111
INFO 2021-01-28 07:07:09,230 train loss: 0.39301568269729614
INFO 2021-01-28 07:07:13,182 Validation Accuracy: 91.44
INFO 2021-01-28 07:07:20,353 Test Accuracy: 90.86
INFO 2021-01-28 07:07:20,353 starting epoch 222
INFO 2021-01-28 07:08:10,586 train correct: 98.17333333333333
INFO 2021-01-28 07:08:10,605 train loss: 0.39225465059280396
INFO 2021-01-28 07:08:14,472 Validation Accuracy: 91.02
INFO 2021-01-28 07:08:21,482 Test Accuracy: 90.7
INFO 2021-01-28 07:08:21,483 starting epoch 223
INFO 2021-01-28 07:09:11,889 train correct: 98.24666666666667
INFO 2021-01-28 07:09:11,910 train loss: 0.391253799200058
INFO 2021-01-28 07:09:15,644 Validation Accuracy: 91.38
INFO 2021-01-28 07:09:22,843 Test Accuracy: 91.51
INFO 2021-01-28 07:09:22,843 starting epoch 224
INFO 2021-01-28 07:10:13,749 train correct: 98.29333333333334
INFO 2021-01-28 07:10:13,765 train loss: 0.3893941044807434
INFO 2021-01-28 07:10:17,601 Validation Accuracy: 91.74
INFO 2021-01-28 07:10:24,764 Test Accuracy: 91.12
INFO 2021-01-28 07:10:24,764 starting epoch 225
INFO 2021-01-28 07:11:14,630 train correct: 98.26666666666667
INFO 2021-01-28 07:11:14,653 train loss: 0.3899369537830353
INFO 2021-01-28 07:11:18,499 Validation Accuracy: 91.64
INFO 2021-01-28 07:11:25,577 Test Accuracy: 91.74
INFO 2021-01-28 07:11:25,577 starting epoch 226
INFO 2021-01-28 07:12:15,875 train correct: 98.13333333333334
INFO 2021-01-28 07:12:15,891 train loss: 0.39425569772720337
INFO 2021-01-28 07:12:19,768 Validation Accuracy: 91.3
INFO 2021-01-28 07:12:26,971 Test Accuracy: 91.38
INFO 2021-01-28 07:12:26,971 starting epoch 227
INFO 2021-01-28 07:13:17,038 train correct: 98.20222222222222
INFO 2021-01-28 07:13:17,057 train loss: 0.39227503538131714
INFO 2021-01-28 07:13:20,950 Validation Accuracy: 90.96
INFO 2021-01-28 07:13:28,263 Test Accuracy: 90.98
INFO 2021-01-28 07:13:28,264 starting epoch 228
INFO 2021-01-28 07:14:19,146 train correct: 98.34222222222222
INFO 2021-01-28 07:14:19,160 train loss: 0.3900604248046875
INFO 2021-01-28 07:14:22,945 Validation Accuracy: 91.1
INFO 2021-01-28 07:14:29,908 Test Accuracy: 90.84
INFO 2021-01-28 07:14:29,909 starting epoch 229
INFO 2021-01-28 07:15:19,249 train correct: 98.32444444444444
INFO 2021-01-28 07:15:19,273 train loss: 0.38823872804641724
INFO 2021-01-28 07:15:23,073 Validation Accuracy: 92.26
INFO 2021-01-28 07:15:30,336 Test Accuracy: 91.37
INFO 2021-01-28 07:15:30,337 starting epoch 230
INFO 2021-01-28 07:16:21,617 train correct: 98.41777777777777
INFO 2021-01-28 07:16:21,625 train loss: 0.388621985912323
INFO 2021-01-28 07:16:25,518 Validation Accuracy: 91.1
INFO 2021-01-28 07:16:32,723 Test Accuracy: 91.46
INFO 2021-01-28 07:16:32,724 starting epoch 231
INFO 2021-01-28 07:17:22,571 train correct: 98.44222222222223
INFO 2021-01-28 07:17:22,587 train loss: 0.3857487142086029
INFO 2021-01-28 07:17:26,809 Validation Accuracy: 91.6
INFO 2021-01-28 07:17:33,944 Test Accuracy: 91.51
INFO 2021-01-28 07:17:33,945 starting epoch 232
INFO 2021-01-28 07:18:24,115 train correct: 98.23333333333333
INFO 2021-01-28 07:18:24,124 train loss: 0.39098334312438965
INFO 2021-01-28 07:18:27,932 Validation Accuracy: 91.7
INFO 2021-01-28 07:18:35,273 Test Accuracy: 90.86
INFO 2021-01-28 07:18:35,274 starting epoch 233
INFO 2021-01-28 07:19:25,694 train correct: 98.43555555555555
INFO 2021-01-28 07:19:25,698 train loss: 0.3880813419818878
INFO 2021-01-28 07:19:29,645 Validation Accuracy: 91.74
INFO 2021-01-28 07:19:37,209 Test Accuracy: 90.89
INFO 2021-01-28 07:19:37,210 starting epoch 234
INFO 2021-01-28 07:20:26,967 train correct: 98.4088888888889
INFO 2021-01-28 07:20:26,977 train loss: 0.385837584733963
INFO 2021-01-28 07:20:30,822 Validation Accuracy: 91.7
INFO 2021-01-28 07:20:38,013 Test Accuracy: 91.36
INFO 2021-01-28 07:20:38,014 starting epoch 235
INFO 2021-01-28 07:21:28,321 train correct: 98.57111111111111
INFO 2021-01-28 07:21:28,338 train loss: 0.38445717096328735
INFO 2021-01-28 07:21:32,063 Validation Accuracy: 91.7
INFO 2021-01-28 07:21:39,661 Test Accuracy: 91.6
INFO 2021-01-28 07:21:39,662 starting epoch 236
INFO 2021-01-28 07:22:29,776 train correct: 98.49333333333334
INFO 2021-01-28 07:22:29,781 train loss: 0.38628241419792175
INFO 2021-01-28 07:22:33,682 Validation Accuracy: 91.74
INFO 2021-01-28 07:22:40,955 Test Accuracy: 91.34
INFO 2021-01-28 07:22:40,956 starting epoch 237
