INFO 2021-01-29 17:22:46,714 Code running on cuda:0
INFO 2021-01-29 17:22:46,717 config: {'dataset': 'mnist', 'input_shape': 1, 'output_shape': 10, 'data_augmentation': False, 'epochs': 190, 'criterion': 'crossentropy', 'validation_split': 0, 'lr_scheduler': 'cosine', 'batch_size': 100, 'lr_init': 0.0001, 'lr_final': 1e-16, 'batch_affine': False, 'model_architecture': 'LRNetSmall', 'mc_steps': 1, 'temperature': 1e-10, 'evaluate_steps': 0, 'momentum': 0.15}
INFO 2021-01-29 17:22:56,221 LRNetSmall(
  (conv1): Conv2d(1, 32, kernel_size=(5, 5), stride=(1, 1), padding=(2, 2), bias=False)
  (bn1): BatchNorm2d(32, eps=1e-05, momentum=0.15, affine=False, track_running_stats=True)
  (conv2): Conv2d(32, 64, kernel_size=(5, 5), stride=(1, 1), padding=(2, 2), bias=False)
  (bn2): BatchNorm2d(64, eps=1e-05, momentum=0.15, affine=False, track_running_stats=True)
  (fc1): Linear(in_features=3136, out_features=512, bias=False)
  (bn3): BatchNorm1d(512, eps=1e-05, momentum=0.1, affine=False, track_running_stats=True)
  (fc2): Linear(in_features=512, out_features=10, bias=False)
  (bn4): BatchNorm1d(10, eps=1e-05, momentum=0.1, affine=False, track_running_stats=True)
)
INFO 2021-01-29 17:22:56,222 Starting training with BayesBiNN optimizer...
INFO 2021-01-29 17:22:56,224 Criterion: CrossEntropyLoss()
INFO 2021-01-29 17:22:56,224 Optimizer: BiNNOptimizer (
Parameter Group 0
    N: 1
    beta: 0.99
    initial_lr: 0.0001
    learning_rate: 0.0001
    lr: 0.0001
    temperature: 1e-10
    train_set_size: 60000
)
INFO 2021-01-29 17:22:56,224 starting epoch 0
INFO 2021-01-29 17:23:12,729 train correct: 94.7
INFO 2021-01-29 17:23:15,210 Test Accuracy: 98.33
INFO 2021-01-29 17:23:15,211 starting epoch 1
INFO 2021-01-29 17:23:30,840 train correct: 98.45666666666666
INFO 2021-01-29 17:23:33,340 Test Accuracy: 99.05
INFO 2021-01-29 17:23:33,341 starting epoch 2
INFO 2021-01-29 17:23:49,016 train correct: 98.80833333333334
INFO 2021-01-29 17:23:51,499 Test Accuracy: 99.02
INFO 2021-01-29 17:23:51,499 starting epoch 3
INFO 2021-01-29 17:24:07,046 train correct: 99.065
INFO 2021-01-29 17:24:09,508 Test Accuracy: 99.1
INFO 2021-01-29 17:24:09,509 starting epoch 4
INFO 2021-01-29 17:24:24,483 train correct: 99.13666666666667
INFO 2021-01-29 17:24:26,728 Test Accuracy: 99.3
INFO 2021-01-29 17:24:26,728 starting epoch 5
INFO 2021-01-29 17:24:41,656 train correct: 99.24166666666666
INFO 2021-01-29 17:24:43,907 Test Accuracy: 99.28
INFO 2021-01-29 17:24:43,908 starting epoch 6
INFO 2021-01-29 17:24:58,103 train correct: 99.37666666666667
INFO 2021-01-29 17:25:00,346 Test Accuracy: 99.25
INFO 2021-01-29 17:25:00,346 starting epoch 7
INFO 2021-01-29 17:25:14,499 train correct: 99.36
INFO 2021-01-29 17:25:16,741 Test Accuracy: 99.29
INFO 2021-01-29 17:25:16,742 starting epoch 8
INFO 2021-01-29 17:25:30,957 train correct: 99.38666666666667
INFO 2021-01-29 17:25:33,404 Test Accuracy: 99.31
INFO 2021-01-29 17:25:33,405 starting epoch 9
INFO 2021-01-29 17:25:48,999 train correct: 99.45
INFO 2021-01-29 17:25:51,479 Test Accuracy: 99.26
INFO 2021-01-29 17:25:51,479 starting epoch 10
INFO 2021-01-29 17:26:07,018 train correct: 99.445
INFO 2021-01-29 17:26:09,495 Test Accuracy: 99.37
INFO 2021-01-29 17:26:09,496 starting epoch 11
INFO 2021-01-29 17:26:25,101 train correct: 99.49666666666667
INFO 2021-01-29 17:26:27,595 Test Accuracy: 99.27
INFO 2021-01-29 17:26:27,595 starting epoch 12
INFO 2021-01-29 17:26:43,213 train correct: 99.48333333333333
INFO 2021-01-29 17:26:45,678 Test Accuracy: 99.43
INFO 2021-01-29 17:26:45,678 starting epoch 13
INFO 2021-01-29 17:27:01,179 train correct: 99.50666666666666
INFO 2021-01-29 17:27:03,575 Test Accuracy: 99.33
INFO 2021-01-29 17:27:03,575 starting epoch 14
INFO 2021-01-29 17:27:19,134 train correct: 99.52666666666667
INFO 2021-01-29 17:27:21,614 Test Accuracy: 99.3
INFO 2021-01-29 17:27:21,614 starting epoch 15
INFO 2021-01-29 17:27:37,020 train correct: 99.57666666666667
INFO 2021-01-29 17:27:39,503 Test Accuracy: 99.35
INFO 2021-01-29 17:27:39,503 starting epoch 16
INFO 2021-01-29 17:27:55,068 train correct: 99.56166666666667
INFO 2021-01-29 17:27:57,548 Test Accuracy: 99.38
INFO 2021-01-29 17:27:57,549 starting epoch 17
INFO 2021-01-29 17:28:13,005 train correct: 99.56833333333333
INFO 2021-01-29 17:28:15,479 Test Accuracy: 99.35
INFO 2021-01-29 17:28:15,479 starting epoch 18
INFO 2021-01-29 17:28:30,980 train correct: 99.59333333333333
INFO 2021-01-29 17:28:33,463 Test Accuracy: 99.44
INFO 2021-01-29 17:28:33,464 starting epoch 19
INFO 2021-01-29 17:28:48,927 train correct: 99.63333333333334
INFO 2021-01-29 17:28:51,271 Test Accuracy: 99.41
INFO 2021-01-29 17:28:51,271 starting epoch 20
INFO 2021-01-29 17:29:06,079 train correct: 99.59
INFO 2021-01-29 17:29:08,416 Test Accuracy: 99.47
INFO 2021-01-29 17:29:08,416 starting epoch 21
INFO 2021-01-29 17:29:23,269 train correct: 99.64166666666667
INFO 2021-01-29 17:29:25,624 Test Accuracy: 99.44
INFO 2021-01-29 17:29:25,625 starting epoch 22
INFO 2021-01-29 17:29:40,521 train correct: 99.615
INFO 2021-01-29 17:29:42,875 Test Accuracy: 99.41
INFO 2021-01-29 17:29:42,875 starting epoch 23
INFO 2021-01-29 17:29:57,715 train correct: 99.62166666666667
INFO 2021-01-29 17:30:00,059 Test Accuracy: 99.46
INFO 2021-01-29 17:30:00,060 starting epoch 24
INFO 2021-01-29 17:30:14,953 train correct: 99.645
INFO 2021-01-29 17:30:17,286 Test Accuracy: 99.42
INFO 2021-01-29 17:30:17,287 starting epoch 25
INFO 2021-01-29 17:30:32,114 train correct: 99.65166666666667
INFO 2021-01-29 17:30:34,450 Test Accuracy: 99.4
INFO 2021-01-29 17:30:34,450 starting epoch 26
INFO 2021-01-29 17:30:49,240 train correct: 99.65833333333333
INFO 2021-01-29 17:30:51,574 Test Accuracy: 99.44
INFO 2021-01-29 17:30:51,575 starting epoch 27
INFO 2021-01-29 17:31:06,334 train correct: 99.66833333333334
INFO 2021-01-29 17:31:08,676 Test Accuracy: 99.4
INFO 2021-01-29 17:31:08,677 starting epoch 28
INFO 2021-01-29 17:31:23,297 train correct: 99.71333333333334
INFO 2021-01-29 17:31:25,624 Test Accuracy: 99.43
INFO 2021-01-29 17:31:25,624 starting epoch 29
INFO 2021-01-29 17:31:40,182 train correct: 99.665
INFO 2021-01-29 17:31:42,557 Test Accuracy: 99.48
INFO 2021-01-29 17:31:42,558 starting epoch 30
INFO 2021-01-29 17:31:57,249 train correct: 99.65166666666667
INFO 2021-01-29 17:31:59,535 Test Accuracy: 99.4
INFO 2021-01-29 17:31:59,535 starting epoch 31
INFO 2021-01-29 17:32:14,227 train correct: 99.675
INFO 2021-01-29 17:32:16,467 Test Accuracy: 99.44
INFO 2021-01-29 17:32:16,467 starting epoch 32
INFO 2021-01-29 17:32:31,166 train correct: 99.67833333333333
INFO 2021-01-29 17:32:33,515 Test Accuracy: 99.32
INFO 2021-01-29 17:32:33,515 starting epoch 33
INFO 2021-01-29 17:32:48,229 train correct: 99.685
INFO 2021-01-29 17:32:50,537 Test Accuracy: 99.44
INFO 2021-01-29 17:32:50,537 starting epoch 34
INFO 2021-01-29 17:33:05,241 train correct: 99.68833333333333
INFO 2021-01-29 17:33:07,571 Test Accuracy: 99.44
INFO 2021-01-29 17:33:07,572 starting epoch 35
INFO 2021-01-29 17:33:21,929 train correct: 99.71833333333333
INFO 2021-01-29 17:33:24,223 Test Accuracy: 99.45
INFO 2021-01-29 17:33:24,223 starting epoch 36
INFO 2021-01-29 17:33:38,737 train correct: 99.71666666666667
INFO 2021-01-29 17:33:41,013 Test Accuracy: 99.5
INFO 2021-01-29 17:33:41,014 starting epoch 37
INFO 2021-01-29 17:33:55,555 train correct: 99.69
INFO 2021-01-29 17:33:57,848 Test Accuracy: 99.52
INFO 2021-01-29 17:33:57,848 starting epoch 38
INFO 2021-01-29 17:34:12,361 train correct: 99.72
INFO 2021-01-29 17:34:14,662 Test Accuracy: 99.5
INFO 2021-01-29 17:34:14,663 starting epoch 39
INFO 2021-01-29 17:34:29,199 train correct: 99.70833333333333
INFO 2021-01-29 17:34:31,506 Test Accuracy: 99.51
INFO 2021-01-29 17:34:31,506 starting epoch 40
INFO 2021-01-29 17:34:46,096 train correct: 99.70666666666666
INFO 2021-01-29 17:34:48,384 Test Accuracy: 99.5
INFO 2021-01-29 17:34:48,384 starting epoch 41
INFO 2021-01-29 17:35:02,876 train correct: 99.71166666666667
INFO 2021-01-29 17:35:05,172 Test Accuracy: 99.41
INFO 2021-01-29 17:35:05,173 starting epoch 42
INFO 2021-01-29 17:35:19,736 train correct: 99.72
INFO 2021-01-29 17:35:22,036 Test Accuracy: 99.47
INFO 2021-01-29 17:35:22,037 starting epoch 43
INFO 2021-01-29 17:35:36,633 train correct: 99.715
INFO 2021-01-29 17:35:38,943 Test Accuracy: 99.44
INFO 2021-01-29 17:35:38,944 starting epoch 44
INFO 2021-01-29 17:35:53,528 train correct: 99.77333333333333
INFO 2021-01-29 17:35:55,848 Test Accuracy: 99.42
INFO 2021-01-29 17:35:55,848 starting epoch 45
INFO 2021-01-29 17:36:10,378 train correct: 99.735
INFO 2021-01-29 17:36:12,685 Test Accuracy: 99.44
INFO 2021-01-29 17:36:12,686 starting epoch 46
INFO 2021-01-29 17:36:27,185 train correct: 99.70666666666666
INFO 2021-01-29 17:36:29,496 Test Accuracy: 99.45
INFO 2021-01-29 17:36:29,497 starting epoch 47
INFO 2021-01-29 17:36:43,975 train correct: 99.73833333333333
INFO 2021-01-29 17:36:46,276 Test Accuracy: 99.41
INFO 2021-01-29 17:36:46,277 starting epoch 48
INFO 2021-01-29 17:37:00,863 train correct: 99.735
INFO 2021-01-29 17:37:03,161 Test Accuracy: 99.39
INFO 2021-01-29 17:37:03,161 starting epoch 49
INFO 2021-01-29 17:37:17,716 train correct: 99.71833333333333
INFO 2021-01-29 17:37:20,018 Test Accuracy: 99.36
INFO 2021-01-29 17:37:20,019 starting epoch 50
INFO 2021-01-29 17:37:34,567 train correct: 99.735
INFO 2021-01-29 17:37:36,867 Test Accuracy: 99.47
INFO 2021-01-29 17:37:36,868 starting epoch 51
INFO 2021-01-29 17:37:51,431 train correct: 99.725
INFO 2021-01-29 17:37:53,742 Test Accuracy: 99.41
INFO 2021-01-29 17:37:53,742 starting epoch 52
INFO 2021-01-29 17:38:08,265 train correct: 99.755
INFO 2021-01-29 17:38:10,573 Test Accuracy: 99.38
INFO 2021-01-29 17:38:10,574 starting epoch 53
INFO 2021-01-29 17:38:25,186 train correct: 99.73166666666667
INFO 2021-01-29 17:38:27,492 Test Accuracy: 99.44
INFO 2021-01-29 17:38:27,492 starting epoch 54
INFO 2021-01-29 17:38:42,109 train correct: 99.755
INFO 2021-01-29 17:38:44,419 Test Accuracy: 99.37
INFO 2021-01-29 17:38:44,419 starting epoch 55
INFO 2021-01-29 17:38:59,027 train correct: 99.735
INFO 2021-01-29 17:39:01,342 Test Accuracy: 99.46
INFO 2021-01-29 17:39:01,342 starting epoch 56
INFO 2021-01-29 17:39:15,988 train correct: 99.72833333333334
INFO 2021-01-29 17:39:18,315 Test Accuracy: 99.39
INFO 2021-01-29 17:39:18,316 starting epoch 57
INFO 2021-01-29 17:39:32,926 train correct: 99.76166666666667
INFO 2021-01-29 17:39:35,217 Test Accuracy: 99.4
INFO 2021-01-29 17:39:35,218 starting epoch 58
INFO 2021-01-29 17:39:49,825 train correct: 99.74666666666667
INFO 2021-01-29 17:39:52,126 Test Accuracy: 99.49
INFO 2021-01-29 17:39:52,127 starting epoch 59
INFO 2021-01-29 17:40:06,721 train correct: 99.74333333333334
INFO 2021-01-29 17:40:09,026 Test Accuracy: 99.46
INFO 2021-01-29 17:40:09,027 starting epoch 60
INFO 2021-01-29 17:40:23,667 train correct: 99.77666666666667
INFO 2021-01-29 17:40:25,961 Test Accuracy: 99.52
INFO 2021-01-29 17:40:25,961 starting epoch 61
INFO 2021-01-29 17:40:40,548 train correct: 99.74833333333333
INFO 2021-01-29 17:40:42,878 Test Accuracy: 99.49
INFO 2021-01-29 17:40:42,878 starting epoch 62
INFO 2021-01-29 17:40:57,495 train correct: 99.72833333333334
INFO 2021-01-29 17:40:59,818 Test Accuracy: 99.43
INFO 2021-01-29 17:40:59,819 starting epoch 63
INFO 2021-01-29 17:41:14,466 train correct: 99.74
INFO 2021-01-29 17:41:16,759 Test Accuracy: 99.47
INFO 2021-01-29 17:41:16,760 starting epoch 64
INFO 2021-01-29 17:41:31,984 train correct: 99.76666666666667
INFO 2021-01-29 17:41:34,516 Test Accuracy: 99.42
INFO 2021-01-29 17:41:34,516 starting epoch 65
INFO 2021-01-29 17:41:50,370 train correct: 99.75833333333334
INFO 2021-01-29 17:41:52,901 Test Accuracy: 99.47
INFO 2021-01-29 17:41:52,901 starting epoch 66
INFO 2021-01-29 17:42:08,739 train correct: 99.74833333333333
INFO 2021-01-29 17:42:11,277 Test Accuracy: 99.46
INFO 2021-01-29 17:42:11,278 starting epoch 67
INFO 2021-01-29 17:42:27,087 train correct: 99.75666666666666
INFO 2021-01-29 17:42:29,612 Test Accuracy: 99.47
INFO 2021-01-29 17:42:29,613 starting epoch 68
INFO 2021-01-29 17:42:45,462 train correct: 99.76333333333334
INFO 2021-01-29 17:42:48,003 Test Accuracy: 99.47
INFO 2021-01-29 17:42:48,004 starting epoch 69
INFO 2021-01-29 17:43:03,893 train correct: 99.75333333333333
INFO 2021-01-29 17:43:06,439 Test Accuracy: 99.48
INFO 2021-01-29 17:43:06,440 starting epoch 70
INFO 2021-01-29 17:43:22,383 train correct: 99.77666666666667
INFO 2021-01-29 17:43:24,933 Test Accuracy: 99.41
INFO 2021-01-29 17:43:24,934 starting epoch 71
INFO 2021-01-29 17:43:40,901 train correct: 99.74833333333333
INFO 2021-01-29 17:43:43,449 Test Accuracy: 99.44
INFO 2021-01-29 17:43:43,450 starting epoch 72
INFO 2021-01-29 17:43:59,436 train correct: 99.76
INFO 2021-01-29 17:44:01,974 Test Accuracy: 99.44
INFO 2021-01-29 17:44:01,975 starting epoch 73
INFO 2021-01-29 17:44:17,902 train correct: 99.74666666666667
INFO 2021-01-29 17:44:20,459 Test Accuracy: 99.48
INFO 2021-01-29 17:44:20,460 starting epoch 74
INFO 2021-01-29 17:44:36,320 train correct: 99.745
INFO 2021-01-29 17:44:38,872 Test Accuracy: 99.47
INFO 2021-01-29 17:44:38,873 starting epoch 75
INFO 2021-01-29 17:44:54,770 train correct: 99.77833333333334
INFO 2021-01-29 17:44:57,308 Test Accuracy: 99.46
INFO 2021-01-29 17:44:57,308 starting epoch 76
INFO 2021-01-29 17:45:13,199 train correct: 99.775
INFO 2021-01-29 17:45:15,739 Test Accuracy: 99.55
INFO 2021-01-29 17:45:15,739 starting epoch 77
INFO 2021-01-29 17:45:31,688 train correct: 99.76333333333334
INFO 2021-01-29 17:45:34,212 Test Accuracy: 99.47
INFO 2021-01-29 17:45:34,213 starting epoch 78
INFO 2021-01-29 17:45:50,040 train correct: 99.75833333333334
INFO 2021-01-29 17:45:52,572 Test Accuracy: 99.49
INFO 2021-01-29 17:45:52,573 starting epoch 79
INFO 2021-01-29 17:46:08,443 train correct: 99.77333333333333
INFO 2021-01-29 17:46:10,970 Test Accuracy: 99.44
INFO 2021-01-29 17:46:10,971 starting epoch 80
INFO 2021-01-29 17:46:26,803 train correct: 99.76166666666667
INFO 2021-01-29 17:46:29,316 Test Accuracy: 99.39
INFO 2021-01-29 17:46:29,317 starting epoch 81
INFO 2021-01-29 17:46:45,124 train correct: 99.75166666666667
INFO 2021-01-29 17:46:47,643 Test Accuracy: 99.4
INFO 2021-01-29 17:46:47,643 starting epoch 82
INFO 2021-01-29 17:47:03,455 train correct: 99.77666666666667
INFO 2021-01-29 17:47:05,985 Test Accuracy: 99.47
INFO 2021-01-29 17:47:05,985 starting epoch 83
INFO 2021-01-29 17:47:21,760 train correct: 99.77
INFO 2021-01-29 17:47:24,270 Test Accuracy: 99.53
INFO 2021-01-29 17:47:24,270 starting epoch 84
INFO 2021-01-29 17:47:40,081 train correct: 99.77833333333334
INFO 2021-01-29 17:47:42,609 Test Accuracy: 99.49
INFO 2021-01-29 17:47:42,609 starting epoch 85
INFO 2021-01-29 17:47:58,416 train correct: 99.78333333333333
INFO 2021-01-29 17:48:00,943 Test Accuracy: 99.39
INFO 2021-01-29 17:48:00,943 starting epoch 86
INFO 2021-01-29 17:48:16,731 train correct: 99.78
INFO 2021-01-29 17:48:19,229 Test Accuracy: 99.49
INFO 2021-01-29 17:48:19,230 starting epoch 87
INFO 2021-01-29 17:48:34,910 train correct: 99.785
INFO 2021-01-29 17:48:37,422 Test Accuracy: 99.39
INFO 2021-01-29 17:48:37,422 starting epoch 88
INFO 2021-01-29 17:48:53,104 train correct: 99.76833333333333
INFO 2021-01-29 17:48:55,609 Test Accuracy: 99.45
INFO 2021-01-29 17:48:55,609 starting epoch 89
INFO 2021-01-29 17:49:11,392 train correct: 99.77666666666667
INFO 2021-01-29 17:49:13,913 Test Accuracy: 99.41
INFO 2021-01-29 17:49:13,914 starting epoch 90
INFO 2021-01-29 17:49:29,709 train correct: 99.8
INFO 2021-01-29 17:49:32,244 Test Accuracy: 99.48
INFO 2021-01-29 17:49:32,244 starting epoch 91
INFO 2021-01-29 17:49:47,990 train correct: 99.775
INFO 2021-01-29 17:49:50,515 Test Accuracy: 99.42
INFO 2021-01-29 17:49:50,516 starting epoch 92
INFO 2021-01-29 17:50:06,251 train correct: 99.77
INFO 2021-01-29 17:50:08,775 Test Accuracy: 99.49
INFO 2021-01-29 17:50:08,776 starting epoch 93
INFO 2021-01-29 17:50:24,520 train correct: 99.78833333333333
INFO 2021-01-29 17:50:27,022 Test Accuracy: 99.42
INFO 2021-01-29 17:50:27,022 starting epoch 94
INFO 2021-01-29 17:50:42,753 train correct: 99.79166666666667
INFO 2021-01-29 17:50:45,255 Test Accuracy: 99.37
INFO 2021-01-29 17:50:45,256 starting epoch 95
INFO 2021-01-29 17:51:00,854 train correct: 99.77833333333334
INFO 2021-01-29 17:51:03,387 Test Accuracy: 99.56
INFO 2021-01-29 17:51:03,387 starting epoch 96
INFO 2021-01-29 17:51:18,116 train correct: 99.79666666666667
INFO 2021-01-29 17:51:20,631 Test Accuracy: 99.47
INFO 2021-01-29 17:51:20,631 starting epoch 97
INFO 2021-01-29 17:51:35,357 train correct: 99.79
INFO 2021-01-29 17:51:37,596 Test Accuracy: 99.55
INFO 2021-01-29 17:51:37,597 starting epoch 98
INFO 2021-01-29 17:51:51,760 train correct: 99.78833333333333
INFO 2021-01-29 17:51:54,002 Test Accuracy: 99.51
INFO 2021-01-29 17:51:54,002 starting epoch 99
INFO 2021-01-29 17:52:08,139 train correct: 99.78166666666667
INFO 2021-01-29 17:52:10,372 Test Accuracy: 99.48
INFO 2021-01-29 17:52:10,372 starting epoch 100
INFO 2021-01-29 17:52:25,352 train correct: 99.775
INFO 2021-01-29 17:52:27,835 Test Accuracy: 99.51
INFO 2021-01-29 17:52:27,836 starting epoch 101
INFO 2021-01-29 17:52:43,222 train correct: 99.765
INFO 2021-01-29 17:52:45,707 Test Accuracy: 99.44
INFO 2021-01-29 17:52:45,707 starting epoch 102
INFO 2021-01-29 17:53:01,305 train correct: 99.78
INFO 2021-01-29 17:53:03,794 Test Accuracy: 99.41
INFO 2021-01-29 17:53:03,795 starting epoch 103
INFO 2021-01-29 17:53:19,367 train correct: 99.78833333333333
INFO 2021-01-29 17:53:21,865 Test Accuracy: 99.43
INFO 2021-01-29 17:53:21,865 starting epoch 104
INFO 2021-01-29 17:53:37,477 train correct: 99.79
INFO 2021-01-29 17:53:39,965 Test Accuracy: 99.36
INFO 2021-01-29 17:53:39,965 starting epoch 105
INFO 2021-01-29 17:53:55,595 train correct: 99.79666666666667
INFO 2021-01-29 17:53:58,092 Test Accuracy: 99.46
INFO 2021-01-29 17:53:58,092 starting epoch 106
INFO 2021-01-29 17:54:13,698 train correct: 99.77666666666667
INFO 2021-01-29 17:54:16,191 Test Accuracy: 99.41
INFO 2021-01-29 17:54:16,191 starting epoch 107
INFO 2021-01-29 17:54:31,643 train correct: 99.80833333333334
INFO 2021-01-29 17:54:34,108 Test Accuracy: 99.43
INFO 2021-01-29 17:54:34,109 starting epoch 108
INFO 2021-01-29 17:54:49,637 train correct: 99.765
INFO 2021-01-29 17:54:52,077 Test Accuracy: 99.46
INFO 2021-01-29 17:54:52,077 starting epoch 109
INFO 2021-01-29 17:55:07,639 train correct: 99.79666666666667
INFO 2021-01-29 17:55:10,110 Test Accuracy: 99.43
INFO 2021-01-29 17:55:10,111 starting epoch 110
INFO 2021-01-29 17:55:25,624 train correct: 99.83166666666666
INFO 2021-01-29 17:55:28,104 Test Accuracy: 99.47
INFO 2021-01-29 17:55:28,104 starting epoch 111
INFO 2021-01-29 17:55:43,041 train correct: 99.79333333333334
INFO 2021-01-29 17:55:45,384 Test Accuracy: 99.47
INFO 2021-01-29 17:55:45,385 starting epoch 112
INFO 2021-01-29 17:56:00,225 train correct: 99.78166666666667
INFO 2021-01-29 17:56:02,590 Test Accuracy: 99.36
INFO 2021-01-29 17:56:02,591 starting epoch 113
INFO 2021-01-29 17:56:17,470 train correct: 99.795
INFO 2021-01-29 17:56:19,812 Test Accuracy: 99.46
INFO 2021-01-29 17:56:19,813 starting epoch 114
INFO 2021-01-29 17:56:34,745 train correct: 99.79
INFO 2021-01-29 17:56:37,112 Test Accuracy: 99.42
INFO 2021-01-29 17:56:37,113 starting epoch 115
INFO 2021-01-29 17:56:51,994 train correct: 99.77666666666667
INFO 2021-01-29 17:56:54,326 Test Accuracy: 99.45
INFO 2021-01-29 17:56:54,326 starting epoch 116
INFO 2021-01-29 17:57:09,186 train correct: 99.80166666666666
INFO 2021-01-29 17:57:11,541 Test Accuracy: 99.38
INFO 2021-01-29 17:57:11,541 starting epoch 117
INFO 2021-01-29 17:57:26,418 train correct: 99.79333333333334
INFO 2021-01-29 17:57:28,757 Test Accuracy: 99.54
INFO 2021-01-29 17:57:28,758 starting epoch 118
INFO 2021-01-29 17:57:43,650 train correct: 99.80166666666666
INFO 2021-01-29 17:57:45,960 Test Accuracy: 99.45
INFO 2021-01-29 17:57:45,960 starting epoch 119
INFO 2021-01-29 17:58:00,751 train correct: 99.81666666666666
INFO 2021-01-29 17:58:03,107 Test Accuracy: 99.43
INFO 2021-01-29 17:58:03,108 starting epoch 120
INFO 2021-01-29 17:58:17,936 train correct: 99.81333333333333
INFO 2021-01-29 17:58:20,294 Test Accuracy: 99.42
INFO 2021-01-29 17:58:20,294 starting epoch 121
INFO 2021-01-29 17:58:35,053 train correct: 99.805
INFO 2021-01-29 17:58:37,369 Test Accuracy: 99.44
INFO 2021-01-29 17:58:37,369 starting epoch 122
INFO 2021-01-29 17:58:52,127 train correct: 99.785
INFO 2021-01-29 17:58:54,498 Test Accuracy: 99.44
INFO 2021-01-29 17:58:54,498 starting epoch 123
INFO 2021-01-29 17:59:09,246 train correct: 99.80666666666667
INFO 2021-01-29 17:59:11,559 Test Accuracy: 99.48
INFO 2021-01-29 17:59:11,560 starting epoch 124
INFO 2021-01-29 17:59:26,317 train correct: 99.805
INFO 2021-01-29 17:59:28,656 Test Accuracy: 99.5
INFO 2021-01-29 17:59:28,657 starting epoch 125
INFO 2021-01-29 17:59:43,167 train correct: 99.79666666666667
INFO 2021-01-29 17:59:45,436 Test Accuracy: 99.49
INFO 2021-01-29 17:59:45,436 starting epoch 126
INFO 2021-01-29 17:59:59,870 train correct: 99.79833333333333
INFO 2021-01-29 18:00:02,147 Test Accuracy: 99.39
INFO 2021-01-29 18:00:02,148 starting epoch 127
INFO 2021-01-29 18:00:16,631 train correct: 99.795
INFO 2021-01-29 18:00:18,920 Test Accuracy: 99.57
INFO 2021-01-29 18:00:18,921 starting epoch 128
INFO 2021-01-29 18:00:33,443 train correct: 99.79666666666667
INFO 2021-01-29 18:00:35,732 Test Accuracy: 99.52
INFO 2021-01-29 18:00:35,732 starting epoch 129
INFO 2021-01-29 18:00:50,221 train correct: 99.80333333333333
INFO 2021-01-29 18:00:52,496 Test Accuracy: 99.42
INFO 2021-01-29 18:00:52,497 starting epoch 130
INFO 2021-01-29 18:01:07,076 train correct: 99.78666666666666
INFO 2021-01-29 18:01:09,401 Test Accuracy: 99.5
INFO 2021-01-29 18:01:09,402 starting epoch 131
INFO 2021-01-29 18:01:24,040 train correct: 99.80833333333334
INFO 2021-01-29 18:01:26,355 Test Accuracy: 99.49
INFO 2021-01-29 18:01:26,356 starting epoch 132
INFO 2021-01-29 18:01:41,033 train correct: 99.80333333333333
INFO 2021-01-29 18:01:43,372 Test Accuracy: 99.53
INFO 2021-01-29 18:01:43,372 starting epoch 133
INFO 2021-01-29 18:01:58,005 train correct: 99.81666666666666
INFO 2021-01-29 18:02:00,310 Test Accuracy: 99.47
INFO 2021-01-29 18:02:00,310 starting epoch 134
INFO 2021-01-29 18:02:14,909 train correct: 99.805
INFO 2021-01-29 18:02:17,227 Test Accuracy: 99.49
INFO 2021-01-29 18:02:17,227 starting epoch 135
INFO 2021-01-29 18:02:31,852 train correct: 99.79666666666667
INFO 2021-01-29 18:02:34,163 Test Accuracy: 99.44
INFO 2021-01-29 18:02:34,164 starting epoch 136
INFO 2021-01-29 18:02:48,855 train correct: 99.79833333333333
INFO 2021-01-29 18:02:51,183 Test Accuracy: 99.48
INFO 2021-01-29 18:02:51,184 starting epoch 137
INFO 2021-01-29 18:03:05,882 train correct: 99.79
INFO 2021-01-29 18:03:08,203 Test Accuracy: 99.44
INFO 2021-01-29 18:03:08,203 starting epoch 138
INFO 2021-01-29 18:03:22,883 train correct: 99.83166666666666
INFO 2021-01-29 18:03:25,182 Test Accuracy: 99.4
INFO 2021-01-29 18:03:25,182 starting epoch 139
INFO 2021-01-29 18:03:39,828 train correct: 99.8
INFO 2021-01-29 18:03:42,153 Test Accuracy: 99.53
INFO 2021-01-29 18:03:42,153 starting epoch 140
INFO 2021-01-29 18:03:56,804 train correct: 99.80166666666666
INFO 2021-01-29 18:03:59,118 Test Accuracy: 99.55
INFO 2021-01-29 18:03:59,118 starting epoch 141
INFO 2021-01-29 18:04:13,791 train correct: 99.81833333333333
INFO 2021-01-29 18:04:16,112 Test Accuracy: 99.48
INFO 2021-01-29 18:04:16,112 starting epoch 142
INFO 2021-01-29 18:04:30,761 train correct: 99.815
INFO 2021-01-29 18:04:33,084 Test Accuracy: 99.33
INFO 2021-01-29 18:04:33,084 starting epoch 143
INFO 2021-01-29 18:04:47,746 train correct: 99.83166666666666
INFO 2021-01-29 18:04:50,079 Test Accuracy: 99.52
INFO 2021-01-29 18:04:50,080 starting epoch 144
INFO 2021-01-29 18:05:04,807 train correct: 99.815
INFO 2021-01-29 18:05:07,146 Test Accuracy: 99.51
INFO 2021-01-29 18:05:07,147 starting epoch 145
INFO 2021-01-29 18:05:21,937 train correct: 99.815
INFO 2021-01-29 18:05:24,274 Test Accuracy: 99.46
INFO 2021-01-29 18:05:24,274 starting epoch 146
INFO 2021-01-29 18:05:38,974 train correct: 99.82
INFO 2021-01-29 18:05:41,291 Test Accuracy: 99.5
INFO 2021-01-29 18:05:41,291 starting epoch 147
INFO 2021-01-29 18:05:55,946 train correct: 99.80666666666667
INFO 2021-01-29 18:05:58,274 Test Accuracy: 99.42
INFO 2021-01-29 18:05:58,275 starting epoch 148
INFO 2021-01-29 18:06:12,940 train correct: 99.80166666666666
INFO 2021-01-29 18:06:15,259 Test Accuracy: 99.5
INFO 2021-01-29 18:06:15,259 starting epoch 149
INFO 2021-01-29 18:06:30,814 train correct: 99.78
INFO 2021-01-29 18:06:33,361 Test Accuracy: 99.46
INFO 2021-01-29 18:06:33,362 starting epoch 150
INFO 2021-01-29 18:06:49,295 train correct: 99.79666666666667
INFO 2021-01-29 18:06:51,829 Test Accuracy: 99.37
INFO 2021-01-29 18:06:51,830 starting epoch 151
INFO 2021-01-29 18:07:07,717 train correct: 99.805
INFO 2021-01-29 18:07:10,265 Test Accuracy: 99.48
INFO 2021-01-29 18:07:10,265 starting epoch 152
INFO 2021-01-29 18:07:26,172 train correct: 99.81166666666667
INFO 2021-01-29 18:07:28,726 Test Accuracy: 99.51
INFO 2021-01-29 18:07:28,726 starting epoch 153
INFO 2021-01-29 18:07:44,694 train correct: 99.815
INFO 2021-01-29 18:07:47,231 Test Accuracy: 99.46
INFO 2021-01-29 18:07:47,232 starting epoch 154
INFO 2021-01-29 18:08:03,132 train correct: 99.80333333333333
INFO 2021-01-29 18:08:05,673 Test Accuracy: 99.61
INFO 2021-01-29 18:08:05,673 starting epoch 155
INFO 2021-01-29 18:08:21,658 train correct: 99.81166666666667
INFO 2021-01-29 18:08:24,189 Test Accuracy: 99.42
INFO 2021-01-29 18:08:24,189 starting epoch 156
INFO 2021-01-29 18:08:40,136 train correct: 99.81833333333333
INFO 2021-01-29 18:08:42,706 Test Accuracy: 99.49
INFO 2021-01-29 18:08:42,706 starting epoch 157
INFO 2021-01-29 18:08:58,730 train correct: 99.815
INFO 2021-01-29 18:09:01,267 Test Accuracy: 99.51
INFO 2021-01-29 18:09:01,267 starting epoch 158
INFO 2021-01-29 18:09:17,221 train correct: 99.82
INFO 2021-01-29 18:09:19,783 Test Accuracy: 99.48
INFO 2021-01-29 18:09:19,783 starting epoch 159
INFO 2021-01-29 18:09:35,728 train correct: 99.81
INFO 2021-01-29 18:09:38,292 Test Accuracy: 99.53
INFO 2021-01-29 18:09:38,293 starting epoch 160
INFO 2021-01-29 18:09:54,146 train correct: 99.8
INFO 2021-01-29 18:09:56,692 Test Accuracy: 99.48
INFO 2021-01-29 18:09:56,693 starting epoch 161
INFO 2021-01-29 18:10:12,572 train correct: 99.82
INFO 2021-01-29 18:10:15,110 Test Accuracy: 99.5
INFO 2021-01-29 18:10:15,111 starting epoch 162
INFO 2021-01-29 18:10:31,009 train correct: 99.80833333333334
INFO 2021-01-29 18:10:33,547 Test Accuracy: 99.5
INFO 2021-01-29 18:10:33,547 starting epoch 163
INFO 2021-01-29 18:10:49,436 train correct: 99.82166666666667
INFO 2021-01-29 18:10:51,950 Test Accuracy: 99.46
INFO 2021-01-29 18:10:51,950 starting epoch 164
INFO 2021-01-29 18:11:07,801 train correct: 99.82833333333333
INFO 2021-01-29 18:11:10,111 Test Accuracy: 99.43
INFO 2021-01-29 18:11:10,111 starting epoch 165
INFO 2021-01-29 18:11:24,654 train correct: 99.82333333333334
INFO 2021-01-29 18:11:27,056 Test Accuracy: 99.49
INFO 2021-01-29 18:11:27,056 starting epoch 166
INFO 2021-01-29 18:11:41,476 train correct: 99.81
INFO 2021-01-29 18:11:43,739 Test Accuracy: 99.44
INFO 2021-01-29 18:11:43,739 starting epoch 167
INFO 2021-01-29 18:11:58,100 train correct: 99.81666666666666
INFO 2021-01-29 18:12:00,435 Test Accuracy: 99.48
INFO 2021-01-29 18:12:00,436 starting epoch 168
INFO 2021-01-29 18:12:15,305 train correct: 99.81833333333333
INFO 2021-01-29 18:12:17,622 Test Accuracy: 99.42
INFO 2021-01-29 18:12:17,622 starting epoch 169
INFO 2021-01-29 18:12:32,304 train correct: 99.825
INFO 2021-01-29 18:12:34,640 Test Accuracy: 99.42
INFO 2021-01-29 18:12:34,640 starting epoch 170
INFO 2021-01-29 18:12:49,439 train correct: 99.835
INFO 2021-01-29 18:12:51,818 Test Accuracy: 99.46
INFO 2021-01-29 18:12:51,818 starting epoch 171
INFO 2021-01-29 18:13:06,480 train correct: 99.83666666666667
INFO 2021-01-29 18:13:08,824 Test Accuracy: 99.5
INFO 2021-01-29 18:13:08,824 starting epoch 172
INFO 2021-01-29 18:13:23,528 train correct: 99.825
INFO 2021-01-29 18:13:25,865 Test Accuracy: 99.45
INFO 2021-01-29 18:13:25,865 starting epoch 173
INFO 2021-01-29 18:13:40,731 train correct: 99.81333333333333
INFO 2021-01-29 18:13:43,068 Test Accuracy: 99.54
INFO 2021-01-29 18:13:43,068 starting epoch 174
INFO 2021-01-29 18:13:57,728 train correct: 99.80166666666666
INFO 2021-01-29 18:14:00,116 Test Accuracy: 99.44
INFO 2021-01-29 18:14:00,116 starting epoch 175
INFO 2021-01-29 18:14:15,330 train correct: 99.82
INFO 2021-01-29 18:14:17,864 Test Accuracy: 99.44
INFO 2021-01-29 18:14:17,864 starting epoch 176
INFO 2021-01-29 18:14:33,475 train correct: 99.825
INFO 2021-01-29 18:14:35,971 Test Accuracy: 99.51
INFO 2021-01-29 18:14:35,971 starting epoch 177
INFO 2021-01-29 18:14:51,671 train correct: 99.83166666666666
INFO 2021-01-29 18:14:54,202 Test Accuracy: 99.51
INFO 2021-01-29 18:14:54,202 starting epoch 178
INFO 2021-01-29 18:15:09,745 train correct: 99.82166666666667
INFO 2021-01-29 18:15:12,243 Test Accuracy: 99.44
INFO 2021-01-29 18:15:12,243 starting epoch 179
INFO 2021-01-29 18:15:28,004 train correct: 99.83166666666666
INFO 2021-01-29 18:15:30,498 Test Accuracy: 99.5
INFO 2021-01-29 18:15:30,498 starting epoch 180
INFO 2021-01-29 18:15:46,193 train correct: 99.83333333333333
INFO 2021-01-29 18:15:48,694 Test Accuracy: 99.52
INFO 2021-01-29 18:15:48,694 starting epoch 181
INFO 2021-01-29 18:16:04,379 train correct: 99.81666666666666
INFO 2021-01-29 18:16:06,875 Test Accuracy: 99.37
INFO 2021-01-29 18:16:06,875 starting epoch 182
INFO 2021-01-29 18:16:22,559 train correct: 99.84333333333333
INFO 2021-01-29 18:16:25,055 Test Accuracy: 99.52
INFO 2021-01-29 18:16:25,055 starting epoch 183
INFO 2021-01-29 18:16:40,734 train correct: 99.82166666666667
INFO 2021-01-29 18:16:43,248 Test Accuracy: 99.52
INFO 2021-01-29 18:16:43,249 starting epoch 184
INFO 2021-01-29 18:16:58,956 train correct: 99.83166666666666
INFO 2021-01-29 18:17:01,438 Test Accuracy: 99.48
INFO 2021-01-29 18:17:01,438 starting epoch 185
INFO 2021-01-29 18:17:17,077 train correct: 99.825
INFO 2021-01-29 18:17:19,569 Test Accuracy: 99.46
INFO 2021-01-29 18:17:19,569 starting epoch 186
INFO 2021-01-29 18:17:35,198 train correct: 99.82
INFO 2021-01-29 18:17:37,699 Test Accuracy: 99.49
INFO 2021-01-29 18:17:37,700 starting epoch 187
INFO 2021-01-29 18:17:53,396 train correct: 99.82666666666667
INFO 2021-01-29 18:17:55,887 Test Accuracy: 99.38
INFO 2021-01-29 18:17:55,887 starting epoch 188
INFO 2021-01-29 18:18:11,571 train correct: 99.83666666666667
INFO 2021-01-29 18:18:14,061 Test Accuracy: 99.5
INFO 2021-01-29 18:18:14,062 starting epoch 189
INFO 2021-01-29 18:18:29,639 train correct: 99.83666666666667
INFO 2021-01-29 18:18:32,092 Test Accuracy: 99.51
