INFO 2021-01-28 00:10:21,219 Code running on cuda:0
INFO 2021-01-28 00:10:21,221 config: {'dataset': 'mnist', 'input_shape': 784, 'output_shape': 10, 'data_augmentation': False, 'epochs': 500, 'criterion': 'crossentropy', 'validation_split': 0.1, 'lr_scheduler': 'cosine', 'batch_size': 100, 'lr_init': 0.0003, 'lr_final': 1e-16, 'drop_prob': 0.2, 'batch_affine': False, 'model_architecture': 'BinaryConnect', 'momentum': 0.15, 'grad_clip_value': 1, 'weight_clip_value': 1}
INFO 2021-01-28 00:10:34,404 BinaryConnect(
  (dropout1): Dropout(p=0.2, inplace=False)
  (dropout2): Dropout(p=0.2, inplace=False)
  (dropout3): Dropout(p=0.2, inplace=False)
  (dropout4): Dropout(p=0.2, inplace=False)
  (fc1): Linear(in_features=784, out_features=2048, bias=False)
  (fc2): Linear(in_features=2048, out_features=2048, bias=False)
  (fc3): Linear(in_features=2048, out_features=2048, bias=False)
  (fc4): Linear(in_features=2048, out_features=10, bias=False)
  (bn1): BatchNorm1d(2048, eps=0.0001, momentum=0.15, affine=False, track_running_stats=True)
  (bn2): BatchNorm1d(2048, eps=0.0001, momentum=0.15, affine=False, track_running_stats=True)
  (bn3): BatchNorm1d(2048, eps=0.0001, momentum=0.15, affine=False, track_running_stats=True)
  (bn4): BatchNorm1d(10, eps=0.0001, momentum=0.15, affine=False, track_running_stats=True)
)
INFO 2021-01-28 00:10:34,404 Starting training with Full-Precision optimizer...
INFO 2021-01-28 00:10:34,405 Criterion: CrossEntropyLoss()
INFO 2021-01-28 00:10:34,405 Optimizer: Adam (
Parameter Group 0
    amsgrad: False
    betas: (0.9, 0.999)
    eps: 1e-08
    initial_lr: 0.0003
    lr: 0.0003
    weight_decay: 0
)
INFO 2021-01-28 00:10:34,406 starting epoch 0
INFO 2021-01-28 00:10:55,036 train correct: 92.62777777777778
INFO 2021-01-28 00:10:57,472 Validation Accuracy: 96.75
INFO 2021-01-28 00:11:01,381 Test Accuracy: 96.95
INFO 2021-01-28 00:11:01,381 starting epoch 1
INFO 2021-01-28 00:11:23,258 train correct: 96.08518518518518
INFO 2021-01-28 00:11:25,684 Validation Accuracy: 97.21666666666667
INFO 2021-01-28 00:11:29,633 Test Accuracy: 97.63
INFO 2021-01-28 00:11:29,634 starting epoch 2
INFO 2021-01-28 00:11:52,298 train correct: 96.97222222222223
INFO 2021-01-28 00:11:54,524 Validation Accuracy: 97.81666666666666
INFO 2021-01-28 00:11:58,501 Test Accuracy: 97.89
INFO 2021-01-28 00:11:58,502 starting epoch 3
INFO 2021-01-28 00:12:20,932 train correct: 97.34444444444445
INFO 2021-01-28 00:12:23,375 Validation Accuracy: 97.78333333333333
INFO 2021-01-28 00:12:27,497 Test Accuracy: 98.06
INFO 2021-01-28 00:12:27,498 starting epoch 4
INFO 2021-01-28 00:12:54,784 train correct: 97.81481481481481
INFO 2021-01-28 00:12:57,139 Validation Accuracy: 98.08333333333333
INFO 2021-01-28 00:13:02,500 Test Accuracy: 98.08
INFO 2021-01-28 00:13:02,500 starting epoch 5
INFO 2021-01-28 00:13:30,636 train correct: 98.00555555555556
INFO 2021-01-28 00:13:34,177 Validation Accuracy: 98.16666666666667
INFO 2021-01-28 00:13:39,586 Test Accuracy: 98.22
INFO 2021-01-28 00:13:39,586 starting epoch 6
INFO 2021-01-28 00:14:05,617 train correct: 98.12777777777778
INFO 2021-01-28 00:14:09,059 Validation Accuracy: 98.3
INFO 2021-01-28 00:14:14,650 Test Accuracy: 98.36
INFO 2021-01-28 00:14:14,651 starting epoch 7
INFO 2021-01-28 00:14:41,068 train correct: 98.24814814814815
INFO 2021-01-28 00:14:44,442 Validation Accuracy: 98.33333333333333
INFO 2021-01-28 00:14:49,818 Test Accuracy: 98.58
INFO 2021-01-28 00:14:49,818 starting epoch 8
INFO 2021-01-28 00:15:15,829 train correct: 98.36666666666666
INFO 2021-01-28 00:15:19,325 Validation Accuracy: 98.16666666666667
INFO 2021-01-28 00:15:24,991 Test Accuracy: 98.57
INFO 2021-01-28 00:15:24,992 starting epoch 9
INFO 2021-01-28 00:15:50,729 train correct: 98.56111111111112
INFO 2021-01-28 00:15:54,213 Validation Accuracy: 98.4
INFO 2021-01-28 00:15:59,686 Test Accuracy: 98.54
INFO 2021-01-28 00:15:59,686 starting epoch 10
INFO 2021-01-28 00:16:25,875 train correct: 98.62037037037037
INFO 2021-01-28 00:16:29,367 Validation Accuracy: 98.55
INFO 2021-01-28 00:16:35,102 Test Accuracy: 98.41
INFO 2021-01-28 00:16:35,103 starting epoch 11
INFO 2021-01-28 00:17:02,512 train correct: 98.76296296296296
INFO 2021-01-28 00:17:06,052 Validation Accuracy: 98.51666666666667
INFO 2021-01-28 00:17:09,911 Test Accuracy: 98.65
INFO 2021-01-28 00:17:09,912 starting epoch 12
INFO 2021-01-28 00:17:37,252 train correct: 98.81666666666666
INFO 2021-01-28 00:17:40,810 Validation Accuracy: 98.48333333333333
INFO 2021-01-28 00:17:44,302 Test Accuracy: 98.53
INFO 2021-01-28 00:17:44,302 starting epoch 13
INFO 2021-01-28 00:18:12,480 train correct: 98.89074074074074
INFO 2021-01-28 00:18:15,373 Validation Accuracy: 98.58333333333333
INFO 2021-01-28 00:18:18,685 Test Accuracy: 98.68
INFO 2021-01-28 00:18:18,686 starting epoch 14
INFO 2021-01-28 00:18:47,399 train correct: 98.94074074074074
INFO 2021-01-28 00:18:50,049 Validation Accuracy: 98.45
INFO 2021-01-28 00:18:53,469 Test Accuracy: 98.58
INFO 2021-01-28 00:18:53,469 starting epoch 15
INFO 2021-01-28 00:19:22,119 train correct: 99.01481481481481
INFO 2021-01-28 00:19:24,377 Validation Accuracy: 98.58333333333333
INFO 2021-01-28 00:19:27,679 Test Accuracy: 98.67
INFO 2021-01-28 00:19:27,680 starting epoch 16
INFO 2021-01-28 00:19:57,065 train correct: 99.07962962962964
INFO 2021-01-28 00:19:59,307 Validation Accuracy: 98.61666666666666
INFO 2021-01-28 00:20:02,611 Test Accuracy: 98.67
INFO 2021-01-28 00:20:02,612 starting epoch 17
INFO 2021-01-28 00:20:31,546 train correct: 99.16666666666667
INFO 2021-01-28 00:20:33,660 Validation Accuracy: 98.53333333333333
INFO 2021-01-28 00:20:37,044 Test Accuracy: 98.65
INFO 2021-01-28 00:20:37,045 starting epoch 18
INFO 2021-01-28 00:21:07,200 train correct: 99.19814814814815
INFO 2021-01-28 00:21:09,362 Validation Accuracy: 98.56666666666666
INFO 2021-01-28 00:21:12,714 Test Accuracy: 98.74
INFO 2021-01-28 00:21:12,715 starting epoch 19
INFO 2021-01-28 00:21:41,767 train correct: 99.23148148148148
INFO 2021-01-28 00:21:43,888 Validation Accuracy: 98.63333333333334
INFO 2021-01-28 00:21:47,581 Test Accuracy: 98.72
INFO 2021-01-28 00:21:47,582 starting epoch 20
INFO 2021-01-28 00:22:16,330 train correct: 99.27962962962962
INFO 2021-01-28 00:22:18,428 Validation Accuracy: 98.68333333333334
INFO 2021-01-28 00:22:22,339 Test Accuracy: 98.72
INFO 2021-01-28 00:22:22,339 starting epoch 21
INFO 2021-01-28 00:22:50,756 train correct: 99.31481481481481
INFO 2021-01-28 00:22:52,905 Validation Accuracy: 98.56666666666666
INFO 2021-01-28 00:22:57,084 Test Accuracy: 98.66
INFO 2021-01-28 00:22:57,084 starting epoch 22
INFO 2021-01-28 00:23:25,628 train correct: 99.3037037037037
INFO 2021-01-28 00:23:28,380 Validation Accuracy: 98.75
INFO 2021-01-28 00:23:32,803 Test Accuracy: 98.71
INFO 2021-01-28 00:23:32,804 starting epoch 23
INFO 2021-01-28 00:24:00,839 train correct: 99.32407407407408
INFO 2021-01-28 00:24:03,148 Validation Accuracy: 98.66666666666667
INFO 2021-01-28 00:24:06,890 Test Accuracy: 98.76
INFO 2021-01-28 00:24:06,891 starting epoch 24
INFO 2021-01-28 00:24:34,271 train correct: 99.40555555555555
INFO 2021-01-28 00:24:36,470 Validation Accuracy: 98.71666666666667
INFO 2021-01-28 00:24:39,973 Test Accuracy: 98.79
INFO 2021-01-28 00:24:39,974 starting epoch 25
INFO 2021-01-28 00:25:07,806 train correct: 99.40925925925926
INFO 2021-01-28 00:25:09,903 Validation Accuracy: 98.85
INFO 2021-01-28 00:25:13,516 Test Accuracy: 98.79
INFO 2021-01-28 00:25:13,517 starting epoch 26
INFO 2021-01-28 00:25:41,136 train correct: 99.43518518518519
INFO 2021-01-28 00:25:43,297 Validation Accuracy: 98.75
INFO 2021-01-28 00:25:46,893 Test Accuracy: 98.79
INFO 2021-01-28 00:25:46,894 starting epoch 27
INFO 2021-01-28 00:26:14,248 train correct: 99.48518518518519
INFO 2021-01-28 00:26:16,436 Validation Accuracy: 98.55
INFO 2021-01-28 00:26:19,907 Test Accuracy: 98.68
INFO 2021-01-28 00:26:19,907 starting epoch 28
INFO 2021-01-28 00:26:49,355 train correct: 99.42222222222222
INFO 2021-01-28 00:26:52,412 Validation Accuracy: 98.85
INFO 2021-01-28 00:26:55,823 Test Accuracy: 98.84
INFO 2021-01-28 00:26:55,823 starting epoch 29
INFO 2021-01-28 00:27:24,083 train correct: 99.4962962962963
INFO 2021-01-28 00:27:27,441 Validation Accuracy: 98.71666666666667
INFO 2021-01-28 00:27:30,857 Test Accuracy: 98.68
INFO 2021-01-28 00:27:30,857 starting epoch 30
INFO 2021-01-28 00:27:58,051 train correct: 99.55
INFO 2021-01-28 00:28:01,487 Validation Accuracy: 98.51666666666667
INFO 2021-01-28 00:28:06,967 Test Accuracy: 98.87
INFO 2021-01-28 00:28:06,967 starting epoch 31
INFO 2021-01-28 00:28:33,539 train correct: 99.47592592592592
INFO 2021-01-28 00:28:36,784 Validation Accuracy: 98.78333333333333
INFO 2021-01-28 00:28:42,038 Test Accuracy: 98.73
INFO 2021-01-28 00:28:42,038 starting epoch 32
INFO 2021-01-28 00:29:07,851 train correct: 99.55740740740741
INFO 2021-01-28 00:29:11,311 Validation Accuracy: 98.66666666666667
INFO 2021-01-28 00:29:16,831 Test Accuracy: 98.81
INFO 2021-01-28 00:29:16,831 starting epoch 33
INFO 2021-01-28 00:29:42,121 train correct: 99.56666666666666
INFO 2021-01-28 00:29:45,592 Validation Accuracy: 98.68333333333334
INFO 2021-01-28 00:29:51,294 Test Accuracy: 98.78
INFO 2021-01-28 00:29:51,294 starting epoch 34
INFO 2021-01-28 00:30:16,273 train correct: 99.53148148148148
INFO 2021-01-28 00:30:19,663 Validation Accuracy: 98.76666666666667
INFO 2021-01-28 00:30:25,193 Test Accuracy: 98.83
INFO 2021-01-28 00:30:25,194 starting epoch 35
INFO 2021-01-28 00:30:50,045 train correct: 99.54629629629629
INFO 2021-01-28 00:30:53,079 Validation Accuracy: 98.78333333333333
INFO 2021-01-28 00:30:58,683 Test Accuracy: 98.87
INFO 2021-01-28 00:30:58,684 starting epoch 36
INFO 2021-01-28 00:31:26,165 train correct: 99.61666666666666
INFO 2021-01-28 00:31:29,085 Validation Accuracy: 98.83333333333333
INFO 2021-01-28 00:31:33,353 Test Accuracy: 98.85
INFO 2021-01-28 00:31:33,354 starting epoch 37
INFO 2021-01-28 00:32:01,831 train correct: 99.65185185185184
INFO 2021-01-28 00:32:04,059 Validation Accuracy: 98.78333333333333
INFO 2021-01-28 00:32:08,428 Test Accuracy: 98.9
INFO 2021-01-28 00:32:08,428 starting epoch 38
INFO 2021-01-28 00:32:38,090 train correct: 99.63148148148149
INFO 2021-01-28 00:32:40,188 Validation Accuracy: 98.81666666666666
INFO 2021-01-28 00:32:43,488 Test Accuracy: 98.79
INFO 2021-01-28 00:32:43,489 starting epoch 39
INFO 2021-01-28 00:33:12,499 train correct: 99.61111111111111
INFO 2021-01-28 00:33:15,978 Validation Accuracy: 98.9
INFO 2021-01-28 00:33:19,922 Test Accuracy: 98.88
INFO 2021-01-28 00:33:19,923 starting epoch 40
INFO 2021-01-28 00:33:46,951 train correct: 99.64259259259259
INFO 2021-01-28 00:33:50,195 Validation Accuracy: 98.73333333333333
INFO 2021-01-28 00:33:55,603 Test Accuracy: 98.82
INFO 2021-01-28 00:33:55,604 starting epoch 41
INFO 2021-01-28 00:34:21,219 train correct: 99.66111111111111
INFO 2021-01-28 00:34:24,702 Validation Accuracy: 98.81666666666666
INFO 2021-01-28 00:34:30,310 Test Accuracy: 98.78
INFO 2021-01-28 00:34:30,310 starting epoch 42
INFO 2021-01-28 00:34:55,252 train correct: 99.63888888888889
INFO 2021-01-28 00:34:58,745 Validation Accuracy: 98.81666666666666
INFO 2021-01-28 00:35:04,291 Test Accuracy: 98.9
INFO 2021-01-28 00:35:04,291 starting epoch 43
INFO 2021-01-28 00:35:31,102 train correct: 99.68703703703704
INFO 2021-01-28 00:35:34,214 Validation Accuracy: 98.73333333333333
INFO 2021-01-28 00:35:38,534 Test Accuracy: 98.79
INFO 2021-01-28 00:35:38,534 starting epoch 44
INFO 2021-01-28 00:36:08,312 train correct: 99.68518518518519
INFO 2021-01-28 00:36:10,460 Validation Accuracy: 98.71666666666667
INFO 2021-01-28 00:36:14,325 Test Accuracy: 98.85
INFO 2021-01-28 00:36:14,325 starting epoch 45
INFO 2021-01-28 00:36:44,754 train correct: 99.66111111111111
INFO 2021-01-28 00:36:47,892 Validation Accuracy: 98.83333333333333
INFO 2021-01-28 00:36:51,206 Test Accuracy: 98.91
INFO 2021-01-28 00:36:51,206 starting epoch 46
INFO 2021-01-28 00:37:18,135 train correct: 99.70555555555555
INFO 2021-01-28 00:37:21,549 Validation Accuracy: 98.83333333333333
INFO 2021-01-28 00:37:26,987 Test Accuracy: 98.77
INFO 2021-01-28 00:37:26,988 starting epoch 47
INFO 2021-01-28 00:37:51,687 train correct: 99.71111111111111
INFO 2021-01-28 00:37:55,249 Validation Accuracy: 98.81666666666666
INFO 2021-01-28 00:38:00,700 Test Accuracy: 98.92
INFO 2021-01-28 00:38:00,701 starting epoch 48
INFO 2021-01-28 00:38:26,350 train correct: 99.69814814814815
INFO 2021-01-28 00:38:29,468 Validation Accuracy: 98.83333333333333
INFO 2021-01-28 00:38:33,468 Test Accuracy: 98.93
INFO 2021-01-28 00:38:33,468 starting epoch 49
INFO 2021-01-28 00:39:03,760 train correct: 99.71851851851852
INFO 2021-01-28 00:39:05,870 Validation Accuracy: 98.7
INFO 2021-01-28 00:39:09,302 Test Accuracy: 98.81
INFO 2021-01-28 00:39:09,302 starting epoch 50
INFO 2021-01-28 00:39:39,114 train correct: 99.72777777777777
INFO 2021-01-28 00:39:42,597 Validation Accuracy: 98.85
INFO 2021-01-28 00:39:46,975 Test Accuracy: 99.0
INFO 2021-01-28 00:39:46,976 starting epoch 51
INFO 2021-01-28 00:40:11,897 train correct: 99.72777777777777
INFO 2021-01-28 00:40:15,408 Validation Accuracy: 98.7
INFO 2021-01-28 00:40:20,934 Test Accuracy: 98.93
INFO 2021-01-28 00:40:20,934 starting epoch 52
INFO 2021-01-28 00:40:45,548 train correct: 99.71851851851852
INFO 2021-01-28 00:40:47,869 Validation Accuracy: 98.78333333333333
INFO 2021-01-28 00:40:53,410 Test Accuracy: 98.87
INFO 2021-01-28 00:40:53,411 starting epoch 53
INFO 2021-01-28 00:41:21,951 train correct: 99.70555555555555
INFO 2021-01-28 00:41:24,035 Validation Accuracy: 98.85
INFO 2021-01-28 00:41:27,929 Test Accuracy: 98.87
INFO 2021-01-28 00:41:27,930 starting epoch 54
INFO 2021-01-28 00:41:58,394 train correct: 99.74814814814815
INFO 2021-01-28 00:42:01,643 Validation Accuracy: 98.85
INFO 2021-01-28 00:42:04,987 Test Accuracy: 98.92
INFO 2021-01-28 00:42:04,987 starting epoch 55
INFO 2021-01-28 00:42:31,138 train correct: 99.74259259259259
INFO 2021-01-28 00:42:34,468 Validation Accuracy: 98.81666666666666
INFO 2021-01-28 00:42:40,109 Test Accuracy: 98.83
INFO 2021-01-28 00:42:40,109 starting epoch 56
INFO 2021-01-28 00:43:03,835 train correct: 99.77592592592593
INFO 2021-01-28 00:43:07,324 Validation Accuracy: 98.81666666666666
INFO 2021-01-28 00:43:13,015 Test Accuracy: 98.96
INFO 2021-01-28 00:43:13,015 starting epoch 57
INFO 2021-01-28 00:43:40,194 train correct: 99.76851851851852
INFO 2021-01-28 00:43:42,546 Validation Accuracy: 98.73333333333333
INFO 2021-01-28 00:43:47,484 Test Accuracy: 98.94
INFO 2021-01-28 00:43:47,485 starting epoch 58
INFO 2021-01-28 00:44:19,220 train correct: 99.79074074074074
INFO 2021-01-28 00:44:21,636 Validation Accuracy: 98.76666666666667
INFO 2021-01-28 00:44:25,043 Test Accuracy: 98.87
INFO 2021-01-28 00:44:25,043 starting epoch 59
INFO 2021-01-28 00:44:53,316 train correct: 99.78518518518518
INFO 2021-01-28 00:44:56,754 Validation Accuracy: 98.83333333333333
INFO 2021-01-28 00:45:02,199 Test Accuracy: 98.83
INFO 2021-01-28 00:45:02,200 starting epoch 60
INFO 2021-01-28 00:45:25,665 train correct: 99.77222222222223
INFO 2021-01-28 00:45:29,249 Validation Accuracy: 98.66666666666667
INFO 2021-01-28 00:45:34,774 Test Accuracy: 98.88
INFO 2021-01-28 00:45:34,775 starting epoch 61
INFO 2021-01-28 00:46:00,353 train correct: 99.77222222222223
INFO 2021-01-28 00:46:03,379 Validation Accuracy: 98.9
INFO 2021-01-28 00:46:07,319 Test Accuracy: 98.85
INFO 2021-01-28 00:46:07,320 starting epoch 62
INFO 2021-01-28 00:46:38,135 train correct: 99.80925925925926
INFO 2021-01-28 00:46:40,224 Validation Accuracy: 98.85
INFO 2021-01-28 00:46:43,533 Test Accuracy: 98.85
INFO 2021-01-28 00:46:43,534 starting epoch 63
INFO 2021-01-28 00:47:12,575 train correct: 99.75
INFO 2021-01-28 00:47:16,038 Validation Accuracy: 98.8
INFO 2021-01-28 00:47:21,937 Test Accuracy: 98.96
INFO 2021-01-28 00:47:21,938 starting epoch 64
INFO 2021-01-28 00:47:46,114 train correct: 99.81481481481481
INFO 2021-01-28 00:47:49,553 Validation Accuracy: 98.71666666666667
INFO 2021-01-28 00:47:54,986 Test Accuracy: 98.96
INFO 2021-01-28 00:47:54,987 starting epoch 65
INFO 2021-01-28 00:48:19,720 train correct: 99.83333333333333
INFO 2021-01-28 00:48:22,119 Validation Accuracy: 98.9
INFO 2021-01-28 00:48:25,900 Test Accuracy: 98.85
INFO 2021-01-28 00:48:25,901 starting epoch 66
INFO 2021-01-28 00:48:55,432 train correct: 99.83518518518518
INFO 2021-01-28 00:48:57,615 Validation Accuracy: 98.86666666666666
INFO 2021-01-28 00:49:00,993 Test Accuracy: 98.92
INFO 2021-01-28 00:49:00,993 starting epoch 67
INFO 2021-01-28 00:49:26,303 train correct: 99.82407407407408
INFO 2021-01-28 00:49:29,790 Validation Accuracy: 98.83333333333333
INFO 2021-01-28 00:49:35,212 Test Accuracy: 98.86
INFO 2021-01-28 00:49:35,213 starting epoch 68
INFO 2021-01-28 00:49:57,875 train correct: 99.79629629629629
INFO 2021-01-28 00:50:00,222 Validation Accuracy: 98.93333333333334
INFO 2021-01-28 00:50:05,729 Test Accuracy: 98.92
INFO 2021-01-28 00:50:05,730 starting epoch 69
INFO 2021-01-28 00:50:32,963 train correct: 99.8425925925926
INFO 2021-01-28 00:50:35,427 Validation Accuracy: 98.85
INFO 2021-01-28 00:50:39,308 Test Accuracy: 98.75
INFO 2021-01-28 00:50:39,308 starting epoch 70
INFO 2021-01-28 00:51:08,268 train correct: 99.79444444444445
INFO 2021-01-28 00:51:10,923 Validation Accuracy: 98.73333333333333
INFO 2021-01-28 00:51:14,399 Test Accuracy: 98.96
INFO 2021-01-28 00:51:14,399 starting epoch 71
INFO 2021-01-28 00:51:40,444 train correct: 99.80555555555556
INFO 2021-01-28 00:51:42,680 Validation Accuracy: 98.83333333333333
INFO 2021-01-28 00:51:47,034 Test Accuracy: 98.86
INFO 2021-01-28 00:51:47,034 starting epoch 72
INFO 2021-01-28 00:52:16,327 train correct: 99.83333333333333
INFO 2021-01-28 00:52:19,881 Validation Accuracy: 98.88333333333334
INFO 2021-01-28 00:52:25,511 Test Accuracy: 99.0
INFO 2021-01-28 00:52:25,511 starting epoch 73
INFO 2021-01-28 00:52:52,125 train correct: 99.82222222222222
INFO 2021-01-28 00:52:55,395 Validation Accuracy: 98.95
INFO 2021-01-28 00:52:58,885 Test Accuracy: 98.97
INFO 2021-01-28 00:52:58,885 starting epoch 74
INFO 2021-01-28 00:53:25,944 train correct: 99.80740740740741
INFO 2021-01-28 00:53:28,161 Validation Accuracy: 98.93333333333334
INFO 2021-01-28 00:53:32,421 Test Accuracy: 98.88
INFO 2021-01-28 00:53:32,421 starting epoch 75
INFO 2021-01-28 00:53:59,043 train correct: 99.83333333333333
INFO 2021-01-28 00:54:01,789 Validation Accuracy: 98.88333333333334
INFO 2021-01-28 00:54:06,942 Test Accuracy: 98.96
INFO 2021-01-28 00:54:06,942 starting epoch 76
INFO 2021-01-28 00:54:33,558 train correct: 99.82962962962964
INFO 2021-01-28 00:54:37,009 Validation Accuracy: 98.81666666666666
INFO 2021-01-28 00:54:42,481 Test Accuracy: 98.82
INFO 2021-01-28 00:54:42,481 starting epoch 77
INFO 2021-01-28 00:55:09,785 train correct: 99.83518518518518
INFO 2021-01-28 00:55:13,225 Validation Accuracy: 98.75
INFO 2021-01-28 00:55:17,649 Test Accuracy: 98.91
INFO 2021-01-28 00:55:17,649 starting epoch 78
INFO 2021-01-28 00:55:44,873 train correct: 99.84444444444445
INFO 2021-01-28 00:55:47,016 Validation Accuracy: 98.81666666666666
INFO 2021-01-28 00:55:50,932 Test Accuracy: 98.9
INFO 2021-01-28 00:55:50,932 starting epoch 79
INFO 2021-01-28 00:56:18,545 train correct: 99.83888888888889
INFO 2021-01-28 00:56:21,693 Validation Accuracy: 98.81666666666666
INFO 2021-01-28 00:56:26,980 Test Accuracy: 98.92
INFO 2021-01-28 00:56:26,980 starting epoch 80
INFO 2021-01-28 00:56:54,697 train correct: 99.82037037037037
INFO 2021-01-28 00:56:58,001 Validation Accuracy: 98.83333333333333
INFO 2021-01-28 00:57:03,514 Test Accuracy: 98.96
INFO 2021-01-28 00:57:03,514 starting epoch 81
INFO 2021-01-28 00:57:30,650 train correct: 99.84814814814816
INFO 2021-01-28 00:57:34,189 Validation Accuracy: 98.91666666666667
INFO 2021-01-28 00:57:39,076 Test Accuracy: 98.8
INFO 2021-01-28 00:57:39,076 starting epoch 82
INFO 2021-01-28 00:58:06,475 train correct: 99.8462962962963
INFO 2021-01-28 00:58:09,048 Validation Accuracy: 98.8
INFO 2021-01-28 00:58:12,459 Test Accuracy: 98.89
INFO 2021-01-28 00:58:12,460 starting epoch 83
INFO 2021-01-28 00:58:40,207 train correct: 99.83333333333333
INFO 2021-01-28 00:58:42,389 Validation Accuracy: 98.91666666666667
INFO 2021-01-28 00:58:45,926 Test Accuracy: 98.93
INFO 2021-01-28 00:58:45,927 starting epoch 84
INFO 2021-01-28 00:59:13,762 train correct: 99.8462962962963
INFO 2021-01-28 00:59:16,053 Validation Accuracy: 98.83333333333333
INFO 2021-01-28 00:59:19,435 Test Accuracy: 98.93
INFO 2021-01-28 00:59:19,435 starting epoch 85
INFO 2021-01-28 00:59:47,204 train correct: 99.83703703703704
INFO 2021-01-28 00:59:49,378 Validation Accuracy: 98.78333333333333
INFO 2021-01-28 00:59:53,496 Test Accuracy: 98.99
INFO 2021-01-28 00:59:53,496 starting epoch 86
INFO 2021-01-28 01:00:20,852 train correct: 99.8425925925926
INFO 2021-01-28 01:00:23,046 Validation Accuracy: 98.88333333333334
INFO 2021-01-28 01:00:26,595 Test Accuracy: 98.86
INFO 2021-01-28 01:00:26,595 starting epoch 87
INFO 2021-01-28 01:00:53,993 train correct: 99.86296296296297
INFO 2021-01-28 01:00:56,485 Validation Accuracy: 98.81666666666666
INFO 2021-01-28 01:00:59,984 Test Accuracy: 98.88
INFO 2021-01-28 01:00:59,984 starting epoch 88
INFO 2021-01-28 01:01:26,361 train correct: 99.85555555555555
INFO 2021-01-28 01:01:28,986 Validation Accuracy: 98.88333333333334
INFO 2021-01-28 01:01:34,600 Test Accuracy: 98.98
INFO 2021-01-28 01:01:34,601 starting epoch 89
INFO 2021-01-28 01:02:02,120 train correct: 99.8537037037037
INFO 2021-01-28 01:02:05,644 Validation Accuracy: 98.66666666666667
INFO 2021-01-28 01:02:10,702 Test Accuracy: 98.92
INFO 2021-01-28 01:02:10,703 starting epoch 90
INFO 2021-01-28 01:02:37,781 train correct: 99.87962962962963
INFO 2021-01-28 01:02:39,960 Validation Accuracy: 98.86666666666666
INFO 2021-01-28 01:02:43,310 Test Accuracy: 98.91
INFO 2021-01-28 01:02:43,311 starting epoch 91
INFO 2021-01-28 01:03:10,588 train correct: 99.88148148148149
INFO 2021-01-28 01:03:13,633 Validation Accuracy: 98.9
INFO 2021-01-28 01:03:17,999 Test Accuracy: 98.93
INFO 2021-01-28 01:03:17,999 starting epoch 92
INFO 2021-01-28 01:03:44,891 train correct: 99.86481481481482
INFO 2021-01-28 01:03:48,318 Validation Accuracy: 99.0
INFO 2021-01-28 01:03:53,854 Test Accuracy: 98.91
INFO 2021-01-28 01:03:53,854 starting epoch 93
INFO 2021-01-28 01:04:19,982 train correct: 99.8425925925926
INFO 2021-01-28 01:04:23,243 Validation Accuracy: 98.96666666666667
INFO 2021-01-28 01:04:29,592 Test Accuracy: 98.98
INFO 2021-01-28 01:04:29,593 starting epoch 94
INFO 2021-01-28 01:04:56,614 train correct: 99.85185185185185
INFO 2021-01-28 01:04:59,180 Validation Accuracy: 98.8
INFO 2021-01-28 01:05:02,603 Test Accuracy: 98.89
INFO 2021-01-28 01:05:02,603 starting epoch 95
INFO 2021-01-28 01:05:29,898 train correct: 99.8425925925926
INFO 2021-01-28 01:05:32,078 Validation Accuracy: 98.88333333333334
INFO 2021-01-28 01:05:36,506 Test Accuracy: 98.87
INFO 2021-01-28 01:05:36,506 starting epoch 96
INFO 2021-01-28 01:06:03,182 train correct: 99.8462962962963
INFO 2021-01-28 01:06:06,222 Validation Accuracy: 98.86666666666666
INFO 2021-01-28 01:06:11,156 Test Accuracy: 98.92
INFO 2021-01-28 01:06:11,157 starting epoch 97
INFO 2021-01-28 01:06:37,582 train correct: 99.84074074074074
INFO 2021-01-28 01:06:41,086 Validation Accuracy: 98.85
INFO 2021-01-28 01:06:46,582 Test Accuracy: 98.92
INFO 2021-01-28 01:06:46,583 starting epoch 98
INFO 2021-01-28 01:07:10,406 train correct: 99.87777777777778
INFO 2021-01-28 01:07:13,886 Validation Accuracy: 98.91666666666667
INFO 2021-01-28 01:07:19,336 Test Accuracy: 99.0
INFO 2021-01-28 01:07:19,337 starting epoch 99
INFO 2021-01-28 01:07:44,513 train correct: 99.83888888888889
INFO 2021-01-28 01:07:47,907 Validation Accuracy: 98.98333333333333
INFO 2021-01-28 01:07:53,134 Test Accuracy: 98.96
INFO 2021-01-28 01:07:53,135 starting epoch 100
INFO 2021-01-28 01:08:17,322 train correct: 99.87962962962963
INFO 2021-01-28 01:08:20,803 Validation Accuracy: 98.98333333333333
INFO 2021-01-28 01:08:26,359 Test Accuracy: 98.92
INFO 2021-01-28 01:08:26,360 starting epoch 101
INFO 2021-01-28 01:08:50,616 train correct: 99.87407407407407
INFO 2021-01-28 01:08:53,932 Validation Accuracy: 98.88333333333334
INFO 2021-01-28 01:08:59,433 Test Accuracy: 98.96
INFO 2021-01-28 01:08:59,434 starting epoch 102
INFO 2021-01-28 01:09:25,444 train correct: 99.88518518518518
INFO 2021-01-28 01:09:27,905 Validation Accuracy: 98.85
INFO 2021-01-28 01:09:32,832 Test Accuracy: 98.96
INFO 2021-01-28 01:09:32,832 starting epoch 103
INFO 2021-01-28 01:09:59,931 train correct: 99.89444444444445
INFO 2021-01-28 01:10:03,325 Validation Accuracy: 98.85
INFO 2021-01-28 01:10:08,993 Test Accuracy: 98.97
INFO 2021-01-28 01:10:08,994 starting epoch 104
INFO 2021-01-28 01:10:35,273 train correct: 99.86111111111111
INFO 2021-01-28 01:10:38,766 Validation Accuracy: 98.81666666666666
INFO 2021-01-28 01:10:44,425 Test Accuracy: 98.96
INFO 2021-01-28 01:10:44,426 starting epoch 105
INFO 2021-01-28 01:11:10,230 train correct: 99.89814814814815
INFO 2021-01-28 01:11:13,688 Validation Accuracy: 98.78333333333333
INFO 2021-01-28 01:11:19,276 Test Accuracy: 98.95
INFO 2021-01-28 01:11:19,277 starting epoch 106
INFO 2021-01-28 01:11:44,652 train correct: 99.87407407407407
INFO 2021-01-28 01:11:48,446 Validation Accuracy: 98.91666666666667
INFO 2021-01-28 01:11:54,110 Test Accuracy: 98.91
INFO 2021-01-28 01:11:54,111 starting epoch 107
INFO 2021-01-28 01:12:19,854 train correct: 99.85925925925926
INFO 2021-01-28 01:12:23,416 Validation Accuracy: 98.93333333333334
INFO 2021-01-28 01:12:28,982 Test Accuracy: 98.99
INFO 2021-01-28 01:12:28,983 starting epoch 108
INFO 2021-01-28 01:12:53,751 train correct: 99.87962962962963
INFO 2021-01-28 01:12:57,134 Validation Accuracy: 98.95
INFO 2021-01-28 01:13:02,869 Test Accuracy: 99.02
INFO 2021-01-28 01:13:02,874 starting epoch 109
INFO 2021-01-28 01:13:27,566 train correct: 99.91111111111111
INFO 2021-01-28 01:13:31,030 Validation Accuracy: 98.83333333333333
INFO 2021-01-28 01:13:36,617 Test Accuracy: 98.99
INFO 2021-01-28 01:13:36,618 starting epoch 110
INFO 2021-01-28 01:14:01,625 train correct: 99.94259259259259
INFO 2021-01-28 01:14:04,214 Validation Accuracy: 98.85
INFO 2021-01-28 01:14:09,345 Test Accuracy: 98.94
INFO 2021-01-28 01:14:09,346 starting epoch 111
INFO 2021-01-28 01:14:35,886 train correct: 99.91111111111111
INFO 2021-01-28 01:14:38,833 Validation Accuracy: 98.9
INFO 2021-01-28 01:14:42,974 Test Accuracy: 98.91
INFO 2021-01-28 01:14:42,975 starting epoch 112
INFO 2021-01-28 01:15:12,122 train correct: 99.87962962962963
INFO 2021-01-28 01:15:14,396 Validation Accuracy: 98.76666666666667
INFO 2021-01-28 01:15:19,060 Test Accuracy: 98.89
INFO 2021-01-28 01:15:19,061 starting epoch 113
INFO 2021-01-28 01:15:47,308 train correct: 99.90925925925926
INFO 2021-01-28 01:15:49,390 Validation Accuracy: 98.78333333333333
INFO 2021-01-28 01:15:53,203 Test Accuracy: 98.91
INFO 2021-01-28 01:15:53,204 starting epoch 114
INFO 2021-01-28 01:16:22,453 train correct: 99.87592592592593
INFO 2021-01-28 01:16:24,551 Validation Accuracy: 98.86666666666666
INFO 2021-01-28 01:16:27,854 Test Accuracy: 98.99
INFO 2021-01-28 01:16:27,855 starting epoch 115
INFO 2021-01-28 01:16:56,612 train correct: 99.9074074074074
INFO 2021-01-28 01:17:00,071 Validation Accuracy: 98.85
INFO 2021-01-28 01:17:03,570 Test Accuracy: 98.94
INFO 2021-01-28 01:17:03,571 starting epoch 116
INFO 2021-01-28 01:17:26,308 train correct: 99.92777777777778
INFO 2021-01-28 01:17:29,819 Validation Accuracy: 98.86666666666666
INFO 2021-01-28 01:17:35,239 Test Accuracy: 98.97
INFO 2021-01-28 01:17:35,240 starting epoch 117
INFO 2021-01-28 01:18:00,731 train correct: 99.88333333333334
INFO 2021-01-28 01:18:03,196 Validation Accuracy: 98.85
INFO 2021-01-28 01:18:06,706 Test Accuracy: 98.98
INFO 2021-01-28 01:18:06,707 starting epoch 118
INFO 2021-01-28 01:18:36,355 train correct: 99.88333333333334
INFO 2021-01-28 01:18:38,418 Validation Accuracy: 98.9
INFO 2021-01-28 01:18:42,112 Test Accuracy: 98.97
INFO 2021-01-28 01:18:42,112 starting epoch 119
INFO 2021-01-28 01:19:10,049 train correct: 99.89074074074074
INFO 2021-01-28 01:19:13,516 Validation Accuracy: 98.91666666666667
INFO 2021-01-28 01:19:17,984 Test Accuracy: 98.85
INFO 2021-01-28 01:19:17,985 starting epoch 120
INFO 2021-01-28 01:19:41,787 train correct: 99.86296296296297
INFO 2021-01-28 01:19:45,305 Validation Accuracy: 98.86666666666666
INFO 2021-01-28 01:19:50,894 Test Accuracy: 98.91
INFO 2021-01-28 01:19:50,894 starting epoch 121
INFO 2021-01-28 01:20:16,127 train correct: 99.88518518518518
INFO 2021-01-28 01:20:18,708 Validation Accuracy: 98.8
INFO 2021-01-28 01:20:23,125 Test Accuracy: 99.0
INFO 2021-01-28 01:20:23,126 starting epoch 122
INFO 2021-01-28 01:20:54,428 train correct: 99.89259259259259
INFO 2021-01-28 01:20:57,891 Validation Accuracy: 98.85
INFO 2021-01-28 01:21:01,717 Test Accuracy: 98.91
INFO 2021-01-28 01:21:01,717 starting epoch 123
INFO 2021-01-28 01:21:26,956 train correct: 99.92222222222222
INFO 2021-01-28 01:21:30,495 Validation Accuracy: 98.93333333333334
INFO 2021-01-28 01:21:36,160 Test Accuracy: 98.94
INFO 2021-01-28 01:21:36,161 starting epoch 124
INFO 2021-01-28 01:22:00,937 train correct: 99.92037037037036
INFO 2021-01-28 01:22:03,509 Validation Accuracy: 98.83333333333333
INFO 2021-01-28 01:22:08,978 Test Accuracy: 98.97
INFO 2021-01-28 01:22:08,979 starting epoch 125
INFO 2021-01-28 01:22:36,579 train correct: 99.91296296296296
INFO 2021-01-28 01:22:38,876 Validation Accuracy: 98.88333333333334
INFO 2021-01-28 01:22:42,991 Test Accuracy: 98.9
INFO 2021-01-28 01:22:42,992 starting epoch 126
INFO 2021-01-28 01:23:13,665 train correct: 99.9074074074074
INFO 2021-01-28 01:23:16,796 Validation Accuracy: 98.85
INFO 2021-01-28 01:23:20,045 Test Accuracy: 99.03
INFO 2021-01-28 01:23:20,046 starting epoch 127
INFO 2021-01-28 01:23:46,360 train correct: 99.90555555555555
INFO 2021-01-28 01:23:49,702 Validation Accuracy: 98.96666666666667
INFO 2021-01-28 01:23:55,097 Test Accuracy: 99.02
INFO 2021-01-28 01:23:55,098 starting epoch 128
INFO 2021-01-28 01:24:19,085 train correct: 99.91111111111111
INFO 2021-01-28 01:24:21,343 Validation Accuracy: 98.98333333333333
INFO 2021-01-28 01:24:26,830 Test Accuracy: 98.9
INFO 2021-01-28 01:24:26,830 starting epoch 129
INFO 2021-01-28 01:24:54,818 train correct: 99.91481481481482
INFO 2021-01-28 01:24:56,921 Validation Accuracy: 98.9
INFO 2021-01-28 01:25:00,798 Test Accuracy: 98.88
INFO 2021-01-28 01:25:00,799 starting epoch 130
INFO 2021-01-28 01:25:30,977 train correct: 99.91481481481482
INFO 2021-01-28 01:25:34,251 Validation Accuracy: 98.88333333333334
INFO 2021-01-28 01:25:38,314 Test Accuracy: 98.96
INFO 2021-01-28 01:25:38,314 starting epoch 131
INFO 2021-01-28 01:26:02,873 train correct: 99.91851851851852
INFO 2021-01-28 01:26:06,497 Validation Accuracy: 98.86666666666666
INFO 2021-01-28 01:26:12,162 Test Accuracy: 98.92
INFO 2021-01-28 01:26:12,163 starting epoch 132
INFO 2021-01-28 01:26:36,772 train correct: 99.93148148148148
INFO 2021-01-28 01:26:39,148 Validation Accuracy: 98.91666666666667
INFO 2021-01-28 01:26:44,160 Test Accuracy: 99.0
INFO 2021-01-28 01:26:44,160 starting epoch 133
INFO 2021-01-28 01:27:14,826 train correct: 99.92037037037036
INFO 2021-01-28 01:27:17,776 Validation Accuracy: 98.98333333333333
INFO 2021-01-28 01:27:21,158 Test Accuracy: 98.98
INFO 2021-01-28 01:27:21,158 starting epoch 134
INFO 2021-01-28 01:27:47,197 train correct: 99.9
INFO 2021-01-28 01:27:50,731 Validation Accuracy: 98.95
INFO 2021-01-28 01:27:56,380 Test Accuracy: 98.85
INFO 2021-01-28 01:27:56,380 starting epoch 135
INFO 2021-01-28 01:28:20,685 train correct: 99.92222222222222
INFO 2021-01-28 01:28:23,496 Validation Accuracy: 98.93333333333334
INFO 2021-01-28 01:28:27,818 Test Accuracy: 98.93
INFO 2021-01-28 01:28:27,818 starting epoch 136
INFO 2021-01-28 01:28:59,001 train correct: 99.93518518518519
INFO 2021-01-28 01:29:01,767 Validation Accuracy: 98.93333333333334
INFO 2021-01-28 01:29:05,110 Test Accuracy: 98.98
INFO 2021-01-28 01:29:05,111 starting epoch 137
INFO 2021-01-28 01:29:30,499 train correct: 99.92037037037036
INFO 2021-01-28 01:29:33,976 Validation Accuracy: 98.95
INFO 2021-01-28 01:29:39,571 Test Accuracy: 98.95
INFO 2021-01-28 01:29:39,572 starting epoch 138
INFO 2021-01-28 01:30:04,320 train correct: 99.92222222222222
INFO 2021-01-28 01:30:06,729 Validation Accuracy: 98.9
INFO 2021-01-28 01:30:10,548 Test Accuracy: 98.9
INFO 2021-01-28 01:30:10,549 starting epoch 139
INFO 2021-01-28 01:30:39,091 train correct: 99.92777777777778
INFO 2021-01-28 01:30:42,348 Validation Accuracy: 98.88333333333334
INFO 2021-01-28 01:30:48,000 Test Accuracy: 98.95
INFO 2021-01-28 01:30:48,001 starting epoch 140
INFO 2021-01-28 01:31:10,354 train correct: 99.90925925925926
INFO 2021-01-28 01:31:12,617 Validation Accuracy: 98.86666666666666
INFO 2021-01-28 01:31:16,732 Test Accuracy: 98.92
INFO 2021-01-28 01:31:16,732 starting epoch 141
INFO 2021-01-28 01:31:47,673 train correct: 99.90555555555555
INFO 2021-01-28 01:31:49,887 Validation Accuracy: 98.9
INFO 2021-01-28 01:31:53,319 Test Accuracy: 98.93
INFO 2021-01-28 01:31:53,320 starting epoch 142
INFO 2021-01-28 01:32:16,676 train correct: 99.91481481481482
INFO 2021-01-28 01:32:20,038 Validation Accuracy: 98.83333333333333
INFO 2021-01-28 01:32:25,612 Test Accuracy: 98.98
INFO 2021-01-28 01:32:25,612 starting epoch 143
INFO 2021-01-28 01:32:51,708 train correct: 99.9037037037037
INFO 2021-01-28 01:32:54,227 Validation Accuracy: 98.91666666666667
INFO 2021-01-28 01:32:58,202 Test Accuracy: 98.96
INFO 2021-01-28 01:32:58,202 starting epoch 144
INFO 2021-01-28 01:33:26,382 train correct: 99.8962962962963
INFO 2021-01-28 01:33:30,338 Validation Accuracy: 98.93333333333334
INFO 2021-01-28 01:33:36,064 Test Accuracy: 99.0
INFO 2021-01-28 01:33:36,065 starting epoch 145
INFO 2021-01-28 01:33:59,425 train correct: 99.92407407407407
INFO 2021-01-28 01:34:02,860 Validation Accuracy: 98.96666666666667
INFO 2021-01-28 01:34:08,585 Test Accuracy: 98.98
INFO 2021-01-28 01:34:08,585 starting epoch 146
INFO 2021-01-28 01:34:36,664 train correct: 99.91666666666667
INFO 2021-01-28 01:34:38,802 Validation Accuracy: 98.88333333333334
INFO 2021-01-28 01:34:42,218 Test Accuracy: 98.93
INFO 2021-01-28 01:34:42,218 starting epoch 147
INFO 2021-01-28 01:35:10,063 train correct: 99.92407407407407
INFO 2021-01-28 01:35:12,578 Validation Accuracy: 98.95
INFO 2021-01-28 01:35:16,908 Test Accuracy: 98.99
INFO 2021-01-28 01:35:16,908 starting epoch 148
INFO 2021-01-28 01:35:44,508 train correct: 99.92037037037036
INFO 2021-01-28 01:35:46,832 Validation Accuracy: 98.86666666666666
INFO 2021-01-28 01:35:52,310 Test Accuracy: 98.99
INFO 2021-01-28 01:35:52,311 starting epoch 149
INFO 2021-01-28 01:36:17,805 train correct: 99.92222222222222
INFO 2021-01-28 01:36:21,327 Validation Accuracy: 98.88333333333334
INFO 2021-01-28 01:36:26,513 Test Accuracy: 98.99
INFO 2021-01-28 01:36:26,513 starting epoch 150
INFO 2021-01-28 01:36:51,978 train correct: 99.93148148148148
INFO 2021-01-28 01:36:55,458 Validation Accuracy: 98.98333333333333
INFO 2021-01-28 01:37:01,056 Test Accuracy: 98.93
INFO 2021-01-28 01:37:01,057 starting epoch 151
INFO 2021-01-28 01:37:27,375 train correct: 99.91666666666667
INFO 2021-01-28 01:37:31,050 Validation Accuracy: 98.91666666666667
INFO 2021-01-28 01:37:36,620 Test Accuracy: 98.98
INFO 2021-01-28 01:37:36,621 starting epoch 152
INFO 2021-01-28 01:38:02,982 train correct: 99.92777777777778
INFO 2021-01-28 01:38:06,518 Validation Accuracy: 98.98333333333333
INFO 2021-01-28 01:38:10,678 Test Accuracy: 98.88
INFO 2021-01-28 01:38:10,679 starting epoch 153
INFO 2021-01-28 01:38:37,421 train correct: 99.94259259259259
INFO 2021-01-28 01:38:40,560 Validation Accuracy: 98.83333333333333
INFO 2021-01-28 01:38:43,994 Test Accuracy: 98.99
INFO 2021-01-28 01:38:43,995 starting epoch 154
INFO 2021-01-28 01:39:11,490 train correct: 99.93703703703704
INFO 2021-01-28 01:39:13,932 Validation Accuracy: 98.95
INFO 2021-01-28 01:39:17,221 Test Accuracy: 98.93
INFO 2021-01-28 01:39:17,222 starting epoch 155
INFO 2021-01-28 01:39:45,186 train correct: 99.92407407407407
INFO 2021-01-28 01:39:47,418 Validation Accuracy: 98.83333333333333
INFO 2021-01-28 01:39:50,755 Test Accuracy: 98.95
INFO 2021-01-28 01:39:50,755 starting epoch 156
INFO 2021-01-28 01:40:19,058 train correct: 99.91851851851852
INFO 2021-01-28 01:40:21,239 Validation Accuracy: 98.88333333333334
INFO 2021-01-28 01:40:24,959 Test Accuracy: 98.95
INFO 2021-01-28 01:40:24,960 starting epoch 157
INFO 2021-01-28 01:40:53,160 train correct: 99.95370370370371
INFO 2021-01-28 01:40:55,345 Validation Accuracy: 98.91666666666667
INFO 2021-01-28 01:40:58,692 Test Accuracy: 98.95
INFO 2021-01-28 01:40:58,692 starting epoch 158
INFO 2021-01-28 01:41:27,304 train correct: 99.94259259259259
INFO 2021-01-28 01:41:29,418 Validation Accuracy: 98.85
INFO 2021-01-28 01:41:32,808 Test Accuracy: 98.94
INFO 2021-01-28 01:41:32,808 starting epoch 159
INFO 2021-01-28 01:42:01,473 train correct: 99.92777777777778
INFO 2021-01-28 01:42:03,637 Validation Accuracy: 98.96666666666667
INFO 2021-01-28 01:42:06,991 Test Accuracy: 98.98
INFO 2021-01-28 01:42:06,991 starting epoch 160
INFO 2021-01-28 01:42:36,342 train correct: 99.93703703703704
INFO 2021-01-28 01:42:38,466 Validation Accuracy: 98.85
INFO 2021-01-28 01:42:41,883 Test Accuracy: 99.07
INFO 2021-01-28 01:42:41,884 starting epoch 161
INFO 2021-01-28 01:43:10,592 train correct: 99.92592592592592
INFO 2021-01-28 01:43:12,733 Validation Accuracy: 98.91666666666667
INFO 2021-01-28 01:43:16,116 Test Accuracy: 98.92
INFO 2021-01-28 01:43:16,116 starting epoch 162
INFO 2021-01-28 01:43:44,735 train correct: 99.93703703703704
INFO 2021-01-28 01:43:46,865 Validation Accuracy: 98.96666666666667
INFO 2021-01-28 01:43:50,352 Test Accuracy: 98.97
INFO 2021-01-28 01:43:50,352 starting epoch 163
INFO 2021-01-28 01:44:18,819 train correct: 99.92962962962963
INFO 2021-01-28 01:44:20,940 Validation Accuracy: 98.91666666666667
INFO 2021-01-28 01:44:24,306 Test Accuracy: 99.04
INFO 2021-01-28 01:44:24,307 starting epoch 164
INFO 2021-01-28 01:44:53,180 train correct: 99.92222222222222
INFO 2021-01-28 01:44:55,355 Validation Accuracy: 98.88333333333334
INFO 2021-01-28 01:44:58,759 Test Accuracy: 98.92
INFO 2021-01-28 01:44:58,760 starting epoch 165
INFO 2021-01-28 01:45:28,632 train correct: 99.92592592592592
INFO 2021-01-28 01:45:30,759 Validation Accuracy: 98.9
INFO 2021-01-28 01:45:34,664 Test Accuracy: 99.01
INFO 2021-01-28 01:45:34,665 starting epoch 166
INFO 2021-01-28 01:46:02,610 train correct: 99.93148148148148
INFO 2021-01-28 01:46:04,731 Validation Accuracy: 99.0
INFO 2021-01-28 01:46:08,416 Test Accuracy: 98.96
INFO 2021-01-28 01:46:08,417 starting epoch 167
INFO 2021-01-28 01:46:36,679 train correct: 99.92037037037036
INFO 2021-01-28 01:46:38,771 Validation Accuracy: 98.91666666666667
INFO 2021-01-28 01:46:42,433 Test Accuracy: 99.0
INFO 2021-01-28 01:46:42,434 starting epoch 168
INFO 2021-01-28 01:47:10,842 train correct: 99.95370370370371
INFO 2021-01-28 01:47:12,917 Validation Accuracy: 98.91666666666667
INFO 2021-01-28 01:47:16,364 Test Accuracy: 98.96
INFO 2021-01-28 01:47:16,364 starting epoch 169
INFO 2021-01-28 01:47:44,125 train correct: 99.93333333333334
INFO 2021-01-28 01:47:46,291 Validation Accuracy: 99.06666666666666
INFO 2021-01-28 01:47:49,744 Test Accuracy: 98.97
INFO 2021-01-28 01:47:49,744 starting epoch 170
INFO 2021-01-28 01:48:17,676 train correct: 99.93333333333334
INFO 2021-01-28 01:48:19,823 Validation Accuracy: 98.88333333333334
INFO 2021-01-28 01:48:23,126 Test Accuracy: 99.06
INFO 2021-01-28 01:48:23,127 starting epoch 171
INFO 2021-01-28 01:48:50,905 train correct: 99.93518518518519
INFO 2021-01-28 01:48:53,076 Validation Accuracy: 98.91666666666667
INFO 2021-01-28 01:48:56,584 Test Accuracy: 98.97
INFO 2021-01-28 01:48:56,585 starting epoch 172
INFO 2021-01-28 01:49:24,309 train correct: 99.93333333333334
INFO 2021-01-28 01:49:26,431 Validation Accuracy: 98.95
INFO 2021-01-28 01:49:29,846 Test Accuracy: 98.98
INFO 2021-01-28 01:49:29,847 starting epoch 173
INFO 2021-01-28 01:49:49,769 train correct: 99.94444444444444
INFO 2021-01-28 01:49:51,887 Validation Accuracy: 98.78333333333333
INFO 2021-01-28 01:49:55,122 Test Accuracy: 98.93
INFO 2021-01-28 01:49:55,123 starting epoch 174
INFO 2021-01-28 01:50:15,489 train correct: 99.92592592592592
INFO 2021-01-28 01:50:17,542 Validation Accuracy: 98.93333333333334
INFO 2021-01-28 01:50:20,853 Test Accuracy: 99.07
INFO 2021-01-28 01:50:20,854 starting epoch 175
INFO 2021-01-28 01:50:40,503 train correct: 99.9462962962963
INFO 2021-01-28 01:50:42,624 Validation Accuracy: 98.81666666666666
INFO 2021-01-28 01:50:45,973 Test Accuracy: 99.01
INFO 2021-01-28 01:50:45,973 starting epoch 176
INFO 2021-01-28 01:51:05,391 train correct: 99.92407407407407
INFO 2021-01-28 01:51:07,646 Validation Accuracy: 98.95
INFO 2021-01-28 01:51:10,980 Test Accuracy: 99.03
INFO 2021-01-28 01:51:10,981 starting epoch 177
INFO 2021-01-28 01:51:30,500 train correct: 99.93518518518519
INFO 2021-01-28 01:51:32,663 Validation Accuracy: 98.81666666666666
INFO 2021-01-28 01:51:36,006 Test Accuracy: 99.0
INFO 2021-01-28 01:51:36,006 starting epoch 178
INFO 2021-01-28 01:51:56,244 train correct: 99.95370370370371
INFO 2021-01-28 01:51:58,375 Validation Accuracy: 98.91666666666667
INFO 2021-01-28 01:52:01,737 Test Accuracy: 98.99
INFO 2021-01-28 01:52:01,738 starting epoch 179
INFO 2021-01-28 01:52:21,103 train correct: 99.95185185185186
INFO 2021-01-28 01:52:23,267 Validation Accuracy: 98.86666666666666
INFO 2021-01-28 01:52:26,738 Test Accuracy: 99.04
INFO 2021-01-28 01:52:26,738 starting epoch 180
INFO 2021-01-28 01:52:46,243 train correct: 99.95185185185186
INFO 2021-01-28 01:52:48,409 Validation Accuracy: 99.05
INFO 2021-01-28 01:52:51,859 Test Accuracy: 98.96
INFO 2021-01-28 01:52:51,859 starting epoch 181
INFO 2021-01-28 01:53:11,834 train correct: 99.93703703703704
INFO 2021-01-28 01:53:13,956 Validation Accuracy: 98.88333333333334
INFO 2021-01-28 01:53:17,283 Test Accuracy: 99.02
INFO 2021-01-28 01:53:17,283 starting epoch 182
INFO 2021-01-28 01:53:37,672 train correct: 99.92592592592592
INFO 2021-01-28 01:53:39,749 Validation Accuracy: 98.86666666666666
INFO 2021-01-28 01:53:43,103 Test Accuracy: 98.98
INFO 2021-01-28 01:53:43,103 starting epoch 183
INFO 2021-01-28 01:54:02,576 train correct: 99.93333333333334
INFO 2021-01-28 01:54:04,741 Validation Accuracy: 98.83333333333333
INFO 2021-01-28 01:54:08,026 Test Accuracy: 99.02
INFO 2021-01-28 01:54:08,026 starting epoch 184
INFO 2021-01-28 01:54:27,695 train correct: 99.9574074074074
INFO 2021-01-28 01:54:29,773 Validation Accuracy: 98.95
INFO 2021-01-28 01:54:33,109 Test Accuracy: 98.93
INFO 2021-01-28 01:54:33,109 starting epoch 185
INFO 2021-01-28 01:54:53,595 train correct: 99.95
INFO 2021-01-28 01:54:55,745 Validation Accuracy: 98.95
INFO 2021-01-28 01:54:59,053 Test Accuracy: 98.97
INFO 2021-01-28 01:54:59,053 starting epoch 186
INFO 2021-01-28 01:55:18,626 train correct: 99.93888888888888
INFO 2021-01-28 01:55:20,700 Validation Accuracy: 98.93333333333334
INFO 2021-01-28 01:55:24,033 Test Accuracy: 98.93
INFO 2021-01-28 01:55:24,033 starting epoch 187
INFO 2021-01-28 01:55:43,624 train correct: 99.91666666666667
INFO 2021-01-28 01:55:45,760 Validation Accuracy: 99.0
INFO 2021-01-28 01:55:49,372 Test Accuracy: 98.92
INFO 2021-01-28 01:55:49,372 starting epoch 188
INFO 2021-01-28 01:56:08,979 train correct: 99.94814814814815
INFO 2021-01-28 01:56:11,104 Validation Accuracy: 98.93333333333334
INFO 2021-01-28 01:56:14,341 Test Accuracy: 98.91
INFO 2021-01-28 01:56:14,342 starting epoch 189
INFO 2021-01-28 01:56:34,130 train correct: 99.9462962962963
INFO 2021-01-28 01:56:36,220 Validation Accuracy: 98.85
INFO 2021-01-28 01:56:40,346 Test Accuracy: 99.04
INFO 2021-01-28 01:56:40,347 starting epoch 190
INFO 2021-01-28 01:57:00,091 train correct: 99.97222222222223
INFO 2021-01-28 01:57:02,281 Validation Accuracy: 98.88333333333334
INFO 2021-01-28 01:57:05,564 Test Accuracy: 98.97
INFO 2021-01-28 01:57:05,564 starting epoch 191
INFO 2021-01-28 01:57:25,046 train correct: 99.94259259259259
INFO 2021-01-28 01:57:27,148 Validation Accuracy: 98.98333333333333
INFO 2021-01-28 01:57:30,434 Test Accuracy: 98.97
INFO 2021-01-28 01:57:30,435 starting epoch 192
INFO 2021-01-28 01:57:50,109 train correct: 99.95925925925926
INFO 2021-01-28 01:57:52,242 Validation Accuracy: 98.86666666666666
INFO 2021-01-28 01:57:56,002 Test Accuracy: 98.98
INFO 2021-01-28 01:57:56,002 starting epoch 193
INFO 2021-01-28 01:58:15,733 train correct: 99.95555555555555
INFO 2021-01-28 01:58:17,866 Validation Accuracy: 99.0
INFO 2021-01-28 01:58:21,183 Test Accuracy: 98.9
INFO 2021-01-28 01:58:21,183 starting epoch 194
INFO 2021-01-28 01:58:40,816 train correct: 99.95925925925926
INFO 2021-01-28 01:58:42,905 Validation Accuracy: 98.93333333333334
INFO 2021-01-28 01:58:46,166 Test Accuracy: 98.97
INFO 2021-01-28 01:58:46,166 starting epoch 195
INFO 2021-01-28 01:59:05,631 train correct: 99.95185185185186
INFO 2021-01-28 01:59:07,728 Validation Accuracy: 98.91666666666667
INFO 2021-01-28 01:59:10,987 Test Accuracy: 99.0
INFO 2021-01-28 01:59:10,987 starting epoch 196
INFO 2021-01-28 01:59:30,243 train correct: 99.95
INFO 2021-01-28 01:59:32,329 Validation Accuracy: 98.98333333333333
INFO 2021-01-28 01:59:35,682 Test Accuracy: 98.96
INFO 2021-01-28 01:59:35,682 starting epoch 197
INFO 2021-01-28 01:59:55,610 train correct: 99.93703703703704
INFO 2021-01-28 01:59:57,783 Validation Accuracy: 99.0
INFO 2021-01-28 02:00:01,077 Test Accuracy: 98.98
INFO 2021-01-28 02:00:01,078 starting epoch 198
INFO 2021-01-28 02:00:20,365 train correct: 99.92592592592592
INFO 2021-01-28 02:00:22,568 Validation Accuracy: 98.96666666666667
INFO 2021-01-28 02:00:25,847 Test Accuracy: 98.95
INFO 2021-01-28 02:00:25,847 starting epoch 199
INFO 2021-01-28 02:00:46,270 train correct: 99.9574074074074
INFO 2021-01-28 02:00:48,624 Validation Accuracy: 98.95
INFO 2021-01-28 02:00:51,904 Test Accuracy: 98.87
INFO 2021-01-28 02:00:51,905 starting epoch 200
INFO 2021-01-28 02:01:11,382 train correct: 99.95185185185186
INFO 2021-01-28 02:01:13,537 Validation Accuracy: 98.83333333333333
INFO 2021-01-28 02:01:16,935 Test Accuracy: 98.93
INFO 2021-01-28 02:01:16,936 starting epoch 201
INFO 2021-01-28 02:01:36,176 train correct: 99.94259259259259
INFO 2021-01-28 02:01:38,270 Validation Accuracy: 98.95
INFO 2021-01-28 02:01:41,569 Test Accuracy: 98.92
INFO 2021-01-28 02:01:41,569 starting epoch 202
INFO 2021-01-28 02:02:01,038 train correct: 99.96666666666667
INFO 2021-01-28 02:02:03,122 Validation Accuracy: 98.88333333333334
INFO 2021-01-28 02:02:06,420 Test Accuracy: 98.95
INFO 2021-01-28 02:02:06,421 starting epoch 203
INFO 2021-01-28 02:02:25,774 train correct: 99.92777777777778
INFO 2021-01-28 02:02:27,932 Validation Accuracy: 98.91666666666667
INFO 2021-01-28 02:02:31,329 Test Accuracy: 98.95
INFO 2021-01-28 02:02:31,330 starting epoch 204
INFO 2021-01-28 02:02:51,406 train correct: 99.95925925925926
INFO 2021-01-28 02:02:53,620 Validation Accuracy: 98.91666666666667
INFO 2021-01-28 02:02:57,038 Test Accuracy: 98.96
INFO 2021-01-28 02:02:57,038 starting epoch 205
INFO 2021-01-28 02:03:16,678 train correct: 99.9574074074074
INFO 2021-01-28 02:03:18,796 Validation Accuracy: 98.95
INFO 2021-01-28 02:03:22,160 Test Accuracy: 98.98
INFO 2021-01-28 02:03:22,161 starting epoch 206
INFO 2021-01-28 02:03:41,795 train correct: 99.95555555555555
INFO 2021-01-28 02:03:43,930 Validation Accuracy: 98.98333333333333
INFO 2021-01-28 02:03:47,210 Test Accuracy: 98.95
INFO 2021-01-28 02:03:47,211 starting epoch 207
INFO 2021-01-28 02:04:07,326 train correct: 99.95
INFO 2021-01-28 02:04:09,453 Validation Accuracy: 99.05
INFO 2021-01-28 02:04:12,794 Test Accuracy: 98.96
INFO 2021-01-28 02:04:12,794 starting epoch 208
INFO 2021-01-28 02:04:32,185 train correct: 99.96851851851852
INFO 2021-01-28 02:04:34,392 Validation Accuracy: 98.93333333333334
INFO 2021-01-28 02:04:37,702 Test Accuracy: 98.93
INFO 2021-01-28 02:04:37,702 starting epoch 209
INFO 2021-01-28 02:04:57,997 train correct: 99.9462962962963
INFO 2021-01-28 02:05:00,097 Validation Accuracy: 99.0
INFO 2021-01-28 02:05:03,404 Test Accuracy: 98.97
INFO 2021-01-28 02:05:03,404 starting epoch 210
INFO 2021-01-28 02:05:23,098 train correct: 99.9574074074074
INFO 2021-01-28 02:05:25,190 Validation Accuracy: 98.9
INFO 2021-01-28 02:05:28,452 Test Accuracy: 98.96
INFO 2021-01-28 02:05:28,453 starting epoch 211
INFO 2021-01-28 02:05:48,226 train correct: 99.95555555555555
INFO 2021-01-28 02:05:50,428 Validation Accuracy: 98.91666666666667
INFO 2021-01-28 02:05:53,694 Test Accuracy: 98.96
INFO 2021-01-28 02:05:53,695 starting epoch 212
INFO 2021-01-28 02:06:13,037 train correct: 99.95370370370371
INFO 2021-01-28 02:06:15,170 Validation Accuracy: 98.96666666666667
INFO 2021-01-28 02:06:18,548 Test Accuracy: 98.97
INFO 2021-01-28 02:06:18,549 starting epoch 213
INFO 2021-01-28 02:06:38,914 train correct: 99.94259259259259
INFO 2021-01-28 02:06:41,049 Validation Accuracy: 98.91666666666667
INFO 2021-01-28 02:06:44,369 Test Accuracy: 98.96
INFO 2021-01-28 02:06:44,370 starting epoch 214
INFO 2021-01-28 02:07:03,974 train correct: 99.9574074074074
INFO 2021-01-28 02:07:06,130 Validation Accuracy: 99.0
INFO 2021-01-28 02:07:09,403 Test Accuracy: 98.94
INFO 2021-01-28 02:07:09,403 starting epoch 215
INFO 2021-01-28 02:07:29,265 train correct: 99.96851851851852
INFO 2021-01-28 02:07:31,388 Validation Accuracy: 98.95
INFO 2021-01-28 02:07:34,802 Test Accuracy: 98.96
INFO 2021-01-28 02:07:34,803 starting epoch 216
INFO 2021-01-28 02:07:54,479 train correct: 99.96296296296296
INFO 2021-01-28 02:07:56,558 Validation Accuracy: 99.0
INFO 2021-01-28 02:07:59,852 Test Accuracy: 98.97
INFO 2021-01-28 02:07:59,853 starting epoch 217
INFO 2021-01-28 02:08:20,104 train correct: 99.95
INFO 2021-01-28 02:08:22,255 Validation Accuracy: 98.95
INFO 2021-01-28 02:08:25,586 Test Accuracy: 98.99
INFO 2021-01-28 02:08:25,586 starting epoch 218
INFO 2021-01-28 02:08:45,238 train correct: 99.9462962962963
INFO 2021-01-28 02:08:47,784 Validation Accuracy: 99.0
INFO 2021-01-28 02:08:51,304 Test Accuracy: 99.0
INFO 2021-01-28 02:08:51,304 starting epoch 219
INFO 2021-01-28 02:09:10,953 train correct: 99.96296296296296
INFO 2021-01-28 02:09:13,082 Validation Accuracy: 98.96666666666667
INFO 2021-01-28 02:09:16,340 Test Accuracy: 98.98
INFO 2021-01-28 02:09:16,340 starting epoch 220
INFO 2021-01-28 02:09:35,957 train correct: 99.95185185185186
INFO 2021-01-28 02:09:38,047 Validation Accuracy: 98.91666666666667
INFO 2021-01-28 02:09:41,357 Test Accuracy: 98.95
INFO 2021-01-28 02:09:41,357 starting epoch 221
INFO 2021-01-28 02:10:01,014 train correct: 99.95925925925926
INFO 2021-01-28 02:10:03,084 Validation Accuracy: 99.05
INFO 2021-01-28 02:10:06,386 Test Accuracy: 98.94
INFO 2021-01-28 02:10:06,387 starting epoch 222
INFO 2021-01-28 02:10:26,031 train correct: 99.95555555555555
INFO 2021-01-28 02:10:28,433 Validation Accuracy: 99.08333333333333
INFO 2021-01-28 02:10:31,718 Test Accuracy: 98.96
INFO 2021-01-28 02:10:31,719 starting epoch 223
INFO 2021-01-28 02:10:51,357 train correct: 99.95555555555555
INFO 2021-01-28 02:10:53,441 Validation Accuracy: 98.96666666666667
INFO 2021-01-28 02:10:56,767 Test Accuracy: 98.91
INFO 2021-01-28 02:10:56,767 starting epoch 224
INFO 2021-01-28 02:11:16,881 train correct: 99.97407407407407
INFO 2021-01-28 02:11:19,175 Validation Accuracy: 98.98333333333333
INFO 2021-01-28 02:11:22,440 Test Accuracy: 98.96
INFO 2021-01-28 02:11:22,441 starting epoch 225
INFO 2021-01-28 02:11:41,924 train correct: 99.96481481481482
INFO 2021-01-28 02:11:43,995 Validation Accuracy: 98.81666666666666
INFO 2021-01-28 02:11:47,341 Test Accuracy: 98.99
INFO 2021-01-28 02:11:47,341 starting epoch 226
INFO 2021-01-28 02:12:06,917 train correct: 99.95370370370371
INFO 2021-01-28 02:12:09,116 Validation Accuracy: 98.86666666666666
INFO 2021-01-28 02:12:12,395 Test Accuracy: 98.94
INFO 2021-01-28 02:12:12,395 starting epoch 227
INFO 2021-01-28 02:12:32,043 train correct: 99.95555555555555
INFO 2021-01-28 02:12:34,169 Validation Accuracy: 98.98333333333333
INFO 2021-01-28 02:12:37,456 Test Accuracy: 98.91
INFO 2021-01-28 02:12:37,456 starting epoch 228
INFO 2021-01-28 02:12:57,636 train correct: 99.95555555555555
INFO 2021-01-28 02:12:59,751 Validation Accuracy: 98.83333333333333
INFO 2021-01-28 02:13:03,136 Test Accuracy: 98.97
INFO 2021-01-28 02:13:03,137 starting epoch 229
INFO 2021-01-28 02:13:22,658 train correct: 99.96111111111111
INFO 2021-01-28 02:13:24,913 Validation Accuracy: 98.96666666666667
INFO 2021-01-28 02:13:28,194 Test Accuracy: 98.96
INFO 2021-01-28 02:13:28,195 starting epoch 230
INFO 2021-01-28 02:13:47,782 train correct: 99.95925925925926
INFO 2021-01-28 02:13:49,907 Validation Accuracy: 98.95
INFO 2021-01-28 02:13:53,236 Test Accuracy: 98.97
INFO 2021-01-28 02:13:53,236 starting epoch 231
INFO 2021-01-28 02:14:13,074 train correct: 99.96111111111111
INFO 2021-01-28 02:14:15,153 Validation Accuracy: 98.91666666666667
INFO 2021-01-28 02:14:18,472 Test Accuracy: 98.91
INFO 2021-01-28 02:14:18,473 starting epoch 232
INFO 2021-01-28 02:14:37,834 train correct: 99.96296296296296
INFO 2021-01-28 02:14:39,953 Validation Accuracy: 98.9
INFO 2021-01-28 02:14:43,222 Test Accuracy: 99.03
INFO 2021-01-28 02:14:43,222 starting epoch 233
INFO 2021-01-28 02:15:03,524 train correct: 99.9574074074074
INFO 2021-01-28 02:15:05,601 Validation Accuracy: 99.01666666666667
INFO 2021-01-28 02:15:08,963 Test Accuracy: 98.94
INFO 2021-01-28 02:15:08,964 starting epoch 234
INFO 2021-01-28 02:15:28,154 train correct: 99.94814814814815
INFO 2021-01-28 02:15:30,297 Validation Accuracy: 98.9
INFO 2021-01-28 02:15:33,623 Test Accuracy: 98.97
INFO 2021-01-28 02:15:33,623 starting epoch 235
INFO 2021-01-28 02:15:54,227 train correct: 99.9574074074074
INFO 2021-01-28 02:15:56,324 Validation Accuracy: 99.03333333333333
INFO 2021-01-28 02:15:59,551 Test Accuracy: 99.0
INFO 2021-01-28 02:15:59,551 starting epoch 236
INFO 2021-01-28 02:16:19,206 train correct: 99.95
INFO 2021-01-28 02:16:21,338 Validation Accuracy: 99.0
INFO 2021-01-28 02:16:24,602 Test Accuracy: 98.98
INFO 2021-01-28 02:16:24,602 starting epoch 237
INFO 2021-01-28 02:16:44,022 train correct: 99.96851851851852
INFO 2021-01-28 02:16:46,098 Validation Accuracy: 98.91666666666667
INFO 2021-01-28 02:16:49,393 Test Accuracy: 98.95
INFO 2021-01-28 02:16:49,394 starting epoch 238
INFO 2021-01-28 02:17:08,864 train correct: 99.96296296296296
INFO 2021-01-28 02:17:11,018 Validation Accuracy: 98.96666666666667
INFO 2021-01-28 02:17:14,290 Test Accuracy: 98.96
INFO 2021-01-28 02:17:14,291 starting epoch 239
INFO 2021-01-28 02:17:33,808 train correct: 99.96666666666667
INFO 2021-01-28 02:17:35,921 Validation Accuracy: 98.88333333333334
INFO 2021-01-28 02:17:39,383 Test Accuracy: 98.91
INFO 2021-01-28 02:17:39,383 starting epoch 240
INFO 2021-01-28 02:17:58,935 train correct: 99.95
INFO 2021-01-28 02:18:01,068 Validation Accuracy: 98.95
INFO 2021-01-28 02:18:04,411 Test Accuracy: 98.97
INFO 2021-01-28 02:18:04,412 starting epoch 241
INFO 2021-01-28 02:18:24,595 train correct: 99.9462962962963
INFO 2021-01-28 02:18:26,680 Validation Accuracy: 98.96666666666667
INFO 2021-01-28 02:18:30,030 Test Accuracy: 98.97
INFO 2021-01-28 02:18:30,031 starting epoch 242
INFO 2021-01-28 02:18:49,367 train correct: 99.96111111111111
INFO 2021-01-28 02:18:51,498 Validation Accuracy: 98.88333333333334
INFO 2021-01-28 02:18:54,834 Test Accuracy: 98.89
INFO 2021-01-28 02:18:54,834 starting epoch 243
INFO 2021-01-28 02:19:13,963 train correct: 99.95370370370371
INFO 2021-01-28 02:19:16,187 Validation Accuracy: 98.91666666666667
INFO 2021-01-28 02:19:19,556 Test Accuracy: 98.97
INFO 2021-01-28 02:19:19,557 starting epoch 244
INFO 2021-01-28 02:19:39,741 train correct: 99.95370370370371
INFO 2021-01-28 02:19:41,823 Validation Accuracy: 98.96666666666667
INFO 2021-01-28 02:19:45,227 Test Accuracy: 98.99
INFO 2021-01-28 02:19:45,228 starting epoch 245
INFO 2021-01-28 02:20:04,738 train correct: 99.98148148148148
INFO 2021-01-28 02:20:06,867 Validation Accuracy: 98.9
INFO 2021-01-28 02:20:10,211 Test Accuracy: 98.96
INFO 2021-01-28 02:20:10,211 starting epoch 246
INFO 2021-01-28 02:20:29,753 train correct: 99.9574074074074
INFO 2021-01-28 02:20:31,901 Validation Accuracy: 98.96666666666667
INFO 2021-01-28 02:20:35,237 Test Accuracy: 99.01
INFO 2021-01-28 02:20:35,238 starting epoch 247
INFO 2021-01-28 02:20:54,897 train correct: 99.96296296296296
INFO 2021-01-28 02:20:57,024 Validation Accuracy: 98.96666666666667
INFO 2021-01-28 02:21:00,259 Test Accuracy: 98.96
INFO 2021-01-28 02:21:00,260 starting epoch 248
INFO 2021-01-28 02:21:20,072 train correct: 99.97037037037038
INFO 2021-01-28 02:21:22,130 Validation Accuracy: 98.88333333333334
INFO 2021-01-28 02:21:25,458 Test Accuracy: 99.0
INFO 2021-01-28 02:21:25,459 starting epoch 249
INFO 2021-01-28 02:21:45,004 train correct: 99.96111111111111
INFO 2021-01-28 02:21:47,092 Validation Accuracy: 99.0
INFO 2021-01-28 02:21:50,420 Test Accuracy: 98.99
INFO 2021-01-28 02:21:50,421 starting epoch 250
INFO 2021-01-28 02:22:10,768 train correct: 99.96666666666667
INFO 2021-01-28 02:22:12,858 Validation Accuracy: 98.95
INFO 2021-01-28 02:22:16,162 Test Accuracy: 98.9
INFO 2021-01-28 02:22:16,162 starting epoch 251
INFO 2021-01-28 02:22:35,942 train correct: 99.95370370370371
INFO 2021-01-28 02:22:38,186 Validation Accuracy: 99.01666666666667
INFO 2021-01-28 02:22:41,480 Test Accuracy: 98.92
INFO 2021-01-28 02:22:41,481 starting epoch 252
INFO 2021-01-28 02:23:00,922 train correct: 99.97037037037038
INFO 2021-01-28 02:23:03,040 Validation Accuracy: 98.86666666666666
INFO 2021-01-28 02:23:06,368 Test Accuracy: 98.92
INFO 2021-01-28 02:23:06,369 starting epoch 253
INFO 2021-01-28 02:23:25,865 train correct: 99.93518518518519
INFO 2021-01-28 02:23:27,988 Validation Accuracy: 98.91666666666667
INFO 2021-01-28 02:23:31,279 Test Accuracy: 98.92
INFO 2021-01-28 02:23:31,279 starting epoch 254
INFO 2021-01-28 02:23:51,390 train correct: 99.95555555555555
INFO 2021-01-28 02:23:53,462 Validation Accuracy: 98.95
INFO 2021-01-28 02:23:56,822 Test Accuracy: 98.99
INFO 2021-01-28 02:23:56,822 starting epoch 255
INFO 2021-01-28 02:24:16,335 train correct: 99.94814814814815
INFO 2021-01-28 02:24:18,449 Validation Accuracy: 98.96666666666667
INFO 2021-01-28 02:24:21,936 Test Accuracy: 99.04
INFO 2021-01-28 02:24:21,937 starting epoch 256
INFO 2021-01-28 02:24:41,632 train correct: 99.95925925925926
INFO 2021-01-28 02:24:43,769 Validation Accuracy: 98.9
INFO 2021-01-28 02:24:47,128 Test Accuracy: 98.96
INFO 2021-01-28 02:24:47,129 starting epoch 257
INFO 2021-01-28 02:25:06,657 train correct: 99.96111111111111
INFO 2021-01-28 02:25:08,836 Validation Accuracy: 98.93333333333334
INFO 2021-01-28 02:25:12,116 Test Accuracy: 98.98
INFO 2021-01-28 02:25:12,117 starting epoch 258
INFO 2021-01-28 02:25:32,190 train correct: 99.97037037037038
INFO 2021-01-28 02:25:34,231 Validation Accuracy: 98.93333333333334
INFO 2021-01-28 02:25:37,567 Test Accuracy: 98.92
INFO 2021-01-28 02:25:37,567 starting epoch 259
INFO 2021-01-28 02:25:57,169 train correct: 99.95925925925926
INFO 2021-01-28 02:25:59,276 Validation Accuracy: 98.95
INFO 2021-01-28 02:26:02,594 Test Accuracy: 98.96
INFO 2021-01-28 02:26:02,595 starting epoch 260
INFO 2021-01-28 02:26:22,268 train correct: 99.97962962962963
INFO 2021-01-28 02:26:24,379 Validation Accuracy: 98.93333333333334
INFO 2021-01-28 02:26:27,617 Test Accuracy: 99.01
INFO 2021-01-28 02:26:27,618 starting epoch 261
INFO 2021-01-28 02:26:47,500 train correct: 99.95925925925926
INFO 2021-01-28 02:26:49,553 Validation Accuracy: 98.9
INFO 2021-01-28 02:26:52,988 Test Accuracy: 98.98
INFO 2021-01-28 02:26:52,989 starting epoch 262
INFO 2021-01-28 02:27:13,092 train correct: 99.95555555555555
INFO 2021-01-28 02:27:15,228 Validation Accuracy: 98.98333333333333
INFO 2021-01-28 02:27:18,529 Test Accuracy: 98.99
INFO 2021-01-28 02:27:18,530 starting epoch 263
INFO 2021-01-28 02:27:38,022 train correct: 99.95370370370371
INFO 2021-01-28 02:27:40,086 Validation Accuracy: 99.0
INFO 2021-01-28 02:27:43,426 Test Accuracy: 98.96
INFO 2021-01-28 02:27:43,426 starting epoch 264
INFO 2021-01-28 02:28:02,974 train correct: 99.97407407407407
INFO 2021-01-28 02:28:05,051 Validation Accuracy: 98.96666666666667
INFO 2021-01-28 02:28:08,298 Test Accuracy: 98.88
INFO 2021-01-28 02:28:08,299 starting epoch 265
INFO 2021-01-28 02:28:28,225 train correct: 99.96296296296296
INFO 2021-01-28 02:28:30,331 Validation Accuracy: 98.95
INFO 2021-01-28 02:28:33,584 Test Accuracy: 98.99
INFO 2021-01-28 02:28:33,584 starting epoch 266
INFO 2021-01-28 02:28:53,055 train correct: 99.96111111111111
INFO 2021-01-28 02:28:55,125 Validation Accuracy: 98.95
INFO 2021-01-28 02:28:58,458 Test Accuracy: 98.97
INFO 2021-01-28 02:28:58,459 starting epoch 267
INFO 2021-01-28 02:29:18,753 train correct: 99.97592592592592
INFO 2021-01-28 02:29:20,877 Validation Accuracy: 98.95
INFO 2021-01-28 02:29:24,132 Test Accuracy: 98.98
INFO 2021-01-28 02:29:24,132 starting epoch 268
INFO 2021-01-28 02:29:43,755 train correct: 99.96666666666667
INFO 2021-01-28 02:29:45,858 Validation Accuracy: 99.05
INFO 2021-01-28 02:29:49,201 Test Accuracy: 99.04
INFO 2021-01-28 02:29:49,201 starting epoch 269
INFO 2021-01-28 02:30:09,982 train correct: 99.96666666666667
INFO 2021-01-28 02:30:12,118 Validation Accuracy: 98.98333333333333
INFO 2021-01-28 02:30:15,429 Test Accuracy: 98.98
INFO 2021-01-28 02:30:15,430 starting epoch 270
INFO 2021-01-28 02:30:35,134 train correct: 99.96481481481482
INFO 2021-01-28 02:30:37,260 Validation Accuracy: 99.0
INFO 2021-01-28 02:30:40,510 Test Accuracy: 99.04
INFO 2021-01-28 02:30:40,510 starting epoch 271
INFO 2021-01-28 02:31:00,099 train correct: 99.96296296296296
INFO 2021-01-28 02:31:02,197 Validation Accuracy: 98.9
INFO 2021-01-28 02:31:05,527 Test Accuracy: 99.03
INFO 2021-01-28 02:31:05,527 starting epoch 272
INFO 2021-01-28 02:31:24,974 train correct: 99.96481481481482
INFO 2021-01-28 02:31:27,079 Validation Accuracy: 98.95
INFO 2021-01-28 02:31:30,379 Test Accuracy: 98.98
INFO 2021-01-28 02:31:30,380 starting epoch 273
INFO 2021-01-28 02:31:49,900 train correct: 99.96481481481482
INFO 2021-01-28 02:31:52,041 Validation Accuracy: 98.96666666666667
INFO 2021-01-28 02:31:55,489 Test Accuracy: 99.01
INFO 2021-01-28 02:31:55,490 starting epoch 274
INFO 2021-01-28 02:32:15,062 train correct: 99.95925925925926
INFO 2021-01-28 02:32:17,188 Validation Accuracy: 98.98333333333333
INFO 2021-01-28 02:32:20,392 Test Accuracy: 98.99
INFO 2021-01-28 02:32:20,392 starting epoch 275
INFO 2021-01-28 02:32:40,154 train correct: 99.9462962962963
INFO 2021-01-28 02:32:42,458 Validation Accuracy: 98.93333333333334
INFO 2021-01-28 02:32:45,891 Test Accuracy: 99.0
INFO 2021-01-28 02:32:45,892 starting epoch 276
INFO 2021-01-28 02:33:05,439 train correct: 99.96481481481482
INFO 2021-01-28 02:33:07,631 Validation Accuracy: 99.0
INFO 2021-01-28 02:33:10,948 Test Accuracy: 98.96
INFO 2021-01-28 02:33:10,949 starting epoch 277
INFO 2021-01-28 02:33:30,346 train correct: 99.94444444444444
INFO 2021-01-28 02:33:32,555 Validation Accuracy: 98.9
INFO 2021-01-28 02:33:35,803 Test Accuracy: 99.03
INFO 2021-01-28 02:33:35,803 starting epoch 278
INFO 2021-01-28 02:33:55,269 train correct: 99.98333333333333
INFO 2021-01-28 02:33:57,434 Validation Accuracy: 98.96666666666667
INFO 2021-01-28 02:34:00,779 Test Accuracy: 98.96
INFO 2021-01-28 02:34:00,779 starting epoch 279
INFO 2021-01-28 02:34:20,204 train correct: 99.97407407407407
INFO 2021-01-28 02:34:22,295 Validation Accuracy: 98.96666666666667
INFO 2021-01-28 02:34:25,528 Test Accuracy: 98.96
INFO 2021-01-28 02:34:25,528 starting epoch 280
INFO 2021-01-28 02:34:45,465 train correct: 99.97592592592592
INFO 2021-01-28 02:34:47,589 Validation Accuracy: 99.05
INFO 2021-01-28 02:34:50,857 Test Accuracy: 98.95
INFO 2021-01-28 02:34:50,858 starting epoch 281
INFO 2021-01-28 02:35:10,249 train correct: 99.96851851851852
INFO 2021-01-28 02:35:12,389 Validation Accuracy: 99.01666666666667
INFO 2021-01-28 02:35:15,646 Test Accuracy: 99.0
INFO 2021-01-28 02:35:15,647 starting epoch 282
INFO 2021-01-28 02:35:35,153 train correct: 99.97777777777777
INFO 2021-01-28 02:35:37,255 Validation Accuracy: 99.01666666666667
INFO 2021-01-28 02:35:40,545 Test Accuracy: 98.92
INFO 2021-01-28 02:35:40,546 starting epoch 283
INFO 2021-01-28 02:35:59,823 train correct: 99.94814814814815
INFO 2021-01-28 02:36:02,016 Validation Accuracy: 99.03333333333333
INFO 2021-01-28 02:36:05,292 Test Accuracy: 98.97
INFO 2021-01-28 02:36:05,293 starting epoch 284
INFO 2021-01-28 02:36:25,046 train correct: 99.97592592592592
INFO 2021-01-28 02:36:27,389 Validation Accuracy: 99.01666666666667
INFO 2021-01-28 02:36:30,725 Test Accuracy: 99.02
INFO 2021-01-28 02:36:30,726 starting epoch 285
INFO 2021-01-28 02:36:50,355 train correct: 99.97222222222223
INFO 2021-01-28 02:36:52,467 Validation Accuracy: 98.93333333333334
INFO 2021-01-28 02:36:55,680 Test Accuracy: 98.95
INFO 2021-01-28 02:36:55,681 starting epoch 286
INFO 2021-01-28 02:37:15,861 train correct: 99.97962962962963
INFO 2021-01-28 02:37:18,016 Validation Accuracy: 98.96666666666667
INFO 2021-01-28 02:37:21,341 Test Accuracy: 98.98
INFO 2021-01-28 02:37:21,342 starting epoch 287
INFO 2021-01-28 02:37:40,912 train correct: 99.98518518518519
INFO 2021-01-28 02:37:43,041 Validation Accuracy: 98.96666666666667
INFO 2021-01-28 02:37:46,344 Test Accuracy: 98.96
INFO 2021-01-28 02:37:46,344 starting epoch 288
INFO 2021-01-28 02:38:05,815 train correct: 99.96666666666667
INFO 2021-01-28 02:38:07,891 Validation Accuracy: 98.86666666666666
INFO 2021-01-28 02:38:11,179 Test Accuracy: 99.03
INFO 2021-01-28 02:38:11,180 starting epoch 289
INFO 2021-01-28 02:38:30,633 train correct: 99.96296296296296
INFO 2021-01-28 02:38:32,744 Validation Accuracy: 99.01666666666667
INFO 2021-01-28 02:38:36,031 Test Accuracy: 98.99
INFO 2021-01-28 02:38:36,032 starting epoch 290
INFO 2021-01-28 02:38:55,613 train correct: 99.96296296296296
INFO 2021-01-28 02:38:57,753 Validation Accuracy: 98.9
INFO 2021-01-28 02:39:01,030 Test Accuracy: 99.01
INFO 2021-01-28 02:39:01,031 starting epoch 291
INFO 2021-01-28 02:39:20,928 train correct: 99.9888888888889
INFO 2021-01-28 02:39:23,145 Validation Accuracy: 98.96666666666667
INFO 2021-01-28 02:39:26,420 Test Accuracy: 98.98
INFO 2021-01-28 02:39:26,421 starting epoch 292
INFO 2021-01-28 02:39:45,755 train correct: 99.96851851851852
INFO 2021-01-28 02:39:47,834 Validation Accuracy: 98.96666666666667
INFO 2021-01-28 02:39:51,090 Test Accuracy: 99.04
INFO 2021-01-28 02:39:51,090 starting epoch 293
INFO 2021-01-28 02:40:10,533 train correct: 99.95925925925926
INFO 2021-01-28 02:40:12,694 Validation Accuracy: 98.96666666666667
INFO 2021-01-28 02:40:15,910 Test Accuracy: 98.96
INFO 2021-01-28 02:40:15,911 starting epoch 294
INFO 2021-01-28 02:40:35,655 train correct: 99.96666666666667
INFO 2021-01-28 02:40:37,794 Validation Accuracy: 99.01666666666667
INFO 2021-01-28 02:40:41,165 Test Accuracy: 99.0
INFO 2021-01-28 02:40:41,167 starting epoch 295
INFO 2021-01-28 02:41:01,183 train correct: 99.97222222222223
INFO 2021-01-28 02:41:03,362 Validation Accuracy: 98.86666666666666
INFO 2021-01-28 02:41:06,643 Test Accuracy: 99.02
INFO 2021-01-28 02:41:06,643 starting epoch 296
INFO 2021-01-28 02:41:26,170 train correct: 99.97777777777777
INFO 2021-01-28 02:41:28,323 Validation Accuracy: 98.93333333333334
INFO 2021-01-28 02:41:31,654 Test Accuracy: 98.99
INFO 2021-01-28 02:41:31,655 starting epoch 297
INFO 2021-01-28 02:41:50,896 train correct: 99.95925925925926
INFO 2021-01-28 02:41:53,014 Validation Accuracy: 98.98333333333333
INFO 2021-01-28 02:41:56,283 Test Accuracy: 99.02
INFO 2021-01-28 02:41:56,284 starting epoch 298
INFO 2021-01-28 02:42:16,946 train correct: 99.97407407407407
INFO 2021-01-28 02:42:19,271 Validation Accuracy: 98.96666666666667
INFO 2021-01-28 02:42:22,803 Test Accuracy: 99.02
INFO 2021-01-28 02:42:22,804 starting epoch 299
INFO 2021-01-28 02:42:44,197 train correct: 99.97777777777777
INFO 2021-01-28 02:42:46,367 Validation Accuracy: 99.0
INFO 2021-01-28 02:42:50,209 Test Accuracy: 99.02
INFO 2021-01-28 02:42:50,209 starting epoch 300
INFO 2021-01-28 02:43:10,140 train correct: 99.98333333333333
INFO 2021-01-28 02:43:12,250 Validation Accuracy: 98.95
INFO 2021-01-28 02:43:15,518 Test Accuracy: 99.04
INFO 2021-01-28 02:43:15,519 starting epoch 301
INFO 2021-01-28 02:43:35,086 train correct: 99.97222222222223
INFO 2021-01-28 02:43:37,168 Validation Accuracy: 98.91666666666667
INFO 2021-01-28 02:43:40,510 Test Accuracy: 98.99
INFO 2021-01-28 02:43:40,510 starting epoch 302
INFO 2021-01-28 02:43:59,806 train correct: 99.97222222222223
INFO 2021-01-28 02:44:01,987 Validation Accuracy: 98.95
INFO 2021-01-28 02:44:05,387 Test Accuracy: 99.03
INFO 2021-01-28 02:44:05,388 starting epoch 303
INFO 2021-01-28 02:44:24,827 train correct: 99.97407407407407
INFO 2021-01-28 02:44:27,009 Validation Accuracy: 99.03333333333333
INFO 2021-01-28 02:44:30,434 Test Accuracy: 98.98
INFO 2021-01-28 02:44:30,435 starting epoch 304
INFO 2021-01-28 02:44:50,555 train correct: 99.96851851851852
INFO 2021-01-28 02:44:52,639 Validation Accuracy: 98.93333333333334
INFO 2021-01-28 02:44:55,956 Test Accuracy: 99.05
INFO 2021-01-28 02:44:55,956 starting epoch 305
INFO 2021-01-28 02:45:15,267 train correct: 99.97777777777777
INFO 2021-01-28 02:45:17,363 Validation Accuracy: 98.95
INFO 2021-01-28 02:45:20,740 Test Accuracy: 99.0
INFO 2021-01-28 02:45:20,740 starting epoch 306
INFO 2021-01-28 02:45:40,031 train correct: 99.96666666666667
INFO 2021-01-28 02:45:42,151 Validation Accuracy: 98.93333333333334
INFO 2021-01-28 02:45:45,509 Test Accuracy: 99.03
INFO 2021-01-28 02:45:45,510 starting epoch 307
INFO 2021-01-28 02:46:04,877 train correct: 99.96111111111111
INFO 2021-01-28 02:46:06,954 Validation Accuracy: 98.98333333333333
INFO 2021-01-28 02:46:10,272 Test Accuracy: 99.04
INFO 2021-01-28 02:46:10,272 starting epoch 308
INFO 2021-01-28 02:46:29,991 train correct: 99.96666666666667
INFO 2021-01-28 02:46:32,102 Validation Accuracy: 98.9
INFO 2021-01-28 02:46:35,415 Test Accuracy: 99.03
INFO 2021-01-28 02:46:35,416 starting epoch 309
INFO 2021-01-28 02:46:55,517 train correct: 99.97962962962963
INFO 2021-01-28 02:46:57,638 Validation Accuracy: 98.95
INFO 2021-01-28 02:47:00,873 Test Accuracy: 98.97
INFO 2021-01-28 02:47:00,874 starting epoch 310
INFO 2021-01-28 02:47:20,492 train correct: 99.97592592592592
INFO 2021-01-28 02:47:22,579 Validation Accuracy: 98.95
INFO 2021-01-28 02:47:25,904 Test Accuracy: 98.95
INFO 2021-01-28 02:47:25,904 starting epoch 311
INFO 2021-01-28 02:47:45,286 train correct: 99.97592592592592
INFO 2021-01-28 02:47:47,447 Validation Accuracy: 98.95
INFO 2021-01-28 02:47:50,732 Test Accuracy: 98.99
INFO 2021-01-28 02:47:50,732 starting epoch 312
INFO 2021-01-28 02:48:10,596 train correct: 99.98518518518519
INFO 2021-01-28 02:48:12,956 Validation Accuracy: 99.03333333333333
INFO 2021-01-28 02:48:16,147 Test Accuracy: 99.05
INFO 2021-01-28 02:48:16,147 starting epoch 313
INFO 2021-01-28 02:48:35,583 train correct: 99.97962962962963
INFO 2021-01-28 02:48:37,717 Validation Accuracy: 98.96666666666667
INFO 2021-01-28 02:48:41,062 Test Accuracy: 99.0
INFO 2021-01-28 02:48:41,062 starting epoch 314
INFO 2021-01-28 02:49:00,629 train correct: 99.95925925925926
INFO 2021-01-28 02:49:02,744 Validation Accuracy: 98.91666666666667
INFO 2021-01-28 02:49:06,046 Test Accuracy: 98.93
INFO 2021-01-28 02:49:06,047 starting epoch 315
INFO 2021-01-28 02:49:25,698 train correct: 99.97962962962963
INFO 2021-01-28 02:49:27,805 Validation Accuracy: 98.88333333333334
INFO 2021-01-28 02:49:31,298 Test Accuracy: 98.97
INFO 2021-01-28 02:49:31,298 starting epoch 316
INFO 2021-01-28 02:49:50,852 train correct: 99.96851851851852
INFO 2021-01-28 02:49:53,040 Validation Accuracy: 98.98333333333333
INFO 2021-01-28 02:49:56,345 Test Accuracy: 98.98
INFO 2021-01-28 02:49:56,346 starting epoch 317
INFO 2021-01-28 02:50:16,779 train correct: 99.97777777777777
INFO 2021-01-28 02:50:18,873 Validation Accuracy: 98.91666666666667
INFO 2021-01-28 02:50:22,139 Test Accuracy: 99.0
INFO 2021-01-28 02:50:22,139 starting epoch 318
INFO 2021-01-28 02:50:41,719 train correct: 99.97777777777777
INFO 2021-01-28 02:50:43,839 Validation Accuracy: 98.98333333333333
INFO 2021-01-28 02:50:47,059 Test Accuracy: 99.02
INFO 2021-01-28 02:50:47,059 starting epoch 319
INFO 2021-01-28 02:51:06,666 train correct: 99.96481481481482
INFO 2021-01-28 02:51:08,799 Validation Accuracy: 98.96666666666667
INFO 2021-01-28 02:51:12,221 Test Accuracy: 98.98
INFO 2021-01-28 02:51:12,222 starting epoch 320
INFO 2021-01-28 02:51:31,730 train correct: 99.95925925925926
INFO 2021-01-28 02:51:33,900 Validation Accuracy: 99.0
INFO 2021-01-28 02:51:37,129 Test Accuracy: 98.98
INFO 2021-01-28 02:51:37,129 starting epoch 321
INFO 2021-01-28 02:51:57,225 train correct: 99.97592592592592
INFO 2021-01-28 02:51:59,404 Validation Accuracy: 98.96666666666667
INFO 2021-01-28 02:52:02,795 Test Accuracy: 98.99
INFO 2021-01-28 02:52:02,795 starting epoch 322
INFO 2021-01-28 02:52:22,201 train correct: 99.97777777777777
INFO 2021-01-28 02:52:24,339 Validation Accuracy: 98.93333333333334
INFO 2021-01-28 02:52:27,789 Test Accuracy: 99.06
INFO 2021-01-28 02:52:27,789 starting epoch 323
INFO 2021-01-28 02:52:47,152 train correct: 99.96296296296296
INFO 2021-01-28 02:52:49,470 Validation Accuracy: 98.96666666666667
INFO 2021-01-28 02:52:53,079 Test Accuracy: 98.98
INFO 2021-01-28 02:52:53,079 starting epoch 324
INFO 2021-01-28 02:53:12,608 train correct: 99.97037037037038
INFO 2021-01-28 02:53:14,787 Validation Accuracy: 98.93333333333334
INFO 2021-01-28 02:53:18,111 Test Accuracy: 99.04
INFO 2021-01-28 02:53:18,112 starting epoch 325
INFO 2021-01-28 02:53:38,375 train correct: 99.96851851851852
INFO 2021-01-28 02:53:40,439 Validation Accuracy: 98.96666666666667
INFO 2021-01-28 02:53:43,907 Test Accuracy: 99.0
INFO 2021-01-28 02:53:43,907 starting epoch 326
INFO 2021-01-28 02:54:03,357 train correct: 99.98148148148148
INFO 2021-01-28 02:54:05,766 Validation Accuracy: 99.0
INFO 2021-01-28 02:54:09,230 Test Accuracy: 99.04
INFO 2021-01-28 02:54:09,230 starting epoch 327
INFO 2021-01-28 02:54:28,915 train correct: 99.97037037037038
INFO 2021-01-28 02:54:31,556 Validation Accuracy: 98.98333333333333
INFO 2021-01-28 02:54:34,974 Test Accuracy: 99.02
INFO 2021-01-28 02:54:34,975 starting epoch 328
INFO 2021-01-28 02:54:54,605 train correct: 99.97407407407407
INFO 2021-01-28 02:54:56,699 Validation Accuracy: 98.86666666666666
INFO 2021-01-28 02:55:00,005 Test Accuracy: 99.01
INFO 2021-01-28 02:55:00,006 starting epoch 329
INFO 2021-01-28 02:55:19,672 train correct: 99.97222222222223
INFO 2021-01-28 02:55:21,796 Validation Accuracy: 98.91666666666667
INFO 2021-01-28 02:55:25,093 Test Accuracy: 98.99
INFO 2021-01-28 02:55:25,093 starting epoch 330
INFO 2021-01-28 02:55:44,573 train correct: 99.97962962962963
INFO 2021-01-28 02:55:46,732 Validation Accuracy: 99.01666666666667
INFO 2021-01-28 02:55:50,027 Test Accuracy: 99.03
INFO 2021-01-28 02:55:50,027 starting epoch 331
INFO 2021-01-28 02:56:10,011 train correct: 99.97407407407407
INFO 2021-01-28 02:56:12,129 Validation Accuracy: 98.93333333333334
INFO 2021-01-28 02:56:15,377 Test Accuracy: 98.98
INFO 2021-01-28 02:56:15,377 starting epoch 332
INFO 2021-01-28 02:56:35,047 train correct: 99.97407407407407
INFO 2021-01-28 02:56:37,151 Validation Accuracy: 98.91666666666667
INFO 2021-01-28 02:56:40,498 Test Accuracy: 99.02
INFO 2021-01-28 02:56:40,499 starting epoch 333
INFO 2021-01-28 02:57:00,716 train correct: 99.97777777777777
INFO 2021-01-28 02:57:02,819 Validation Accuracy: 98.93333333333334
INFO 2021-01-28 02:57:06,133 Test Accuracy: 98.97
INFO 2021-01-28 02:57:06,133 starting epoch 334
INFO 2021-01-28 02:57:25,719 train correct: 99.97407407407407
INFO 2021-01-28 02:57:27,845 Validation Accuracy: 98.9
INFO 2021-01-28 02:57:31,103 Test Accuracy: 98.98
INFO 2021-01-28 02:57:31,104 starting epoch 335
INFO 2021-01-28 02:57:50,818 train correct: 99.97407407407407
INFO 2021-01-28 02:57:52,927 Validation Accuracy: 98.86666666666666
INFO 2021-01-28 02:57:56,304 Test Accuracy: 99.02
INFO 2021-01-28 02:57:56,304 starting epoch 336
INFO 2021-01-28 02:58:16,561 train correct: 99.98148148148148
INFO 2021-01-28 02:58:18,634 Validation Accuracy: 98.95
INFO 2021-01-28 02:58:21,911 Test Accuracy: 98.96
INFO 2021-01-28 02:58:21,912 starting epoch 337
INFO 2021-01-28 02:58:41,568 train correct: 99.97222222222223
INFO 2021-01-28 02:58:43,710 Validation Accuracy: 99.0
INFO 2021-01-28 02:58:47,055 Test Accuracy: 98.99
INFO 2021-01-28 02:58:47,056 starting epoch 338
INFO 2021-01-28 02:59:06,579 train correct: 99.98148148148148
INFO 2021-01-28 02:59:08,757 Validation Accuracy: 98.9
INFO 2021-01-28 02:59:12,183 Test Accuracy: 99.01
INFO 2021-01-28 02:59:12,183 starting epoch 339
INFO 2021-01-28 02:59:31,807 train correct: 99.97222222222223
INFO 2021-01-28 02:59:34,084 Validation Accuracy: 98.95
INFO 2021-01-28 02:59:37,426 Test Accuracy: 99.01
INFO 2021-01-28 02:59:37,426 starting epoch 340
INFO 2021-01-28 02:59:56,804 train correct: 99.97037037037038
INFO 2021-01-28 02:59:58,994 Validation Accuracy: 98.9
INFO 2021-01-28 03:00:02,350 Test Accuracy: 99.01
INFO 2021-01-28 03:00:02,350 starting epoch 341
INFO 2021-01-28 03:00:22,401 train correct: 99.98518518518519
INFO 2021-01-28 03:00:24,554 Validation Accuracy: 98.95
INFO 2021-01-28 03:00:27,851 Test Accuracy: 98.99
INFO 2021-01-28 03:00:27,851 starting epoch 342
INFO 2021-01-28 03:00:47,680 train correct: 99.96666666666667
INFO 2021-01-28 03:00:49,938 Validation Accuracy: 98.88333333333334
INFO 2021-01-28 03:00:53,331 Test Accuracy: 99.0
INFO 2021-01-28 03:00:53,331 starting epoch 343
INFO 2021-01-28 03:01:12,725 train correct: 99.96666666666667
INFO 2021-01-28 03:01:14,920 Validation Accuracy: 98.93333333333334
INFO 2021-01-28 03:01:18,234 Test Accuracy: 99.0
INFO 2021-01-28 03:01:18,234 starting epoch 344
INFO 2021-01-28 03:01:37,796 train correct: 99.97037037037038
INFO 2021-01-28 03:01:40,481 Validation Accuracy: 98.98333333333333
INFO 2021-01-28 03:01:43,867 Test Accuracy: 99.0
INFO 2021-01-28 03:01:43,868 starting epoch 345
INFO 2021-01-28 03:02:03,236 train correct: 99.98518518518519
INFO 2021-01-28 03:02:05,391 Validation Accuracy: 98.9
INFO 2021-01-28 03:02:08,729 Test Accuracy: 99.03
INFO 2021-01-28 03:02:08,729 starting epoch 346
INFO 2021-01-28 03:02:28,231 train correct: 99.98518518518519
INFO 2021-01-28 03:02:30,592 Validation Accuracy: 98.93333333333334
INFO 2021-01-28 03:02:33,992 Test Accuracy: 99.02
INFO 2021-01-28 03:02:33,993 starting epoch 347
INFO 2021-01-28 03:02:53,275 train correct: 99.97962962962963
INFO 2021-01-28 03:02:55,463 Validation Accuracy: 99.03333333333333
INFO 2021-01-28 03:02:58,776 Test Accuracy: 99.01
INFO 2021-01-28 03:02:58,776 starting epoch 348
INFO 2021-01-28 03:03:18,380 train correct: 99.97407407407407
INFO 2021-01-28 03:03:20,522 Validation Accuracy: 99.03333333333333
INFO 2021-01-28 03:03:23,854 Test Accuracy: 99.01
INFO 2021-01-28 03:03:23,855 starting epoch 349
INFO 2021-01-28 03:03:44,053 train correct: 99.95925925925926
INFO 2021-01-28 03:03:46,150 Validation Accuracy: 98.91666666666667
INFO 2021-01-28 03:03:49,398 Test Accuracy: 98.99
INFO 2021-01-28 03:03:49,398 starting epoch 350
INFO 2021-01-28 03:04:09,778 train correct: 99.97777777777777
INFO 2021-01-28 03:04:11,941 Validation Accuracy: 98.96666666666667
INFO 2021-01-28 03:04:15,230 Test Accuracy: 99.01
INFO 2021-01-28 03:04:15,231 starting epoch 351
INFO 2021-01-28 03:04:34,834 train correct: 99.96666666666667
INFO 2021-01-28 03:04:36,926 Validation Accuracy: 98.96666666666667
INFO 2021-01-28 03:04:40,300 Test Accuracy: 99.0
INFO 2021-01-28 03:04:40,300 starting epoch 352
INFO 2021-01-28 03:04:59,954 train correct: 99.97407407407407
INFO 2021-01-28 03:05:02,135 Validation Accuracy: 99.0
INFO 2021-01-28 03:05:05,422 Test Accuracy: 99.0
INFO 2021-01-28 03:05:05,422 starting epoch 353
INFO 2021-01-28 03:05:25,034 train correct: 99.97222222222223
INFO 2021-01-28 03:05:27,121 Validation Accuracy: 99.0
INFO 2021-01-28 03:05:30,400 Test Accuracy: 99.02
INFO 2021-01-28 03:05:30,401 starting epoch 354
INFO 2021-01-28 03:05:50,562 train correct: 99.96296296296296
INFO 2021-01-28 03:05:52,685 Validation Accuracy: 98.98333333333333
INFO 2021-01-28 03:05:55,958 Test Accuracy: 98.99
INFO 2021-01-28 03:05:55,959 starting epoch 355
INFO 2021-01-28 03:06:15,704 train correct: 99.97777777777777
INFO 2021-01-28 03:06:17,815 Validation Accuracy: 99.03333333333333
INFO 2021-01-28 03:06:21,138 Test Accuracy: 98.99
INFO 2021-01-28 03:06:21,139 starting epoch 356
INFO 2021-01-28 03:06:41,598 train correct: 99.99074074074075
INFO 2021-01-28 03:06:43,773 Validation Accuracy: 99.01666666666667
INFO 2021-01-28 03:06:47,102 Test Accuracy: 99.0
INFO 2021-01-28 03:06:47,103 starting epoch 357
INFO 2021-01-28 03:07:06,742 train correct: 99.97407407407407
INFO 2021-01-28 03:07:08,881 Validation Accuracy: 98.95
INFO 2021-01-28 03:07:12,216 Test Accuracy: 98.99
INFO 2021-01-28 03:07:12,217 starting epoch 358
INFO 2021-01-28 03:07:31,824 train correct: 99.96296296296296
INFO 2021-01-28 03:07:34,011 Validation Accuracy: 98.95
INFO 2021-01-28 03:07:37,345 Test Accuracy: 98.97
INFO 2021-01-28 03:07:37,346 starting epoch 359
INFO 2021-01-28 03:07:57,122 train correct: 99.97037037037038
INFO 2021-01-28 03:07:59,744 Validation Accuracy: 98.98333333333333
INFO 2021-01-28 03:08:03,043 Test Accuracy: 98.99
INFO 2021-01-28 03:08:03,043 starting epoch 360
INFO 2021-01-28 03:08:22,442 train correct: 99.97407407407407
INFO 2021-01-28 03:08:24,558 Validation Accuracy: 98.93333333333334
INFO 2021-01-28 03:08:27,965 Test Accuracy: 99.04
INFO 2021-01-28 03:08:27,965 starting epoch 361
INFO 2021-01-28 03:08:47,367 train correct: 99.97777777777777
INFO 2021-01-28 03:08:49,571 Validation Accuracy: 98.93333333333334
INFO 2021-01-28 03:08:52,914 Test Accuracy: 99.04
INFO 2021-01-28 03:08:52,914 starting epoch 362
INFO 2021-01-28 03:09:12,410 train correct: 99.97962962962963
INFO 2021-01-28 03:09:14,584 Validation Accuracy: 98.93333333333334
INFO 2021-01-28 03:09:17,903 Test Accuracy: 98.99
INFO 2021-01-28 03:09:17,903 starting epoch 363
INFO 2021-01-28 03:09:37,709 train correct: 99.97222222222223
INFO 2021-01-28 03:09:39,845 Validation Accuracy: 98.9
INFO 2021-01-28 03:09:43,173 Test Accuracy: 99.0
INFO 2021-01-28 03:09:43,174 starting epoch 364
INFO 2021-01-28 03:10:03,404 train correct: 99.98148148148148
INFO 2021-01-28 03:10:05,576 Validation Accuracy: 99.03333333333333
INFO 2021-01-28 03:10:09,026 Test Accuracy: 98.99
INFO 2021-01-28 03:10:09,027 starting epoch 365
INFO 2021-01-28 03:10:28,479 train correct: 99.97962962962963
INFO 2021-01-28 03:10:30,667 Validation Accuracy: 98.98333333333333
INFO 2021-01-28 03:10:34,033 Test Accuracy: 99.0
INFO 2021-01-28 03:10:34,033 starting epoch 366
INFO 2021-01-28 03:10:53,525 train correct: 99.98333333333333
INFO 2021-01-28 03:10:55,607 Validation Accuracy: 98.93333333333334
INFO 2021-01-28 03:10:58,975 Test Accuracy: 99.01
INFO 2021-01-28 03:10:58,976 starting epoch 367
INFO 2021-01-28 03:11:18,623 train correct: 99.97962962962963
INFO 2021-01-28 03:11:20,699 Validation Accuracy: 98.98333333333333
INFO 2021-01-28 03:11:24,085 Test Accuracy: 99.01
INFO 2021-01-28 03:11:24,085 starting epoch 368
INFO 2021-01-28 03:11:44,429 train correct: 99.99259259259259
INFO 2021-01-28 03:11:46,640 Validation Accuracy: 98.95
INFO 2021-01-28 03:11:49,908 Test Accuracy: 99.02
INFO 2021-01-28 03:11:49,908 starting epoch 369
INFO 2021-01-28 03:12:09,471 train correct: 99.98703703703704
INFO 2021-01-28 03:12:11,602 Validation Accuracy: 98.95
INFO 2021-01-28 03:12:14,930 Test Accuracy: 99.0
INFO 2021-01-28 03:12:14,931 starting epoch 370
INFO 2021-01-28 03:12:35,047 train correct: 99.97962962962963
INFO 2021-01-28 03:12:37,139 Validation Accuracy: 98.98333333333333
INFO 2021-01-28 03:12:40,410 Test Accuracy: 99.01
INFO 2021-01-28 03:12:40,411 starting epoch 371
INFO 2021-01-28 03:12:59,954 train correct: 99.97962962962963
INFO 2021-01-28 03:13:02,163 Validation Accuracy: 98.98333333333333
INFO 2021-01-28 03:13:05,526 Test Accuracy: 98.98
INFO 2021-01-28 03:13:05,527 starting epoch 372
INFO 2021-01-28 03:13:25,229 train correct: 99.98148148148148
INFO 2021-01-28 03:13:27,649 Validation Accuracy: 99.0
INFO 2021-01-28 03:13:31,385 Test Accuracy: 99.01
INFO 2021-01-28 03:13:31,385 starting epoch 373
INFO 2021-01-28 03:13:51,069 train correct: 99.97592592592592
INFO 2021-01-28 03:13:53,220 Validation Accuracy: 99.0
INFO 2021-01-28 03:13:56,709 Test Accuracy: 98.99
INFO 2021-01-28 03:13:56,710 starting epoch 374
INFO 2021-01-28 03:14:15,985 train correct: 99.96851851851852
INFO 2021-01-28 03:14:18,201 Validation Accuracy: 99.03333333333333
INFO 2021-01-28 03:14:21,550 Test Accuracy: 99.03
INFO 2021-01-28 03:14:21,551 starting epoch 375
INFO 2021-01-28 03:14:41,016 train correct: 99.97962962962963
INFO 2021-01-28 03:14:43,169 Validation Accuracy: 98.98333333333333
INFO 2021-01-28 03:14:46,510 Test Accuracy: 99.01
INFO 2021-01-28 03:14:46,510 starting epoch 376
INFO 2021-01-28 03:15:06,636 train correct: 99.97407407407407
INFO 2021-01-28 03:15:08,760 Validation Accuracy: 98.98333333333333
INFO 2021-01-28 03:15:12,193 Test Accuracy: 99.0
INFO 2021-01-28 03:15:12,193 starting epoch 377
INFO 2021-01-28 03:15:31,766 train correct: 99.98148148148148
INFO 2021-01-28 03:15:33,880 Validation Accuracy: 98.93333333333334
INFO 2021-01-28 03:15:37,368 Test Accuracy: 99.03
INFO 2021-01-28 03:15:37,369 starting epoch 378
INFO 2021-01-28 03:15:57,108 train correct: 99.98333333333333
INFO 2021-01-28 03:15:59,239 Validation Accuracy: 98.95
INFO 2021-01-28 03:16:02,611 Test Accuracy: 99.05
INFO 2021-01-28 03:16:02,612 starting epoch 379
INFO 2021-01-28 03:16:22,216 train correct: 99.97592592592592
INFO 2021-01-28 03:16:24,366 Validation Accuracy: 98.95
INFO 2021-01-28 03:16:27,641 Test Accuracy: 99.02
INFO 2021-01-28 03:16:27,641 starting epoch 380
INFO 2021-01-28 03:16:47,981 train correct: 99.97962962962963
INFO 2021-01-28 03:16:50,073 Validation Accuracy: 98.96666666666667
INFO 2021-01-28 03:16:53,374 Test Accuracy: 99.0
INFO 2021-01-28 03:16:53,374 starting epoch 381
INFO 2021-01-28 03:17:13,114 train correct: 99.97777777777777
INFO 2021-01-28 03:17:15,249 Validation Accuracy: 98.93333333333334
INFO 2021-01-28 03:17:18,596 Test Accuracy: 99.02
INFO 2021-01-28 03:17:18,596 starting epoch 382
INFO 2021-01-28 03:17:38,258 train correct: 99.97962962962963
INFO 2021-01-28 03:17:40,408 Validation Accuracy: 99.0
INFO 2021-01-28 03:17:43,721 Test Accuracy: 98.99
INFO 2021-01-28 03:17:43,722 starting epoch 383
INFO 2021-01-28 03:18:03,497 train correct: 99.97777777777777
INFO 2021-01-28 03:18:05,642 Validation Accuracy: 98.98333333333333
INFO 2021-01-28 03:18:09,750 Test Accuracy: 98.98
INFO 2021-01-28 03:18:09,750 starting epoch 384
INFO 2021-01-28 03:18:29,447 train correct: 99.99074074074075
INFO 2021-01-28 03:18:31,574 Validation Accuracy: 98.96666666666667
INFO 2021-01-28 03:18:34,868 Test Accuracy: 99.0
INFO 2021-01-28 03:18:34,869 starting epoch 385
INFO 2021-01-28 03:18:54,448 train correct: 99.98703703703704
INFO 2021-01-28 03:18:56,614 Validation Accuracy: 98.88333333333334
INFO 2021-01-28 03:18:59,911 Test Accuracy: 99.0
INFO 2021-01-28 03:18:59,912 starting epoch 386
INFO 2021-01-28 03:19:19,432 train correct: 99.98148148148148
INFO 2021-01-28 03:19:21,566 Validation Accuracy: 98.91666666666667
INFO 2021-01-28 03:19:24,927 Test Accuracy: 99.01
INFO 2021-01-28 03:19:24,927 starting epoch 387
INFO 2021-01-28 03:19:44,645 train correct: 99.98333333333333
INFO 2021-01-28 03:19:47,018 Validation Accuracy: 98.93333333333334
INFO 2021-01-28 03:19:50,503 Test Accuracy: 98.98
INFO 2021-01-28 03:19:50,504 starting epoch 388
INFO 2021-01-28 03:20:10,588 train correct: 99.97037037037038
INFO 2021-01-28 03:20:12,772 Validation Accuracy: 98.95
INFO 2021-01-28 03:20:16,123 Test Accuracy: 99.0
INFO 2021-01-28 03:20:16,124 starting epoch 389
INFO 2021-01-28 03:20:35,557 train correct: 99.97962962962963
INFO 2021-01-28 03:20:37,749 Validation Accuracy: 99.0
INFO 2021-01-28 03:20:41,083 Test Accuracy: 99.0
INFO 2021-01-28 03:20:41,083 starting epoch 390
INFO 2021-01-28 03:21:00,906 train correct: 99.97777777777777
INFO 2021-01-28 03:21:03,037 Validation Accuracy: 98.95
INFO 2021-01-28 03:21:06,403 Test Accuracy: 98.96
INFO 2021-01-28 03:21:06,403 starting epoch 391
