INFO 2021-01-28 01:59:34,343 Code running on cuda:0
INFO 2021-01-28 01:59:34,358 config: {'dataset': 'mnist', 'input_shape': 784, 'output_shape': 10, 'data_augmentation': False, 'epochs': 500, 'criterion': 'crossentropy', 'validation_split': 0.1, 'lr_scheduler': 'cosine', 'batch_size': 100, 'lr_init': 0.0003, 'lr_final': 1e-16, 'drop_prob': 0.2, 'batch_affine': False, 'model_architecture': 'BinaryConnect', 'momentum': 0.15, 'grad_clip_value': 1, 'weight_clip_value': 1}
INFO 2021-01-28 01:59:43,820 BinaryConnect(
  (dropout1): Dropout(p=0.2, inplace=False)
  (dropout2): Dropout(p=0.2, inplace=False)
  (dropout3): Dropout(p=0.2, inplace=False)
  (dropout4): Dropout(p=0.2, inplace=False)
  (fc1): Linear(in_features=784, out_features=2048, bias=False)
  (fc2): Linear(in_features=2048, out_features=2048, bias=False)
  (fc3): Linear(in_features=2048, out_features=2048, bias=False)
  (fc4): Linear(in_features=2048, out_features=10, bias=False)
  (bn1): BatchNorm1d(2048, eps=0.0001, momentum=0.15, affine=False, track_running_stats=True)
  (bn2): BatchNorm1d(2048, eps=0.0001, momentum=0.15, affine=False, track_running_stats=True)
  (bn3): BatchNorm1d(2048, eps=0.0001, momentum=0.15, affine=False, track_running_stats=True)
  (bn4): BatchNorm1d(10, eps=0.0001, momentum=0.15, affine=False, track_running_stats=True)
)
INFO 2021-01-28 01:59:43,820 Starting training with Full-Precision optimizer...
INFO 2021-01-28 01:59:43,821 Criterion: CrossEntropyLoss()
INFO 2021-01-28 01:59:43,821 Optimizer: Adam (
Parameter Group 0
    amsgrad: False
    betas: (0.9, 0.999)
    eps: 1e-08
    initial_lr: 0.0003
    lr: 0.0003
    weight_decay: 0
)
INFO 2021-01-28 01:59:43,821 starting epoch 0
INFO 2021-01-28 02:00:02,889 train correct: 92.86296296296297
INFO 2021-01-28 02:00:04,789 Validation Accuracy: 96.73333333333333
INFO 2021-01-28 02:00:08,095 Test Accuracy: 96.99
INFO 2021-01-28 02:00:08,096 starting epoch 1
INFO 2021-01-28 02:00:27,090 train correct: 95.95185185185186
INFO 2021-01-28 02:00:29,137 Validation Accuracy: 97.7
INFO 2021-01-28 02:00:32,408 Test Accuracy: 97.59
INFO 2021-01-28 02:00:32,408 starting epoch 2
INFO 2021-01-28 02:00:51,029 train correct: 96.86851851851851
INFO 2021-01-28 02:00:53,047 Validation Accuracy: 97.83333333333333
INFO 2021-01-28 02:00:56,269 Test Accuracy: 98.07
INFO 2021-01-28 02:00:56,269 starting epoch 3
INFO 2021-01-28 02:01:15,635 train correct: 97.25185185185185
INFO 2021-01-28 02:01:17,657 Validation Accuracy: 98.13333333333334
INFO 2021-01-28 02:01:20,805 Test Accuracy: 98.18
INFO 2021-01-28 02:01:20,805 starting epoch 4
INFO 2021-01-28 02:01:40,220 train correct: 97.71481481481482
INFO 2021-01-28 02:01:42,308 Validation Accuracy: 98.28333333333333
INFO 2021-01-28 02:01:45,572 Test Accuracy: 98.24
INFO 2021-01-28 02:01:45,572 starting epoch 5
INFO 2021-01-28 02:02:04,770 train correct: 98.00925925925925
INFO 2021-01-28 02:02:06,886 Validation Accuracy: 98.45
INFO 2021-01-28 02:02:10,162 Test Accuracy: 98.34
INFO 2021-01-28 02:02:10,162 starting epoch 6
INFO 2021-01-28 02:02:29,174 train correct: 98.19074074074074
INFO 2021-01-28 02:02:32,350 Validation Accuracy: 98.28333333333333
INFO 2021-01-28 02:02:36,207 Test Accuracy: 98.37
INFO 2021-01-28 02:02:36,207 starting epoch 7
INFO 2021-01-28 02:02:55,395 train correct: 98.2925925925926
INFO 2021-01-28 02:02:57,379 Validation Accuracy: 98.36666666666666
INFO 2021-01-28 02:03:00,608 Test Accuracy: 98.42
INFO 2021-01-28 02:03:00,609 starting epoch 8
INFO 2021-01-28 02:03:19,949 train correct: 98.49074074074075
INFO 2021-01-28 02:03:21,936 Validation Accuracy: 98.48333333333333
INFO 2021-01-28 02:03:25,033 Test Accuracy: 98.49
INFO 2021-01-28 02:03:25,034 starting epoch 9
INFO 2021-01-28 02:03:44,636 train correct: 98.57407407407408
INFO 2021-01-28 02:03:46,736 Validation Accuracy: 98.61666666666666
INFO 2021-01-28 02:03:49,973 Test Accuracy: 98.57
INFO 2021-01-28 02:03:49,979 starting epoch 10
INFO 2021-01-28 02:04:09,190 train correct: 98.57777777777778
INFO 2021-01-28 02:04:11,336 Validation Accuracy: 98.6
INFO 2021-01-28 02:04:14,804 Test Accuracy: 98.53
INFO 2021-01-28 02:04:14,804 starting epoch 11
INFO 2021-01-28 02:04:34,168 train correct: 98.68703703703704
INFO 2021-01-28 02:04:36,122 Validation Accuracy: 98.65
INFO 2021-01-28 02:04:39,258 Test Accuracy: 98.54
INFO 2021-01-28 02:04:39,258 starting epoch 12
INFO 2021-01-28 02:04:59,188 train correct: 98.82962962962964
INFO 2021-01-28 02:05:01,225 Validation Accuracy: 98.51666666666667
INFO 2021-01-28 02:05:04,385 Test Accuracy: 98.57
INFO 2021-01-28 02:05:04,385 starting epoch 13
INFO 2021-01-28 02:05:24,595 train correct: 98.87592592592593
INFO 2021-01-28 02:05:26,668 Validation Accuracy: 98.65
INFO 2021-01-28 02:05:29,939 Test Accuracy: 98.68
INFO 2021-01-28 02:05:29,939 starting epoch 14
INFO 2021-01-28 02:05:49,754 train correct: 98.9888888888889
INFO 2021-01-28 02:05:51,928 Validation Accuracy: 98.51666666666667
INFO 2021-01-28 02:05:55,163 Test Accuracy: 98.56
INFO 2021-01-28 02:05:55,164 starting epoch 15
INFO 2021-01-28 02:06:14,234 train correct: 99.02037037037037
INFO 2021-01-28 02:06:16,416 Validation Accuracy: 98.61666666666666
INFO 2021-01-28 02:06:20,304 Test Accuracy: 98.67
INFO 2021-01-28 02:06:20,304 starting epoch 16
INFO 2021-01-28 02:06:39,774 train correct: 99.15925925925926
INFO 2021-01-28 02:06:41,841 Validation Accuracy: 98.65
INFO 2021-01-28 02:06:45,053 Test Accuracy: 98.69
INFO 2021-01-28 02:06:45,053 starting epoch 17
INFO 2021-01-28 02:07:04,820 train correct: 99.15925925925926
INFO 2021-01-28 02:07:06,667 Validation Accuracy: 98.65
INFO 2021-01-28 02:07:09,667 Test Accuracy: 98.64
INFO 2021-01-28 02:07:09,667 starting epoch 18
INFO 2021-01-28 02:07:29,100 train correct: 99.17407407407407
INFO 2021-01-28 02:07:31,085 Validation Accuracy: 98.7
INFO 2021-01-28 02:07:34,328 Test Accuracy: 98.71
INFO 2021-01-28 02:07:34,328 starting epoch 19
INFO 2021-01-28 02:07:53,473 train correct: 99.27592592592593
INFO 2021-01-28 02:07:55,639 Validation Accuracy: 98.73333333333333
INFO 2021-01-28 02:07:59,048 Test Accuracy: 98.81
INFO 2021-01-28 02:07:59,049 starting epoch 20
INFO 2021-01-28 02:08:18,331 train correct: 99.25185185185185
INFO 2021-01-28 02:08:20,301 Validation Accuracy: 98.71666666666667
INFO 2021-01-28 02:08:23,593 Test Accuracy: 98.8
INFO 2021-01-28 02:08:23,593 starting epoch 21
INFO 2021-01-28 02:08:44,163 train correct: 99.30185185185185
INFO 2021-01-28 02:08:46,600 Validation Accuracy: 98.83333333333333
INFO 2021-01-28 02:08:49,892 Test Accuracy: 98.75
INFO 2021-01-28 02:08:49,893 starting epoch 22
INFO 2021-01-28 02:09:09,952 train correct: 99.36111111111111
INFO 2021-01-28 02:09:11,985 Validation Accuracy: 98.83333333333333
INFO 2021-01-28 02:09:14,944 Test Accuracy: 98.74
INFO 2021-01-28 02:09:14,945 starting epoch 23
INFO 2021-01-28 02:09:34,482 train correct: 99.38888888888889
INFO 2021-01-28 02:09:36,580 Validation Accuracy: 98.83333333333333
INFO 2021-01-28 02:09:40,003 Test Accuracy: 98.82
INFO 2021-01-28 02:09:40,003 starting epoch 24
INFO 2021-01-28 02:09:58,987 train correct: 99.36111111111111
INFO 2021-01-28 02:10:01,015 Validation Accuracy: 98.83333333333333
INFO 2021-01-28 02:10:04,182 Test Accuracy: 98.76
INFO 2021-01-28 02:10:04,182 starting epoch 25
INFO 2021-01-28 02:10:23,169 train correct: 99.36666666666666
INFO 2021-01-28 02:10:25,270 Validation Accuracy: 98.85
INFO 2021-01-28 02:10:29,049 Test Accuracy: 98.73
INFO 2021-01-28 02:10:29,049 starting epoch 26
INFO 2021-01-28 02:10:48,542 train correct: 99.41481481481482
INFO 2021-01-28 02:10:50,608 Validation Accuracy: 98.8
INFO 2021-01-28 02:10:53,861 Test Accuracy: 98.6
INFO 2021-01-28 02:10:53,862 starting epoch 27
INFO 2021-01-28 02:11:13,357 train correct: 99.46111111111111
INFO 2021-01-28 02:11:15,414 Validation Accuracy: 98.71666666666667
INFO 2021-01-28 02:11:18,518 Test Accuracy: 98.78
INFO 2021-01-28 02:11:18,519 starting epoch 28
INFO 2021-01-28 02:11:38,230 train correct: 99.42037037037036
INFO 2021-01-28 02:11:40,174 Validation Accuracy: 98.83333333333333
INFO 2021-01-28 02:11:43,181 Test Accuracy: 98.81
INFO 2021-01-28 02:11:43,181 starting epoch 29
INFO 2021-01-28 02:12:02,429 train correct: 99.5
INFO 2021-01-28 02:12:04,575 Validation Accuracy: 98.8
INFO 2021-01-28 02:12:07,830 Test Accuracy: 98.79
INFO 2021-01-28 02:12:07,831 starting epoch 30
INFO 2021-01-28 02:12:27,108 train correct: 99.52592592592593
INFO 2021-01-28 02:12:29,202 Validation Accuracy: 98.78333333333333
INFO 2021-01-28 02:12:32,628 Test Accuracy: 98.73
INFO 2021-01-28 02:12:32,629 starting epoch 31
INFO 2021-01-28 02:12:53,300 train correct: 99.54814814814814
INFO 2021-01-28 02:12:55,512 Validation Accuracy: 98.88333333333334
INFO 2021-01-28 02:12:58,640 Test Accuracy: 98.76
INFO 2021-01-28 02:12:58,640 starting epoch 32
INFO 2021-01-28 02:13:18,362 train correct: 99.57222222222222
INFO 2021-01-28 02:13:20,652 Validation Accuracy: 98.75
INFO 2021-01-28 02:13:24,050 Test Accuracy: 98.87
INFO 2021-01-28 02:13:24,051 starting epoch 33
INFO 2021-01-28 02:13:43,313 train correct: 99.47962962962963
INFO 2021-01-28 02:13:45,442 Validation Accuracy: 98.7
INFO 2021-01-28 02:13:48,531 Test Accuracy: 98.86
INFO 2021-01-28 02:13:48,532 starting epoch 34
INFO 2021-01-28 02:14:08,010 train correct: 99.58333333333333
INFO 2021-01-28 02:14:10,089 Validation Accuracy: 98.86666666666666
INFO 2021-01-28 02:14:13,521 Test Accuracy: 98.76
INFO 2021-01-28 02:14:13,521 starting epoch 35
INFO 2021-01-28 02:14:32,810 train correct: 99.56851851851852
INFO 2021-01-28 02:14:34,789 Validation Accuracy: 98.85
INFO 2021-01-28 02:14:37,837 Test Accuracy: 98.95
INFO 2021-01-28 02:14:37,838 starting epoch 36
INFO 2021-01-28 02:14:57,202 train correct: 99.55555555555556
INFO 2021-01-28 02:14:59,322 Validation Accuracy: 98.95
INFO 2021-01-28 02:15:02,626 Test Accuracy: 98.86
INFO 2021-01-28 02:15:02,627 starting epoch 37
INFO 2021-01-28 02:15:21,839 train correct: 99.5925925925926
INFO 2021-01-28 02:15:24,288 Validation Accuracy: 98.88333333333334
INFO 2021-01-28 02:15:27,280 Test Accuracy: 98.85
INFO 2021-01-28 02:15:27,280 starting epoch 38
INFO 2021-01-28 02:15:45,421 train correct: 99.60925925925926
INFO 2021-01-28 02:15:47,504 Validation Accuracy: 98.8
INFO 2021-01-28 02:15:50,831 Test Accuracy: 98.87
INFO 2021-01-28 02:15:50,832 starting epoch 39
INFO 2021-01-28 02:16:09,882 train correct: 99.65
INFO 2021-01-28 02:16:11,937 Validation Accuracy: 98.8
INFO 2021-01-28 02:16:15,037 Test Accuracy: 98.85
INFO 2021-01-28 02:16:15,037 starting epoch 40
INFO 2021-01-28 02:16:34,447 train correct: 99.62407407407407
INFO 2021-01-28 02:16:36,714 Validation Accuracy: 98.83333333333333
INFO 2021-01-28 02:16:40,088 Test Accuracy: 98.94
INFO 2021-01-28 02:16:40,089 starting epoch 41
INFO 2021-01-28 02:16:59,344 train correct: 99.62407407407407
INFO 2021-01-28 02:17:01,410 Validation Accuracy: 98.81666666666666
INFO 2021-01-28 02:17:04,718 Test Accuracy: 98.77
INFO 2021-01-28 02:17:04,718 starting epoch 42
INFO 2021-01-28 02:17:24,190 train correct: 99.66111111111111
INFO 2021-01-28 02:17:26,221 Validation Accuracy: 98.98333333333333
INFO 2021-01-28 02:17:29,635 Test Accuracy: 98.87
INFO 2021-01-28 02:17:29,635 starting epoch 43
INFO 2021-01-28 02:17:49,454 train correct: 99.65
INFO 2021-01-28 02:17:51,244 Validation Accuracy: 98.88333333333334
INFO 2021-01-28 02:17:54,420 Test Accuracy: 98.93
INFO 2021-01-28 02:17:54,420 starting epoch 44
INFO 2021-01-28 02:18:14,190 train correct: 99.68148148148148
INFO 2021-01-28 02:18:16,203 Validation Accuracy: 98.95
INFO 2021-01-28 02:18:19,533 Test Accuracy: 98.86
INFO 2021-01-28 02:18:19,534 starting epoch 45
INFO 2021-01-28 02:18:38,766 train correct: 99.68703703703704
INFO 2021-01-28 02:18:40,909 Validation Accuracy: 99.0
INFO 2021-01-28 02:18:44,057 Test Accuracy: 98.8
INFO 2021-01-28 02:18:44,058 starting epoch 46
INFO 2021-01-28 02:19:03,917 train correct: 99.72962962962963
INFO 2021-01-28 02:19:06,192 Validation Accuracy: 98.85
INFO 2021-01-28 02:19:09,586 Test Accuracy: 98.83
INFO 2021-01-28 02:19:09,586 starting epoch 47
INFO 2021-01-28 02:19:29,335 train correct: 99.73148148148148
INFO 2021-01-28 02:19:31,303 Validation Accuracy: 99.01666666666667
INFO 2021-01-28 02:19:34,388 Test Accuracy: 99.0
INFO 2021-01-28 02:19:34,388 starting epoch 48
INFO 2021-01-28 02:19:53,331 train correct: 99.67777777777778
INFO 2021-01-28 02:19:55,418 Validation Accuracy: 98.85
INFO 2021-01-28 02:19:58,701 Test Accuracy: 98.95
INFO 2021-01-28 02:19:58,702 starting epoch 49
INFO 2021-01-28 02:20:17,123 train correct: 99.71111111111111
INFO 2021-01-28 02:20:19,273 Validation Accuracy: 98.95
INFO 2021-01-28 02:20:22,499 Test Accuracy: 98.89
INFO 2021-01-28 02:20:22,499 starting epoch 50
INFO 2021-01-28 02:20:41,553 train correct: 99.72037037037038
INFO 2021-01-28 02:20:43,711 Validation Accuracy: 98.73333333333333
INFO 2021-01-28 02:20:47,096 Test Accuracy: 98.8
INFO 2021-01-28 02:20:47,097 starting epoch 51
INFO 2021-01-28 02:21:06,600 train correct: 99.74814814814815
INFO 2021-01-28 02:21:08,600 Validation Accuracy: 98.95
INFO 2021-01-28 02:21:11,705 Test Accuracy: 98.89
INFO 2021-01-28 02:21:11,705 starting epoch 52
INFO 2021-01-28 02:21:31,147 train correct: 99.70185185185186
INFO 2021-01-28 02:21:33,239 Validation Accuracy: 99.03333333333333
INFO 2021-01-28 02:21:36,578 Test Accuracy: 98.84
INFO 2021-01-28 02:21:36,579 starting epoch 53
INFO 2021-01-28 02:21:56,108 train correct: 99.69444444444444
INFO 2021-01-28 02:21:58,333 Validation Accuracy: 98.91666666666667
INFO 2021-01-28 02:22:01,766 Test Accuracy: 98.89
INFO 2021-01-28 02:22:01,767 starting epoch 54
INFO 2021-01-28 02:22:21,032 train correct: 99.7537037037037
INFO 2021-01-28 02:22:23,337 Validation Accuracy: 98.95
INFO 2021-01-28 02:22:26,808 Test Accuracy: 98.9
INFO 2021-01-28 02:22:26,809 starting epoch 55
INFO 2021-01-28 02:22:46,265 train correct: 99.72777777777777
INFO 2021-01-28 02:22:48,178 Validation Accuracy: 99.0
INFO 2021-01-28 02:22:51,281 Test Accuracy: 98.83
INFO 2021-01-28 02:22:51,282 starting epoch 56
INFO 2021-01-28 02:23:11,053 train correct: 99.7537037037037
INFO 2021-01-28 02:23:12,987 Validation Accuracy: 98.86666666666666
INFO 2021-01-28 02:23:16,529 Test Accuracy: 98.83
INFO 2021-01-28 02:23:16,529 starting epoch 57
INFO 2021-01-28 02:23:36,364 train correct: 99.78888888888889
INFO 2021-01-28 02:23:38,250 Validation Accuracy: 98.93333333333334
INFO 2021-01-28 02:23:41,385 Test Accuracy: 98.79
INFO 2021-01-28 02:23:41,385 starting epoch 58
INFO 2021-01-28 02:24:01,015 train correct: 99.77962962962962
INFO 2021-01-28 02:24:03,276 Validation Accuracy: 98.88333333333334
INFO 2021-01-28 02:24:06,759 Test Accuracy: 98.88
INFO 2021-01-28 02:24:06,760 starting epoch 59
INFO 2021-01-28 02:24:26,306 train correct: 99.74074074074075
INFO 2021-01-28 02:24:28,465 Validation Accuracy: 98.86666666666666
INFO 2021-01-28 02:24:31,615 Test Accuracy: 98.96
INFO 2021-01-28 02:24:31,616 starting epoch 60
INFO 2021-01-28 02:24:51,090 train correct: 99.79074074074074
INFO 2021-01-28 02:24:53,280 Validation Accuracy: 99.01666666666667
INFO 2021-01-28 02:24:56,793 Test Accuracy: 98.95
INFO 2021-01-28 02:24:56,794 starting epoch 61
INFO 2021-01-28 02:25:16,693 train correct: 99.79074074074074
INFO 2021-01-28 02:25:18,598 Validation Accuracy: 98.96666666666667
INFO 2021-01-28 02:25:21,686 Test Accuracy: 98.76
INFO 2021-01-28 02:25:21,687 starting epoch 62
INFO 2021-01-28 02:25:41,719 train correct: 99.81296296296296
INFO 2021-01-28 02:25:43,602 Validation Accuracy: 99.03333333333333
INFO 2021-01-28 02:25:46,667 Test Accuracy: 98.88
INFO 2021-01-28 02:25:46,668 starting epoch 63
INFO 2021-01-28 02:26:06,127 train correct: 99.80740740740741
INFO 2021-01-28 02:26:08,337 Validation Accuracy: 98.93333333333334
INFO 2021-01-28 02:26:11,775 Test Accuracy: 98.84
INFO 2021-01-28 02:26:11,775 starting epoch 64
INFO 2021-01-28 02:26:31,197 train correct: 99.7925925925926
INFO 2021-01-28 02:26:33,452 Validation Accuracy: 98.91666666666667
INFO 2021-01-28 02:26:36,884 Test Accuracy: 98.95
INFO 2021-01-28 02:26:36,885 starting epoch 65
INFO 2021-01-28 02:26:56,091 train correct: 99.8037037037037
INFO 2021-01-28 02:26:57,921 Validation Accuracy: 98.98333333333333
INFO 2021-01-28 02:27:00,892 Test Accuracy: 98.9
INFO 2021-01-28 02:27:00,892 starting epoch 66
INFO 2021-01-28 02:27:20,562 train correct: 99.77962962962962
INFO 2021-01-28 02:27:22,500 Validation Accuracy: 99.05
INFO 2021-01-28 02:27:25,686 Test Accuracy: 98.91
INFO 2021-01-28 02:27:25,687 starting epoch 67
INFO 2021-01-28 02:27:45,463 train correct: 99.77777777777777
INFO 2021-01-28 02:27:47,562 Validation Accuracy: 99.06666666666666
INFO 2021-01-28 02:27:50,821 Test Accuracy: 98.92
INFO 2021-01-28 02:27:50,822 starting epoch 68
INFO 2021-01-28 02:28:10,207 train correct: 99.81851851851852
INFO 2021-01-28 02:28:12,288 Validation Accuracy: 99.03333333333333
INFO 2021-01-28 02:28:15,536 Test Accuracy: 98.91
INFO 2021-01-28 02:28:15,536 starting epoch 69
INFO 2021-01-28 02:28:34,828 train correct: 99.8
INFO 2021-01-28 02:28:36,948 Validation Accuracy: 98.96666666666667
INFO 2021-01-28 02:28:40,313 Test Accuracy: 98.9
INFO 2021-01-28 02:28:40,313 starting epoch 70
INFO 2021-01-28 02:29:00,011 train correct: 99.79444444444445
INFO 2021-01-28 02:29:02,162 Validation Accuracy: 98.81666666666666
INFO 2021-01-28 02:29:05,392 Test Accuracy: 98.83
INFO 2021-01-28 02:29:05,393 starting epoch 71
INFO 2021-01-28 02:29:25,040 train correct: 99.79444444444445
INFO 2021-01-28 02:29:27,165 Validation Accuracy: 98.88333333333334
INFO 2021-01-28 02:29:30,277 Test Accuracy: 98.94
INFO 2021-01-28 02:29:30,278 starting epoch 72
INFO 2021-01-28 02:29:50,050 train correct: 99.81296296296296
INFO 2021-01-28 02:29:52,121 Validation Accuracy: 98.95
INFO 2021-01-28 02:29:56,277 Test Accuracy: 98.84
INFO 2021-01-28 02:29:56,278 starting epoch 73
INFO 2021-01-28 02:30:16,310 train correct: 99.82222222222222
INFO 2021-01-28 02:30:18,326 Validation Accuracy: 98.88333333333334
INFO 2021-01-28 02:30:21,574 Test Accuracy: 98.8
INFO 2021-01-28 02:30:21,574 starting epoch 74
INFO 2021-01-28 02:30:41,162 train correct: 99.80925925925926
INFO 2021-01-28 02:30:43,254 Validation Accuracy: 99.0
INFO 2021-01-28 02:30:46,698 Test Accuracy: 98.98
INFO 2021-01-28 02:30:46,699 starting epoch 75
INFO 2021-01-28 02:31:06,240 train correct: 99.85555555555555
INFO 2021-01-28 02:31:08,404 Validation Accuracy: 99.08333333333333
INFO 2021-01-28 02:31:11,717 Test Accuracy: 98.9
INFO 2021-01-28 02:31:11,718 starting epoch 76
INFO 2021-01-28 02:31:30,902 train correct: 99.8425925925926
INFO 2021-01-28 02:31:32,819 Validation Accuracy: 98.91666666666667
INFO 2021-01-28 02:31:36,061 Test Accuracy: 98.94
INFO 2021-01-28 02:31:36,061 starting epoch 77
INFO 2021-01-28 02:31:55,400 train correct: 99.7925925925926
INFO 2021-01-28 02:31:57,526 Validation Accuracy: 98.93333333333334
INFO 2021-01-28 02:32:00,553 Test Accuracy: 98.85
INFO 2021-01-28 02:32:00,554 starting epoch 78
INFO 2021-01-28 02:32:19,577 train correct: 99.84074074074074
INFO 2021-01-28 02:32:21,636 Validation Accuracy: 98.85
INFO 2021-01-28 02:32:24,981 Test Accuracy: 98.91
INFO 2021-01-28 02:32:24,981 starting epoch 79
INFO 2021-01-28 02:32:44,283 train correct: 99.83333333333333
INFO 2021-01-28 02:32:46,244 Validation Accuracy: 98.96666666666667
INFO 2021-01-28 02:32:49,706 Test Accuracy: 98.98
INFO 2021-01-28 02:32:49,707 starting epoch 80
INFO 2021-01-28 02:33:09,456 train correct: 99.86111111111111
INFO 2021-01-28 02:33:11,567 Validation Accuracy: 98.98333333333333
INFO 2021-01-28 02:33:14,774 Test Accuracy: 98.91
INFO 2021-01-28 02:33:14,774 starting epoch 81
INFO 2021-01-28 02:33:34,371 train correct: 99.81851851851852
INFO 2021-01-28 02:33:36,493 Validation Accuracy: 99.01666666666667
INFO 2021-01-28 02:33:39,821 Test Accuracy: 98.84
INFO 2021-01-28 02:33:39,821 starting epoch 82
INFO 2021-01-28 02:33:59,459 train correct: 99.85185185185185
INFO 2021-01-28 02:34:01,944 Validation Accuracy: 98.95
INFO 2021-01-28 02:34:05,865 Test Accuracy: 98.96
INFO 2021-01-28 02:34:05,865 starting epoch 83
INFO 2021-01-28 02:34:25,146 train correct: 99.85
INFO 2021-01-28 02:34:27,201 Validation Accuracy: 99.06666666666666
INFO 2021-01-28 02:34:30,076 Test Accuracy: 98.97
INFO 2021-01-28 02:34:30,077 starting epoch 84
INFO 2021-01-28 02:34:49,772 train correct: 99.85555555555555
INFO 2021-01-28 02:34:51,721 Validation Accuracy: 98.98333333333333
INFO 2021-01-28 02:34:54,967 Test Accuracy: 98.91
INFO 2021-01-28 02:34:54,967 starting epoch 85
INFO 2021-01-28 02:35:14,861 train correct: 99.85
INFO 2021-01-28 02:35:17,057 Validation Accuracy: 99.06666666666666
INFO 2021-01-28 02:35:20,365 Test Accuracy: 98.98
INFO 2021-01-28 02:35:20,365 starting epoch 86
INFO 2021-01-28 02:35:39,749 train correct: 99.82407407407408
INFO 2021-01-28 02:35:41,864 Validation Accuracy: 99.01666666666667
INFO 2021-01-28 02:35:45,182 Test Accuracy: 99.0
INFO 2021-01-28 02:35:45,182 starting epoch 87
INFO 2021-01-28 02:36:04,415 train correct: 99.86296296296297
INFO 2021-01-28 02:36:06,574 Validation Accuracy: 99.15
INFO 2021-01-28 02:36:09,742 Test Accuracy: 98.92
INFO 2021-01-28 02:36:09,742 starting epoch 88
INFO 2021-01-28 02:36:29,046 train correct: 99.86296296296297
INFO 2021-01-28 02:36:31,096 Validation Accuracy: 98.95
INFO 2021-01-28 02:36:34,356 Test Accuracy: 98.85
INFO 2021-01-28 02:36:34,357 starting epoch 89
INFO 2021-01-28 02:36:54,434 train correct: 99.87962962962963
INFO 2021-01-28 02:36:56,520 Validation Accuracy: 98.98333333333333
INFO 2021-01-28 02:36:59,972 Test Accuracy: 98.96
INFO 2021-01-28 02:36:59,972 starting epoch 90
INFO 2021-01-28 02:37:19,965 train correct: 99.81481481481481
INFO 2021-01-28 02:37:22,104 Validation Accuracy: 99.0
INFO 2021-01-28 02:37:25,279 Test Accuracy: 98.93
INFO 2021-01-28 02:37:25,280 starting epoch 91
INFO 2021-01-28 02:37:45,178 train correct: 99.83888888888889
INFO 2021-01-28 02:37:47,320 Validation Accuracy: 98.98333333333333
INFO 2021-01-28 02:37:50,544 Test Accuracy: 98.92
INFO 2021-01-28 02:37:50,544 starting epoch 92
INFO 2021-01-28 02:38:10,653 train correct: 99.85185185185185
INFO 2021-01-28 02:38:12,718 Validation Accuracy: 99.01666666666667
INFO 2021-01-28 02:38:15,986 Test Accuracy: 98.94
INFO 2021-01-28 02:38:15,986 starting epoch 93
INFO 2021-01-28 02:38:35,318 train correct: 99.8537037037037
INFO 2021-01-28 02:38:37,435 Validation Accuracy: 99.01666666666667
INFO 2021-01-28 02:38:40,909 Test Accuracy: 98.97
INFO 2021-01-28 02:38:40,909 starting epoch 94
INFO 2021-01-28 02:39:00,836 train correct: 99.88888888888889
INFO 2021-01-28 02:39:02,850 Validation Accuracy: 98.93333333333334
INFO 2021-01-28 02:39:05,811 Test Accuracy: 98.96
INFO 2021-01-28 02:39:05,811 starting epoch 95
INFO 2021-01-28 02:39:25,637 train correct: 99.87777777777778
INFO 2021-01-28 02:39:27,740 Validation Accuracy: 98.8
INFO 2021-01-28 02:39:30,766 Test Accuracy: 98.89
INFO 2021-01-28 02:39:30,767 starting epoch 96
INFO 2021-01-28 02:39:50,131 train correct: 99.8537037037037
INFO 2021-01-28 02:39:52,242 Validation Accuracy: 98.88333333333334
INFO 2021-01-28 02:39:55,689 Test Accuracy: 98.89
INFO 2021-01-28 02:39:55,690 starting epoch 97
INFO 2021-01-28 02:40:15,377 train correct: 99.9
INFO 2021-01-28 02:40:17,382 Validation Accuracy: 98.91666666666667
INFO 2021-01-28 02:40:20,539 Test Accuracy: 98.96
INFO 2021-01-28 02:40:20,539 starting epoch 98
INFO 2021-01-28 02:40:40,960 train correct: 99.87777777777778
INFO 2021-01-28 02:40:42,938 Validation Accuracy: 98.95
INFO 2021-01-28 02:40:46,111 Test Accuracy: 98.91
INFO 2021-01-28 02:40:46,111 starting epoch 99
INFO 2021-01-28 02:41:06,086 train correct: 99.87222222222222
INFO 2021-01-28 02:41:08,118 Validation Accuracy: 98.91666666666667
INFO 2021-01-28 02:41:11,265 Test Accuracy: 98.85
INFO 2021-01-28 02:41:11,265 starting epoch 100
INFO 2021-01-28 02:41:30,240 train correct: 99.89074074074074
INFO 2021-01-28 02:41:32,398 Validation Accuracy: 99.03333333333333
INFO 2021-01-28 02:41:35,902 Test Accuracy: 98.91
INFO 2021-01-28 02:41:35,903 starting epoch 101
INFO 2021-01-28 02:41:55,319 train correct: 99.85555555555555
INFO 2021-01-28 02:41:57,411 Validation Accuracy: 98.95
INFO 2021-01-28 02:42:00,650 Test Accuracy: 98.91
INFO 2021-01-28 02:42:00,650 starting epoch 102
INFO 2021-01-28 02:42:20,830 train correct: 99.86111111111111
INFO 2021-01-28 02:42:23,067 Validation Accuracy: 98.96666666666667
INFO 2021-01-28 02:42:26,428 Test Accuracy: 99.0
INFO 2021-01-28 02:42:26,428 starting epoch 103
INFO 2021-01-28 02:42:46,008 train correct: 99.87962962962963
INFO 2021-01-28 02:42:48,062 Validation Accuracy: 99.0
INFO 2021-01-28 02:42:51,255 Test Accuracy: 99.0
INFO 2021-01-28 02:42:51,255 starting epoch 104
INFO 2021-01-28 02:43:11,401 train correct: 99.89074074074074
INFO 2021-01-28 02:43:13,249 Validation Accuracy: 98.96666666666667
INFO 2021-01-28 02:43:16,520 Test Accuracy: 99.0
INFO 2021-01-28 02:43:16,521 starting epoch 105
INFO 2021-01-28 02:43:36,662 train correct: 99.87962962962963
INFO 2021-01-28 02:43:38,870 Validation Accuracy: 98.95
INFO 2021-01-28 02:43:42,182 Test Accuracy: 99.0
INFO 2021-01-28 02:43:42,182 starting epoch 106
INFO 2021-01-28 02:44:01,887 train correct: 99.88518518518518
INFO 2021-01-28 02:44:03,934 Validation Accuracy: 98.98333333333333
INFO 2021-01-28 02:44:07,361 Test Accuracy: 98.99
INFO 2021-01-28 02:44:07,361 starting epoch 107
INFO 2021-01-28 02:44:27,061 train correct: 99.88703703703703
INFO 2021-01-28 02:44:29,183 Validation Accuracy: 99.03333333333333
INFO 2021-01-28 02:44:33,293 Test Accuracy: 98.95
INFO 2021-01-28 02:44:33,293 starting epoch 108
INFO 2021-01-28 02:44:52,196 train correct: 99.88148148148149
INFO 2021-01-28 02:44:54,304 Validation Accuracy: 99.03333333333333
INFO 2021-01-28 02:44:57,742 Test Accuracy: 98.88
INFO 2021-01-28 02:44:57,742 starting epoch 109
INFO 2021-01-28 02:45:17,213 train correct: 99.87037037037037
INFO 2021-01-28 02:45:19,146 Validation Accuracy: 99.03333333333333
INFO 2021-01-28 02:45:22,263 Test Accuracy: 98.93
INFO 2021-01-28 02:45:22,263 starting epoch 110
INFO 2021-01-28 02:45:41,624 train correct: 99.87592592592593
INFO 2021-01-28 02:45:43,674 Validation Accuracy: 98.98333333333333
INFO 2021-01-28 02:45:46,746 Test Accuracy: 98.83
INFO 2021-01-28 02:45:46,746 starting epoch 111
INFO 2021-01-28 02:46:05,960 train correct: 99.86296296296297
INFO 2021-01-28 02:46:08,135 Validation Accuracy: 99.01666666666667
INFO 2021-01-28 02:46:11,501 Test Accuracy: 98.92
INFO 2021-01-28 02:46:11,501 starting epoch 112
INFO 2021-01-28 02:46:31,248 train correct: 99.92222222222222
INFO 2021-01-28 02:46:33,334 Validation Accuracy: 99.0
INFO 2021-01-28 02:46:36,700 Test Accuracy: 98.91
INFO 2021-01-28 02:46:36,701 starting epoch 113
INFO 2021-01-28 02:46:56,870 train correct: 99.90555555555555
INFO 2021-01-28 02:46:58,730 Validation Accuracy: 99.0
INFO 2021-01-28 02:47:01,691 Test Accuracy: 98.97
INFO 2021-01-28 02:47:01,692 starting epoch 114
INFO 2021-01-28 02:47:22,029 train correct: 99.89259259259259
INFO 2021-01-28 02:47:24,095 Validation Accuracy: 98.96666666666667
INFO 2021-01-28 02:47:27,486 Test Accuracy: 98.99
INFO 2021-01-28 02:47:27,487 starting epoch 115
INFO 2021-01-28 02:47:47,528 train correct: 99.88148148148149
INFO 2021-01-28 02:47:49,909 Validation Accuracy: 98.95
INFO 2021-01-28 02:47:53,297 Test Accuracy: 98.92
INFO 2021-01-28 02:47:53,297 starting epoch 116
INFO 2021-01-28 02:48:13,181 train correct: 99.91296296296296
INFO 2021-01-28 02:48:15,266 Validation Accuracy: 99.0
INFO 2021-01-28 02:48:18,561 Test Accuracy: 98.94
INFO 2021-01-28 02:48:18,562 starting epoch 117
INFO 2021-01-28 02:48:38,454 train correct: 99.88888888888889
INFO 2021-01-28 02:48:40,573 Validation Accuracy: 98.95
INFO 2021-01-28 02:48:43,821 Test Accuracy: 98.96
INFO 2021-01-28 02:48:43,822 starting epoch 118
INFO 2021-01-28 02:49:03,146 train correct: 99.9
INFO 2021-01-28 02:49:05,225 Validation Accuracy: 99.0
INFO 2021-01-28 02:49:08,530 Test Accuracy: 98.93
INFO 2021-01-28 02:49:08,530 starting epoch 119
INFO 2021-01-28 02:49:28,550 train correct: 99.91296296296296
INFO 2021-01-28 02:49:30,500 Validation Accuracy: 98.95
INFO 2021-01-28 02:49:33,758 Test Accuracy: 98.85
INFO 2021-01-28 02:49:33,758 starting epoch 120
INFO 2021-01-28 02:49:54,140 train correct: 99.89814814814815
INFO 2021-01-28 02:49:56,221 Validation Accuracy: 98.96666666666667
INFO 2021-01-28 02:49:59,543 Test Accuracy: 98.92
INFO 2021-01-28 02:49:59,544 starting epoch 121
INFO 2021-01-28 02:50:20,072 train correct: 99.9037037037037
INFO 2021-01-28 02:50:22,245 Validation Accuracy: 98.96666666666667
INFO 2021-01-28 02:50:25,415 Test Accuracy: 99.04
INFO 2021-01-28 02:50:25,416 starting epoch 122
INFO 2021-01-28 02:50:45,484 train correct: 99.8962962962963
INFO 2021-01-28 02:50:47,899 Validation Accuracy: 98.95
INFO 2021-01-28 02:50:51,656 Test Accuracy: 98.88
INFO 2021-01-28 02:50:51,657 starting epoch 123
INFO 2021-01-28 02:51:11,632 train correct: 99.86851851851851
INFO 2021-01-28 02:51:13,826 Validation Accuracy: 99.03333333333333
INFO 2021-01-28 02:51:17,300 Test Accuracy: 98.92
INFO 2021-01-28 02:51:17,301 starting epoch 124
INFO 2021-01-28 02:51:36,430 train correct: 99.90185185185184
INFO 2021-01-28 02:51:38,322 Validation Accuracy: 98.91666666666667
INFO 2021-01-28 02:51:41,492 Test Accuracy: 98.94
INFO 2021-01-28 02:51:41,493 starting epoch 125
INFO 2021-01-28 02:52:01,133 train correct: 99.89444444444445
INFO 2021-01-28 02:52:03,188 Validation Accuracy: 99.03333333333333
INFO 2021-01-28 02:52:06,506 Test Accuracy: 98.95
INFO 2021-01-28 02:52:06,506 starting epoch 126
INFO 2021-01-28 02:52:25,734 train correct: 99.92777777777778
INFO 2021-01-28 02:52:27,867 Validation Accuracy: 98.86666666666666
INFO 2021-01-28 02:52:31,044 Test Accuracy: 98.91
INFO 2021-01-28 02:52:31,044 starting epoch 127
INFO 2021-01-28 02:52:51,051 train correct: 99.91296296296296
INFO 2021-01-28 02:52:53,138 Validation Accuracy: 98.95
INFO 2021-01-28 02:52:56,501 Test Accuracy: 98.95
INFO 2021-01-28 02:52:56,501 starting epoch 128
INFO 2021-01-28 02:53:15,887 train correct: 99.9
INFO 2021-01-28 02:53:18,020 Validation Accuracy: 98.96666666666667
INFO 2021-01-28 02:53:21,530 Test Accuracy: 98.84
INFO 2021-01-28 02:53:21,530 starting epoch 129
INFO 2021-01-28 02:53:41,338 train correct: 99.91851851851852
INFO 2021-01-28 02:53:43,555 Validation Accuracy: 98.93333333333334
INFO 2021-01-28 02:53:46,722 Test Accuracy: 98.89
INFO 2021-01-28 02:53:46,723 starting epoch 130
INFO 2021-01-28 02:54:06,623 train correct: 99.9074074074074
INFO 2021-01-28 02:54:08,393 Validation Accuracy: 98.9
INFO 2021-01-28 02:54:11,703 Test Accuracy: 98.97
INFO 2021-01-28 02:54:11,704 starting epoch 131
INFO 2021-01-28 02:54:31,689 train correct: 99.9037037037037
INFO 2021-01-28 02:54:33,860 Validation Accuracy: 98.95
INFO 2021-01-28 02:54:37,153 Test Accuracy: 98.98
INFO 2021-01-28 02:54:37,153 starting epoch 132
INFO 2021-01-28 02:54:57,114 train correct: 99.90185185185184
INFO 2021-01-28 02:54:59,383 Validation Accuracy: 98.91666666666667
INFO 2021-01-28 02:55:03,121 Test Accuracy: 98.96
INFO 2021-01-28 02:55:03,122 starting epoch 133
INFO 2021-01-28 02:55:23,337 train correct: 99.92777777777778
INFO 2021-01-28 02:55:25,404 Validation Accuracy: 98.96666666666667
INFO 2021-01-28 02:55:28,718 Test Accuracy: 98.96
INFO 2021-01-28 02:55:28,719 starting epoch 134
INFO 2021-01-28 02:55:47,803 train correct: 99.89444444444445
INFO 2021-01-28 02:55:49,886 Validation Accuracy: 99.05
INFO 2021-01-28 02:55:53,168 Test Accuracy: 98.98
INFO 2021-01-28 02:55:53,168 starting epoch 135
INFO 2021-01-28 02:56:12,036 train correct: 99.93148148148148
INFO 2021-01-28 02:56:14,038 Validation Accuracy: 98.96666666666667
INFO 2021-01-28 02:56:17,399 Test Accuracy: 98.95
INFO 2021-01-28 02:56:17,399 starting epoch 136
INFO 2021-01-28 02:56:36,687 train correct: 99.9
INFO 2021-01-28 02:56:38,715 Validation Accuracy: 98.98333333333333
INFO 2021-01-28 02:56:41,705 Test Accuracy: 98.93
INFO 2021-01-28 02:56:41,705 starting epoch 137
INFO 2021-01-28 02:57:01,046 train correct: 99.92777777777778
INFO 2021-01-28 02:57:03,338 Validation Accuracy: 98.91666666666667
INFO 2021-01-28 02:57:06,837 Test Accuracy: 98.97
INFO 2021-01-28 02:57:06,838 starting epoch 138
INFO 2021-01-28 02:57:25,878 train correct: 99.93518518518519
INFO 2021-01-28 02:57:28,079 Validation Accuracy: 98.88333333333334
INFO 2021-01-28 02:57:31,293 Test Accuracy: 98.93
INFO 2021-01-28 02:57:31,293 starting epoch 139
INFO 2021-01-28 02:57:51,656 train correct: 99.91481481481482
INFO 2021-01-28 02:57:53,765 Validation Accuracy: 98.96666666666667
INFO 2021-01-28 02:57:56,940 Test Accuracy: 98.98
INFO 2021-01-28 02:57:56,940 starting epoch 140
INFO 2021-01-28 02:58:16,901 train correct: 99.92962962962963
INFO 2021-01-28 02:58:18,750 Validation Accuracy: 98.86666666666666
INFO 2021-01-28 02:58:22,005 Test Accuracy: 98.95
INFO 2021-01-28 02:58:22,005 starting epoch 141
INFO 2021-01-28 02:58:41,993 train correct: 99.91851851851852
INFO 2021-01-28 02:58:44,043 Validation Accuracy: 98.93333333333334
INFO 2021-01-28 02:58:47,237 Test Accuracy: 98.98
INFO 2021-01-28 02:58:47,237 starting epoch 142
INFO 2021-01-28 02:59:08,022 train correct: 99.93333333333334
INFO 2021-01-28 02:59:10,323 Validation Accuracy: 98.91666666666667
INFO 2021-01-28 02:59:13,834 Test Accuracy: 98.91
INFO 2021-01-28 02:59:13,834 starting epoch 143
INFO 2021-01-28 02:59:32,687 train correct: 99.91296296296296
INFO 2021-01-28 02:59:34,726 Validation Accuracy: 98.93333333333334
INFO 2021-01-28 02:59:37,923 Test Accuracy: 98.93
INFO 2021-01-28 02:59:37,923 starting epoch 144
INFO 2021-01-28 02:59:57,160 train correct: 99.92037037037036
INFO 2021-01-28 02:59:59,218 Validation Accuracy: 99.0
INFO 2021-01-28 03:00:02,529 Test Accuracy: 98.81
INFO 2021-01-28 03:00:02,529 starting epoch 145
INFO 2021-01-28 03:00:21,622 train correct: 99.92407407407407
INFO 2021-01-28 03:00:23,626 Validation Accuracy: 99.03333333333333
INFO 2021-01-28 03:00:26,854 Test Accuracy: 98.93
INFO 2021-01-28 03:00:26,855 starting epoch 146
INFO 2021-01-28 03:00:46,347 train correct: 99.93148148148148
INFO 2021-01-28 03:00:48,417 Validation Accuracy: 98.91666666666667
INFO 2021-01-28 03:00:51,540 Test Accuracy: 98.95
INFO 2021-01-28 03:00:51,541 starting epoch 147
INFO 2021-01-28 03:01:11,241 train correct: 99.9037037037037
INFO 2021-01-28 03:01:13,535 Validation Accuracy: 98.96666666666667
INFO 2021-01-28 03:01:17,108 Test Accuracy: 98.85
INFO 2021-01-28 03:01:17,109 starting epoch 148
INFO 2021-01-28 03:01:37,413 train correct: 99.90925925925926
INFO 2021-01-28 03:01:40,175 Validation Accuracy: 99.0
INFO 2021-01-28 03:01:43,715 Test Accuracy: 98.87
INFO 2021-01-28 03:01:43,715 starting epoch 149
INFO 2021-01-28 03:02:03,105 train correct: 99.92222222222222
INFO 2021-01-28 03:02:05,100 Validation Accuracy: 99.01666666666667
INFO 2021-01-28 03:02:08,304 Test Accuracy: 98.95
INFO 2021-01-28 03:02:08,305 starting epoch 150
INFO 2021-01-28 03:02:27,718 train correct: 99.91296296296296
INFO 2021-01-28 03:02:29,852 Validation Accuracy: 99.03333333333333
INFO 2021-01-28 03:02:33,171 Test Accuracy: 98.96
INFO 2021-01-28 03:02:33,171 starting epoch 151
INFO 2021-01-28 03:02:52,849 train correct: 99.92777777777778
INFO 2021-01-28 03:02:55,112 Validation Accuracy: 99.01666666666667
INFO 2021-01-28 03:02:58,592 Test Accuracy: 98.92
INFO 2021-01-28 03:02:58,592 starting epoch 152
INFO 2021-01-28 03:03:18,330 train correct: 99.91481481481482
INFO 2021-01-28 03:03:20,322 Validation Accuracy: 99.01666666666667
INFO 2021-01-28 03:03:23,384 Test Accuracy: 98.97
INFO 2021-01-28 03:03:23,384 starting epoch 153
INFO 2021-01-28 03:03:42,890 train correct: 99.92962962962963
INFO 2021-01-28 03:03:45,055 Validation Accuracy: 99.05
INFO 2021-01-28 03:03:48,248 Test Accuracy: 98.95
INFO 2021-01-28 03:03:48,248 starting epoch 154
INFO 2021-01-28 03:04:07,660 train correct: 99.93333333333334
INFO 2021-01-28 03:04:09,654 Validation Accuracy: 98.96666666666667
INFO 2021-01-28 03:04:12,670 Test Accuracy: 98.96
INFO 2021-01-28 03:04:12,670 starting epoch 155
INFO 2021-01-28 03:04:32,655 train correct: 99.93518518518519
INFO 2021-01-28 03:04:34,806 Validation Accuracy: 98.98333333333333
INFO 2021-01-28 03:04:37,893 Test Accuracy: 98.93
INFO 2021-01-28 03:04:37,893 starting epoch 156
INFO 2021-01-28 03:04:57,727 train correct: 99.92407407407407
INFO 2021-01-28 03:04:59,771 Validation Accuracy: 98.96666666666667
INFO 2021-01-28 03:05:03,043 Test Accuracy: 98.99
INFO 2021-01-28 03:05:03,043 starting epoch 157
INFO 2021-01-28 03:05:22,867 train correct: 99.95555555555555
INFO 2021-01-28 03:05:24,922 Validation Accuracy: 99.06666666666666
INFO 2021-01-28 03:05:28,267 Test Accuracy: 99.03
INFO 2021-01-28 03:05:28,267 starting epoch 158
INFO 2021-01-28 03:05:49,059 train correct: 99.92592592592592
INFO 2021-01-28 03:05:51,263 Validation Accuracy: 99.03333333333333
INFO 2021-01-28 03:05:54,541 Test Accuracy: 98.98
INFO 2021-01-28 03:05:54,542 starting epoch 159
INFO 2021-01-28 03:06:14,502 train correct: 99.91851851851852
INFO 2021-01-28 03:06:16,714 Validation Accuracy: 99.08333333333333
INFO 2021-01-28 03:06:20,094 Test Accuracy: 99.01
INFO 2021-01-28 03:06:20,094 starting epoch 160
INFO 2021-01-28 03:06:39,529 train correct: 99.91851851851852
INFO 2021-01-28 03:06:41,751 Validation Accuracy: 99.01666666666667
INFO 2021-01-28 03:06:45,135 Test Accuracy: 99.04
INFO 2021-01-28 03:06:45,136 starting epoch 161
INFO 2021-01-28 03:07:05,415 train correct: 99.95
INFO 2021-01-28 03:07:07,445 Validation Accuracy: 99.0
INFO 2021-01-28 03:07:10,616 Test Accuracy: 98.98
INFO 2021-01-28 03:07:10,616 starting epoch 162
INFO 2021-01-28 03:07:29,931 train correct: 99.92962962962963
INFO 2021-01-28 03:07:31,914 Validation Accuracy: 99.01666666666667
INFO 2021-01-28 03:07:35,234 Test Accuracy: 98.98
INFO 2021-01-28 03:07:35,235 starting epoch 163
INFO 2021-01-28 03:07:54,507 train correct: 99.93518518518519
INFO 2021-01-28 03:07:56,557 Validation Accuracy: 98.95
INFO 2021-01-28 03:07:59,812 Test Accuracy: 98.99
INFO 2021-01-28 03:07:59,813 starting epoch 164
INFO 2021-01-28 03:08:19,057 train correct: 99.93148148148148
INFO 2021-01-28 03:08:20,975 Validation Accuracy: 99.03333333333333
INFO 2021-01-28 03:08:24,019 Test Accuracy: 98.95
INFO 2021-01-28 03:08:24,020 starting epoch 165
INFO 2021-01-28 03:08:44,180 train correct: 99.94444444444444
INFO 2021-01-28 03:08:46,570 Validation Accuracy: 99.06666666666666
INFO 2021-01-28 03:08:50,010 Test Accuracy: 98.98
INFO 2021-01-28 03:08:50,011 starting epoch 166
INFO 2021-01-28 03:09:09,460 train correct: 99.91851851851852
INFO 2021-01-28 03:09:11,580 Validation Accuracy: 99.01666666666667
INFO 2021-01-28 03:09:14,714 Test Accuracy: 99.02
INFO 2021-01-28 03:09:14,714 starting epoch 167
INFO 2021-01-28 03:09:34,420 train correct: 99.92962962962963
INFO 2021-01-28 03:09:36,742 Validation Accuracy: 99.0
INFO 2021-01-28 03:09:40,060 Test Accuracy: 98.96
INFO 2021-01-28 03:09:40,061 starting epoch 168
INFO 2021-01-28 03:09:59,875 train correct: 99.93888888888888
INFO 2021-01-28 03:10:01,816 Validation Accuracy: 98.91666666666667
INFO 2021-01-28 03:10:05,202 Test Accuracy: 99.0
INFO 2021-01-28 03:10:05,202 starting epoch 169
INFO 2021-01-28 03:10:25,212 train correct: 99.93888888888888
INFO 2021-01-28 03:10:27,327 Validation Accuracy: 99.01666666666667
INFO 2021-01-28 03:10:30,386 Test Accuracy: 99.0
INFO 2021-01-28 03:10:30,386 starting epoch 170
INFO 2021-01-28 03:10:50,156 train correct: 99.93518518518519
INFO 2021-01-28 03:10:52,354 Validation Accuracy: 98.98333333333333
INFO 2021-01-28 03:10:55,989 Test Accuracy: 98.96
INFO 2021-01-28 03:10:55,990 starting epoch 171
INFO 2021-01-28 03:11:15,640 train correct: 99.92592592592592
INFO 2021-01-28 03:11:18,005 Validation Accuracy: 99.0
INFO 2021-01-28 03:11:21,316 Test Accuracy: 98.94
INFO 2021-01-28 03:11:21,316 starting epoch 172
INFO 2021-01-28 03:11:40,588 train correct: 99.92222222222222
INFO 2021-01-28 03:11:42,712 Validation Accuracy: 98.95
INFO 2021-01-28 03:11:45,880 Test Accuracy: 98.88
INFO 2021-01-28 03:11:45,880 starting epoch 173
INFO 2021-01-28 03:12:05,893 train correct: 99.94074074074074
INFO 2021-01-28 03:12:08,014 Validation Accuracy: 99.0
INFO 2021-01-28 03:12:11,148 Test Accuracy: 99.01
INFO 2021-01-28 03:12:11,149 starting epoch 174
INFO 2021-01-28 03:12:31,032 train correct: 99.92592592592592
INFO 2021-01-28 03:12:32,984 Validation Accuracy: 98.96666666666667
INFO 2021-01-28 03:12:36,249 Test Accuracy: 99.02
INFO 2021-01-28 03:12:36,250 starting epoch 175
INFO 2021-01-28 03:12:56,378 train correct: 99.94814814814815
INFO 2021-01-28 03:12:58,436 Validation Accuracy: 99.01666666666667
INFO 2021-01-28 03:13:01,717 Test Accuracy: 98.95
INFO 2021-01-28 03:13:01,718 starting epoch 176
INFO 2021-01-28 03:13:21,906 train correct: 99.93333333333334
INFO 2021-01-28 03:13:23,871 Validation Accuracy: 99.05
INFO 2021-01-28 03:13:27,138 Test Accuracy: 98.89
INFO 2021-01-28 03:13:27,138 starting epoch 177
INFO 2021-01-28 03:13:46,792 train correct: 99.92592592592592
INFO 2021-01-28 03:13:49,046 Validation Accuracy: 99.05
INFO 2021-01-28 03:13:52,300 Test Accuracy: 98.88
INFO 2021-01-28 03:13:52,301 starting epoch 178
INFO 2021-01-28 03:14:12,103 train correct: 99.92777777777778
INFO 2021-01-28 03:14:14,033 Validation Accuracy: 99.01666666666667
INFO 2021-01-28 03:14:17,255 Test Accuracy: 98.98
INFO 2021-01-28 03:14:17,256 starting epoch 179
INFO 2021-01-28 03:14:36,902 train correct: 99.93703703703704
INFO 2021-01-28 03:14:38,998 Validation Accuracy: 98.98333333333333
INFO 2021-01-28 03:14:42,354 Test Accuracy: 98.97
INFO 2021-01-28 03:14:42,354 starting epoch 180
INFO 2021-01-28 03:15:01,641 train correct: 99.94444444444444
INFO 2021-01-28 03:15:03,887 Validation Accuracy: 99.06666666666666
INFO 2021-01-28 03:15:07,255 Test Accuracy: 98.92
INFO 2021-01-28 03:15:07,255 starting epoch 181
INFO 2021-01-28 03:15:26,664 train correct: 99.92962962962963
INFO 2021-01-28 03:15:28,722 Validation Accuracy: 99.06666666666666
INFO 2021-01-28 03:15:32,154 Test Accuracy: 98.93
INFO 2021-01-28 03:15:32,154 starting epoch 182
INFO 2021-01-28 03:15:51,933 train correct: 99.93888888888888
INFO 2021-01-28 03:15:53,986 Validation Accuracy: 99.08333333333333
INFO 2021-01-28 03:15:57,262 Test Accuracy: 98.91
INFO 2021-01-28 03:15:57,263 starting epoch 183
INFO 2021-01-28 03:16:17,618 train correct: 99.93703703703704
INFO 2021-01-28 03:16:19,897 Validation Accuracy: 99.0
INFO 2021-01-28 03:16:23,172 Test Accuracy: 98.96
INFO 2021-01-28 03:16:23,172 starting epoch 184
INFO 2021-01-28 03:16:43,110 train correct: 99.93703703703704
INFO 2021-01-28 03:16:45,042 Validation Accuracy: 98.96666666666667
INFO 2021-01-28 03:16:48,075 Test Accuracy: 98.98
INFO 2021-01-28 03:16:48,075 starting epoch 185
INFO 2021-01-28 03:17:07,517 train correct: 99.9462962962963
INFO 2021-01-28 03:17:09,895 Validation Accuracy: 99.03333333333333
INFO 2021-01-28 03:17:13,327 Test Accuracy: 98.88
INFO 2021-01-28 03:17:13,328 starting epoch 186
INFO 2021-01-28 03:17:32,772 train correct: 99.92962962962963
INFO 2021-01-28 03:17:35,002 Validation Accuracy: 99.0
INFO 2021-01-28 03:17:38,355 Test Accuracy: 99.0
INFO 2021-01-28 03:17:38,355 starting epoch 187
INFO 2021-01-28 03:17:57,310 train correct: 99.92592592592592
INFO 2021-01-28 03:17:59,412 Validation Accuracy: 98.98333333333333
INFO 2021-01-28 03:18:02,765 Test Accuracy: 98.99
INFO 2021-01-28 03:18:02,765 starting epoch 188
INFO 2021-01-28 03:18:22,687 train correct: 99.93333333333334
INFO 2021-01-28 03:18:24,808 Validation Accuracy: 98.98333333333333
INFO 2021-01-28 03:18:28,178 Test Accuracy: 98.94
INFO 2021-01-28 03:18:28,178 starting epoch 189
INFO 2021-01-28 03:18:48,480 train correct: 99.9462962962963
INFO 2021-01-28 03:18:50,551 Validation Accuracy: 99.0
INFO 2021-01-28 03:18:53,678 Test Accuracy: 98.98
INFO 2021-01-28 03:18:53,678 starting epoch 190
INFO 2021-01-28 03:19:13,846 train correct: 99.93518518518519
INFO 2021-01-28 03:19:16,226 Validation Accuracy: 99.06666666666666
INFO 2021-01-28 03:19:19,632 Test Accuracy: 98.96
INFO 2021-01-28 03:19:19,632 starting epoch 191
INFO 2021-01-28 03:19:39,606 train correct: 99.95370370370371
INFO 2021-01-28 03:19:41,917 Validation Accuracy: 98.86666666666666
INFO 2021-01-28 03:19:45,107 Test Accuracy: 98.91
INFO 2021-01-28 03:19:45,108 starting epoch 192
INFO 2021-01-28 03:20:05,228 train correct: 99.93888888888888
INFO 2021-01-28 03:20:07,125 Validation Accuracy: 98.96666666666667
INFO 2021-01-28 03:20:10,462 Test Accuracy: 98.95
INFO 2021-01-28 03:20:10,463 starting epoch 193
INFO 2021-01-28 03:20:30,120 train correct: 99.93333333333334
INFO 2021-01-28 03:20:32,275 Validation Accuracy: 98.98333333333333
INFO 2021-01-28 03:20:35,823 Test Accuracy: 99.02
INFO 2021-01-28 03:20:35,824 starting epoch 194
INFO 2021-01-28 03:20:55,616 train correct: 99.96111111111111
INFO 2021-01-28 03:20:57,429 Validation Accuracy: 98.98333333333333
INFO 2021-01-28 03:21:00,391 Test Accuracy: 98.95
INFO 2021-01-28 03:21:00,392 starting epoch 195
INFO 2021-01-28 03:21:19,693 train correct: 99.93703703703704
INFO 2021-01-28 03:21:21,701 Validation Accuracy: 99.01666666666667
INFO 2021-01-28 03:21:24,986 Test Accuracy: 98.92
INFO 2021-01-28 03:21:24,986 starting epoch 196
INFO 2021-01-28 03:21:43,980 train correct: 99.95555555555555
INFO 2021-01-28 03:21:45,950 Validation Accuracy: 99.08333333333333
INFO 2021-01-28 03:21:49,162 Test Accuracy: 99.06
INFO 2021-01-28 03:21:49,163 starting epoch 197
INFO 2021-01-28 03:22:08,096 train correct: 99.95
INFO 2021-01-28 03:22:10,278 Validation Accuracy: 98.98333333333333
INFO 2021-01-28 03:22:13,407 Test Accuracy: 99.02
INFO 2021-01-28 03:22:13,407 starting epoch 198
INFO 2021-01-28 03:22:33,780 train correct: 99.95
INFO 2021-01-28 03:22:35,698 Validation Accuracy: 98.98333333333333
INFO 2021-01-28 03:22:39,224 Test Accuracy: 98.99
INFO 2021-01-28 03:22:39,225 starting epoch 199
INFO 2021-01-28 03:22:59,537 train correct: 99.96296296296296
INFO 2021-01-28 03:23:01,666 Validation Accuracy: 99.06666666666666
INFO 2021-01-28 03:23:04,956 Test Accuracy: 99.01
INFO 2021-01-28 03:23:04,956 starting epoch 200
INFO 2021-01-28 03:23:24,726 train correct: 99.9574074074074
INFO 2021-01-28 03:23:26,758 Validation Accuracy: 98.98333333333333
INFO 2021-01-28 03:23:30,138 Test Accuracy: 98.93
INFO 2021-01-28 03:23:30,138 starting epoch 201
INFO 2021-01-28 03:23:49,662 train correct: 99.97037037037038
INFO 2021-01-28 03:23:51,965 Validation Accuracy: 99.06666666666666
INFO 2021-01-28 03:23:55,491 Test Accuracy: 99.01
INFO 2021-01-28 03:23:55,492 starting epoch 202
INFO 2021-01-28 03:24:14,973 train correct: 99.94259259259259
INFO 2021-01-28 03:24:17,198 Validation Accuracy: 99.03333333333333
INFO 2021-01-28 03:24:20,781 Test Accuracy: 99.03
INFO 2021-01-28 03:24:20,782 starting epoch 203
INFO 2021-01-28 03:24:40,353 train correct: 99.92037037037036
INFO 2021-01-28 03:24:42,424 Validation Accuracy: 98.98333333333333
INFO 2021-01-28 03:24:45,407 Test Accuracy: 99.02
INFO 2021-01-28 03:24:45,407 starting epoch 204
INFO 2021-01-28 03:25:04,545 train correct: 99.95555555555555
INFO 2021-01-28 03:25:06,555 Validation Accuracy: 98.96666666666667
INFO 2021-01-28 03:25:09,765 Test Accuracy: 98.99
INFO 2021-01-28 03:25:09,766 starting epoch 205
INFO 2021-01-28 03:25:28,315 train correct: 99.93148148148148
INFO 2021-01-28 03:25:30,258 Validation Accuracy: 99.05
INFO 2021-01-28 03:25:33,395 Test Accuracy: 98.96
INFO 2021-01-28 03:25:33,395 starting epoch 206
INFO 2021-01-28 03:25:52,495 train correct: 99.93333333333334
INFO 2021-01-28 03:25:54,649 Validation Accuracy: 99.05
INFO 2021-01-28 03:25:57,856 Test Accuracy: 98.92
INFO 2021-01-28 03:25:57,856 starting epoch 207
INFO 2021-01-28 03:26:17,949 train correct: 99.93703703703704
INFO 2021-01-28 03:26:19,972 Validation Accuracy: 99.03333333333333
INFO 2021-01-28 03:26:23,083 Test Accuracy: 99.04
INFO 2021-01-28 03:26:23,084 starting epoch 208
INFO 2021-01-28 03:26:43,090 train correct: 99.95555555555555
INFO 2021-01-28 03:26:45,684 Validation Accuracy: 99.01666666666667
INFO 2021-01-28 03:26:49,528 Test Accuracy: 98.94
INFO 2021-01-28 03:26:49,529 starting epoch 209
INFO 2021-01-28 03:27:09,719 train correct: 99.93703703703704
INFO 2021-01-28 03:27:11,843 Validation Accuracy: 99.08333333333333
INFO 2021-01-28 03:27:15,365 Test Accuracy: 98.96
INFO 2021-01-28 03:27:15,365 starting epoch 210
INFO 2021-01-28 03:27:35,451 train correct: 99.94444444444444
INFO 2021-01-28 03:27:37,653 Validation Accuracy: 99.01666666666667
INFO 2021-01-28 03:27:41,051 Test Accuracy: 98.99
INFO 2021-01-28 03:27:41,051 starting epoch 211
INFO 2021-01-28 03:28:00,830 train correct: 99.96111111111111
INFO 2021-01-28 03:28:02,942 Validation Accuracy: 98.91666666666667
INFO 2021-01-28 03:28:06,500 Test Accuracy: 98.95
INFO 2021-01-28 03:28:06,500 starting epoch 212
INFO 2021-01-28 03:28:25,790 train correct: 99.96111111111111
INFO 2021-01-28 03:28:27,871 Validation Accuracy: 99.01666666666667
INFO 2021-01-28 03:28:30,905 Test Accuracy: 98.95
INFO 2021-01-28 03:28:30,905 starting epoch 213
INFO 2021-01-28 03:28:50,115 train correct: 99.95185185185186
INFO 2021-01-28 03:28:52,241 Validation Accuracy: 99.0
INFO 2021-01-28 03:28:55,653 Test Accuracy: 98.96
INFO 2021-01-28 03:28:55,653 starting epoch 214
INFO 2021-01-28 03:29:15,078 train correct: 99.93703703703704
INFO 2021-01-28 03:29:17,174 Validation Accuracy: 99.0
INFO 2021-01-28 03:29:20,633 Test Accuracy: 98.88
INFO 2021-01-28 03:29:20,633 starting epoch 215
INFO 2021-01-28 03:29:39,802 train correct: 99.95
INFO 2021-01-28 03:29:42,028 Validation Accuracy: 99.03333333333333
INFO 2021-01-28 03:29:45,380 Test Accuracy: 98.91
INFO 2021-01-28 03:29:45,380 starting epoch 216
INFO 2021-01-28 03:30:05,705 train correct: 99.95185185185186
INFO 2021-01-28 03:30:07,822 Validation Accuracy: 99.0
INFO 2021-01-28 03:30:11,158 Test Accuracy: 99.0
INFO 2021-01-28 03:30:11,158 starting epoch 217
INFO 2021-01-28 03:30:31,479 train correct: 99.95
INFO 2021-01-28 03:30:33,681 Validation Accuracy: 99.01666666666667
INFO 2021-01-28 03:30:37,133 Test Accuracy: 98.89
INFO 2021-01-28 03:30:37,133 starting epoch 218
INFO 2021-01-28 03:30:57,607 train correct: 99.93888888888888
INFO 2021-01-28 03:30:59,472 Validation Accuracy: 98.98333333333333
INFO 2021-01-28 03:31:02,860 Test Accuracy: 98.98
INFO 2021-01-28 03:31:02,861 starting epoch 219
INFO 2021-01-28 03:31:23,399 train correct: 99.9574074074074
INFO 2021-01-28 03:31:25,772 Validation Accuracy: 99.03333333333333
INFO 2021-01-28 03:31:29,061 Test Accuracy: 98.92
INFO 2021-01-28 03:31:29,061 starting epoch 220
INFO 2021-01-28 03:31:48,945 train correct: 99.95185185185186
INFO 2021-01-28 03:31:51,237 Validation Accuracy: 98.98333333333333
INFO 2021-01-28 03:31:54,604 Test Accuracy: 98.96
INFO 2021-01-28 03:31:54,605 starting epoch 221
INFO 2021-01-28 03:32:14,873 train correct: 99.95185185185186
INFO 2021-01-28 03:32:17,003 Validation Accuracy: 99.01666666666667
INFO 2021-01-28 03:32:20,444 Test Accuracy: 98.99
INFO 2021-01-28 03:32:20,445 starting epoch 222
INFO 2021-01-28 03:32:39,737 train correct: 99.93518518518519
INFO 2021-01-28 03:32:41,863 Validation Accuracy: 99.13333333333334
INFO 2021-01-28 03:32:45,083 Test Accuracy: 98.9
INFO 2021-01-28 03:32:45,084 starting epoch 223
INFO 2021-01-28 03:33:05,234 train correct: 99.94074074074074
INFO 2021-01-28 03:33:07,178 Validation Accuracy: 99.0
INFO 2021-01-28 03:33:10,196 Test Accuracy: 98.93
INFO 2021-01-28 03:33:10,197 starting epoch 224
INFO 2021-01-28 03:33:29,086 train correct: 99.94259259259259
INFO 2021-01-28 03:33:31,145 Validation Accuracy: 98.93333333333334
INFO 2021-01-28 03:33:34,384 Test Accuracy: 99.01
INFO 2021-01-28 03:33:34,384 starting epoch 225
INFO 2021-01-28 03:33:53,798 train correct: 99.9462962962963
INFO 2021-01-28 03:33:55,879 Validation Accuracy: 99.05
INFO 2021-01-28 03:33:59,241 Test Accuracy: 98.93
INFO 2021-01-28 03:33:59,241 starting epoch 226
INFO 2021-01-28 03:34:18,851 train correct: 99.95
INFO 2021-01-28 03:34:21,003 Validation Accuracy: 99.05
INFO 2021-01-28 03:34:24,639 Test Accuracy: 98.99
INFO 2021-01-28 03:34:24,640 starting epoch 227
INFO 2021-01-28 03:34:44,154 train correct: 99.9462962962963
INFO 2021-01-28 03:34:46,174 Validation Accuracy: 99.0
INFO 2021-01-28 03:34:49,422 Test Accuracy: 98.98
INFO 2021-01-28 03:34:49,423 starting epoch 228
INFO 2021-01-28 03:35:09,978 train correct: 99.95
INFO 2021-01-28 03:35:12,088 Validation Accuracy: 98.96666666666667
INFO 2021-01-28 03:35:14,963 Test Accuracy: 98.96
INFO 2021-01-28 03:35:14,963 starting epoch 229
INFO 2021-01-28 03:35:35,304 train correct: 99.96481481481482
INFO 2021-01-28 03:35:37,378 Validation Accuracy: 99.1
INFO 2021-01-28 03:35:40,747 Test Accuracy: 98.94
INFO 2021-01-28 03:35:40,748 starting epoch 230
INFO 2021-01-28 03:36:00,346 train correct: 99.95
INFO 2021-01-28 03:36:02,358 Validation Accuracy: 99.06666666666666
INFO 2021-01-28 03:36:05,663 Test Accuracy: 98.98
INFO 2021-01-28 03:36:05,663 starting epoch 231
INFO 2021-01-28 03:36:24,553 train correct: 99.9574074074074
INFO 2021-01-28 03:36:26,707 Validation Accuracy: 99.06666666666666
INFO 2021-01-28 03:36:30,007 Test Accuracy: 99.0
INFO 2021-01-28 03:36:30,007 starting epoch 232
INFO 2021-01-28 03:36:48,778 train correct: 99.95370370370371
INFO 2021-01-28 03:36:50,853 Validation Accuracy: 99.01666666666667
INFO 2021-01-28 03:36:54,234 Test Accuracy: 98.99
INFO 2021-01-28 03:36:54,234 starting epoch 233
INFO 2021-01-28 03:37:14,729 train correct: 99.95185185185186
INFO 2021-01-28 03:37:16,805 Validation Accuracy: 99.0
INFO 2021-01-28 03:37:20,099 Test Accuracy: 98.98
INFO 2021-01-28 03:37:20,100 starting epoch 234
INFO 2021-01-28 03:37:40,140 train correct: 99.96851851851852
INFO 2021-01-28 03:37:42,226 Validation Accuracy: 99.01666666666667
INFO 2021-01-28 03:37:45,338 Test Accuracy: 98.97
INFO 2021-01-28 03:37:45,339 starting epoch 235
INFO 2021-01-28 03:38:05,041 train correct: 99.95555555555555
INFO 2021-01-28 03:38:07,170 Validation Accuracy: 99.0
INFO 2021-01-28 03:38:10,426 Test Accuracy: 98.98
INFO 2021-01-28 03:38:10,426 starting epoch 236
INFO 2021-01-28 03:38:29,925 train correct: 99.96481481481482
INFO 2021-01-28 03:38:32,112 Validation Accuracy: 99.05
INFO 2021-01-28 03:38:35,693 Test Accuracy: 98.97
INFO 2021-01-28 03:38:35,694 starting epoch 237
INFO 2021-01-28 03:38:54,893 train correct: 99.95925925925926
INFO 2021-01-28 03:38:57,026 Validation Accuracy: 99.03333333333333
INFO 2021-01-28 03:39:00,441 Test Accuracy: 98.98
INFO 2021-01-28 03:39:00,441 starting epoch 238
INFO 2021-01-28 03:39:20,507 train correct: 99.96666666666667
INFO 2021-01-28 03:39:22,636 Validation Accuracy: 99.05
INFO 2021-01-28 03:39:25,696 Test Accuracy: 98.96
INFO 2021-01-28 03:39:25,697 starting epoch 239
INFO 2021-01-28 03:39:45,067 train correct: 99.96296296296296
INFO 2021-01-28 03:39:47,235 Validation Accuracy: 99.06666666666666
INFO 2021-01-28 03:39:50,471 Test Accuracy: 98.99
INFO 2021-01-28 03:39:50,471 starting epoch 240
INFO 2021-01-28 03:40:09,645 train correct: 99.9574074074074
INFO 2021-01-28 03:40:11,754 Validation Accuracy: 99.05
INFO 2021-01-28 03:40:14,945 Test Accuracy: 98.97
INFO 2021-01-28 03:40:14,946 starting epoch 241
INFO 2021-01-28 03:40:34,199 train correct: 99.95370370370371
INFO 2021-01-28 03:40:36,184 Validation Accuracy: 99.05
INFO 2021-01-28 03:40:39,473 Test Accuracy: 98.97
INFO 2021-01-28 03:40:39,474 starting epoch 242
INFO 2021-01-28 03:40:58,957 train correct: 99.97037037037038
INFO 2021-01-28 03:41:01,028 Validation Accuracy: 99.1
INFO 2021-01-28 03:41:04,545 Test Accuracy: 99.02
INFO 2021-01-28 03:41:04,545 starting epoch 243
INFO 2021-01-28 03:41:24,963 train correct: 99.96851851851852
INFO 2021-01-28 03:41:27,098 Validation Accuracy: 98.98333333333333
INFO 2021-01-28 03:41:30,245 Test Accuracy: 98.94
INFO 2021-01-28 03:41:30,246 starting epoch 244
INFO 2021-01-28 03:41:50,322 train correct: 99.96481481481482
INFO 2021-01-28 03:41:52,475 Validation Accuracy: 99.01666666666667
INFO 2021-01-28 03:41:55,929 Test Accuracy: 98.91
INFO 2021-01-28 03:41:55,930 starting epoch 245
INFO 2021-01-28 03:42:15,506 train correct: 99.96481481481482
INFO 2021-01-28 03:42:17,787 Validation Accuracy: 99.06666666666666
INFO 2021-01-28 03:42:21,276 Test Accuracy: 98.96
INFO 2021-01-28 03:42:21,277 starting epoch 246
INFO 2021-01-28 03:42:40,837 train correct: 99.95925925925926
INFO 2021-01-28 03:42:42,908 Validation Accuracy: 98.96666666666667
INFO 2021-01-28 03:42:46,324 Test Accuracy: 98.98
INFO 2021-01-28 03:42:46,325 starting epoch 247
INFO 2021-01-28 03:43:06,304 train correct: 99.96666666666667
INFO 2021-01-28 03:43:08,203 Validation Accuracy: 99.05
INFO 2021-01-28 03:43:11,588 Test Accuracy: 99.01
INFO 2021-01-28 03:43:11,588 starting epoch 248
INFO 2021-01-28 03:43:32,808 train correct: 99.96296296296296
INFO 2021-01-28 03:43:34,731 Validation Accuracy: 99.01666666666667
INFO 2021-01-28 03:43:37,822 Test Accuracy: 98.92
INFO 2021-01-28 03:43:37,822 starting epoch 249
INFO 2021-01-28 03:43:57,571 train correct: 99.95925925925926
INFO 2021-01-28 03:43:59,532 Validation Accuracy: 99.0
INFO 2021-01-28 03:44:02,795 Test Accuracy: 99.03
INFO 2021-01-28 03:44:02,796 starting epoch 250
INFO 2021-01-28 03:44:22,330 train correct: 99.96296296296296
INFO 2021-01-28 03:44:24,345 Validation Accuracy: 99.0
INFO 2021-01-28 03:44:27,473 Test Accuracy: 99.04
INFO 2021-01-28 03:44:27,473 starting epoch 251
INFO 2021-01-28 03:44:46,436 train correct: 99.94814814814815
INFO 2021-01-28 03:44:48,452 Validation Accuracy: 99.01666666666667
INFO 2021-01-28 03:44:51,718 Test Accuracy: 99.04
INFO 2021-01-28 03:44:51,719 starting epoch 252
INFO 2021-01-28 03:45:10,974 train correct: 99.95555555555555
INFO 2021-01-28 03:45:13,071 Validation Accuracy: 99.0
INFO 2021-01-28 03:45:16,284 Test Accuracy: 99.02
INFO 2021-01-28 03:45:16,284 starting epoch 253
INFO 2021-01-28 03:45:37,007 train correct: 99.9574074074074
INFO 2021-01-28 03:45:39,043 Validation Accuracy: 99.11666666666666
INFO 2021-01-28 03:45:42,080 Test Accuracy: 98.94
INFO 2021-01-28 03:45:42,080 starting epoch 254
INFO 2021-01-28 03:46:00,448 train correct: 99.98703703703704
INFO 2021-01-28 03:46:02,316 Validation Accuracy: 99.06666666666666
INFO 2021-01-28 03:46:05,475 Test Accuracy: 99.01
INFO 2021-01-28 03:46:05,475 starting epoch 255
INFO 2021-01-28 03:46:25,795 train correct: 99.95925925925926
INFO 2021-01-28 03:46:28,107 Validation Accuracy: 99.06666666666666
INFO 2021-01-28 03:46:31,725 Test Accuracy: 98.89
INFO 2021-01-28 03:46:31,726 starting epoch 256
INFO 2021-01-28 03:46:52,694 train correct: 99.97592592592592
INFO 2021-01-28 03:46:54,949 Validation Accuracy: 99.05
INFO 2021-01-28 03:46:58,298 Test Accuracy: 99.04
INFO 2021-01-28 03:46:58,299 starting epoch 257
INFO 2021-01-28 03:47:20,556 train correct: 99.96296296296296
INFO 2021-01-28 03:47:22,813 Validation Accuracy: 99.11666666666666
INFO 2021-01-28 03:47:26,332 Test Accuracy: 98.97
INFO 2021-01-28 03:47:26,333 starting epoch 258
INFO 2021-01-28 03:47:48,702 train correct: 99.95925925925926
INFO 2021-01-28 03:47:51,067 Validation Accuracy: 99.01666666666667
INFO 2021-01-28 03:47:54,791 Test Accuracy: 99.0
INFO 2021-01-28 03:47:54,792 starting epoch 259
INFO 2021-01-28 03:48:16,682 train correct: 99.96666666666667
INFO 2021-01-28 03:48:18,963 Validation Accuracy: 99.03333333333333
INFO 2021-01-28 03:48:22,407 Test Accuracy: 98.99
INFO 2021-01-28 03:48:22,407 starting epoch 260
INFO 2021-01-28 03:48:43,992 train correct: 99.96296296296296
INFO 2021-01-28 03:48:46,318 Validation Accuracy: 99.01666666666667
INFO 2021-01-28 03:48:50,037 Test Accuracy: 99.0
INFO 2021-01-28 03:48:50,038 starting epoch 261
INFO 2021-01-28 03:49:11,648 train correct: 99.94814814814815
INFO 2021-01-28 03:49:13,927 Validation Accuracy: 98.95
INFO 2021-01-28 03:49:17,637 Test Accuracy: 99.0
INFO 2021-01-28 03:49:17,638 starting epoch 262
INFO 2021-01-28 03:49:38,722 train correct: 99.96666666666667
INFO 2021-01-28 03:49:40,947 Validation Accuracy: 98.96666666666667
INFO 2021-01-28 03:49:44,545 Test Accuracy: 98.99
INFO 2021-01-28 03:49:44,545 starting epoch 263
INFO 2021-01-28 03:50:06,231 train correct: 99.96481481481482
INFO 2021-01-28 03:50:08,544 Validation Accuracy: 98.98333333333333
INFO 2021-01-28 03:50:12,248 Test Accuracy: 98.96
INFO 2021-01-28 03:50:12,248 starting epoch 264
INFO 2021-01-28 03:50:34,193 train correct: 99.97407407407407
INFO 2021-01-28 03:50:36,572 Validation Accuracy: 99.0
INFO 2021-01-28 03:50:40,335 Test Accuracy: 99.03
INFO 2021-01-28 03:50:40,335 starting epoch 265
INFO 2021-01-28 03:51:02,295 train correct: 99.96481481481482
INFO 2021-01-28 03:51:04,639 Validation Accuracy: 99.05
INFO 2021-01-28 03:51:08,142 Test Accuracy: 99.0
INFO 2021-01-28 03:51:08,143 starting epoch 266
INFO 2021-01-28 03:51:30,007 train correct: 99.97037037037038
INFO 2021-01-28 03:51:32,383 Validation Accuracy: 99.05
INFO 2021-01-28 03:51:36,264 Test Accuracy: 99.0
INFO 2021-01-28 03:51:36,265 starting epoch 267
INFO 2021-01-28 03:51:58,252 train correct: 99.96296296296296
INFO 2021-01-28 03:52:00,701 Validation Accuracy: 99.01666666666667
INFO 2021-01-28 03:52:04,441 Test Accuracy: 99.04
INFO 2021-01-28 03:52:04,441 starting epoch 268
INFO 2021-01-28 03:52:26,421 train correct: 99.97222222222223
INFO 2021-01-28 03:52:28,569 Validation Accuracy: 98.96666666666667
INFO 2021-01-28 03:52:32,054 Test Accuracy: 99.0
INFO 2021-01-28 03:52:32,055 starting epoch 269
INFO 2021-01-28 03:52:53,986 train correct: 99.97777777777777
INFO 2021-01-28 03:52:56,294 Validation Accuracy: 99.11666666666666
INFO 2021-01-28 03:53:00,185 Test Accuracy: 99.05
INFO 2021-01-28 03:53:00,185 starting epoch 270
INFO 2021-01-28 03:53:21,588 train correct: 99.96296296296296
INFO 2021-01-28 03:53:23,909 Validation Accuracy: 99.11666666666666
INFO 2021-01-28 03:53:27,445 Test Accuracy: 98.95
INFO 2021-01-28 03:53:27,445 starting epoch 271
INFO 2021-01-28 03:53:48,313 train correct: 99.95925925925926
INFO 2021-01-28 03:53:50,522 Validation Accuracy: 99.08333333333333
INFO 2021-01-28 03:53:53,976 Test Accuracy: 98.99
INFO 2021-01-28 03:53:53,976 starting epoch 272
INFO 2021-01-28 03:54:15,832 train correct: 99.9574074074074
INFO 2021-01-28 03:54:18,517 Validation Accuracy: 99.06666666666666
INFO 2021-01-28 03:54:22,315 Test Accuracy: 99.04
INFO 2021-01-28 03:54:22,315 starting epoch 273
INFO 2021-01-28 03:54:43,741 train correct: 99.97407407407407
INFO 2021-01-28 03:54:45,912 Validation Accuracy: 99.13333333333334
INFO 2021-01-28 03:54:49,355 Test Accuracy: 99.02
INFO 2021-01-28 03:54:49,355 starting epoch 274
INFO 2021-01-28 03:55:10,934 train correct: 99.97222222222223
INFO 2021-01-28 03:55:13,257 Validation Accuracy: 99.03333333333333
INFO 2021-01-28 03:55:16,923 Test Accuracy: 99.03
INFO 2021-01-28 03:55:16,923 starting epoch 275
INFO 2021-01-28 03:55:38,606 train correct: 99.96111111111111
INFO 2021-01-28 03:55:40,931 Validation Accuracy: 99.03333333333333
INFO 2021-01-28 03:55:44,332 Test Accuracy: 99.02
INFO 2021-01-28 03:55:44,332 starting epoch 276
INFO 2021-01-28 03:56:05,643 train correct: 99.96481481481482
INFO 2021-01-28 03:56:07,826 Validation Accuracy: 99.08333333333333
INFO 2021-01-28 03:56:11,425 Test Accuracy: 99.0
INFO 2021-01-28 03:56:11,425 starting epoch 277
INFO 2021-01-28 03:56:33,159 train correct: 99.96296296296296
INFO 2021-01-28 03:56:35,403 Validation Accuracy: 99.01666666666667
INFO 2021-01-28 03:56:39,079 Test Accuracy: 99.03
INFO 2021-01-28 03:56:39,079 starting epoch 278
INFO 2021-01-28 03:56:59,858 train correct: 99.97037037037038
INFO 2021-01-28 03:57:02,265 Validation Accuracy: 99.08333333333333
INFO 2021-01-28 03:57:05,982 Test Accuracy: 99.04
INFO 2021-01-28 03:57:05,983 starting epoch 279
INFO 2021-01-28 03:57:26,980 train correct: 99.96851851851852
INFO 2021-01-28 03:57:29,194 Validation Accuracy: 99.01666666666667
INFO 2021-01-28 03:57:32,699 Test Accuracy: 99.06
INFO 2021-01-28 03:57:32,700 starting epoch 280
INFO 2021-01-28 03:57:53,854 train correct: 99.96296296296296
INFO 2021-01-28 03:57:56,586 Validation Accuracy: 99.08333333333333
INFO 2021-01-28 03:58:00,171 Test Accuracy: 99.05
INFO 2021-01-28 03:58:00,171 starting epoch 281
INFO 2021-01-28 03:58:21,218 train correct: 99.96666666666667
INFO 2021-01-28 03:58:23,628 Validation Accuracy: 98.98333333333333
INFO 2021-01-28 03:58:27,211 Test Accuracy: 99.05
INFO 2021-01-28 03:58:27,211 starting epoch 282
INFO 2021-01-28 03:58:47,844 train correct: 99.9574074074074
INFO 2021-01-28 03:58:49,844 Validation Accuracy: 98.95
INFO 2021-01-28 03:58:53,616 Test Accuracy: 98.94
INFO 2021-01-28 03:58:53,616 starting epoch 283
INFO 2021-01-28 03:59:15,410 train correct: 99.96666666666667
INFO 2021-01-28 03:59:17,757 Validation Accuracy: 99.06666666666666
INFO 2021-01-28 03:59:21,365 Test Accuracy: 98.98
INFO 2021-01-28 03:59:21,365 starting epoch 284
INFO 2021-01-28 03:59:42,193 train correct: 99.97222222222223
INFO 2021-01-28 03:59:44,432 Validation Accuracy: 99.03333333333333
INFO 2021-01-28 03:59:48,168 Test Accuracy: 99.0
INFO 2021-01-28 03:59:48,168 starting epoch 285
INFO 2021-01-28 04:00:09,788 train correct: 99.94444444444444
INFO 2021-01-28 04:00:11,887 Validation Accuracy: 99.03333333333333
INFO 2021-01-28 04:00:15,107 Test Accuracy: 98.99
INFO 2021-01-28 04:00:15,108 starting epoch 286
INFO 2021-01-28 04:00:36,451 train correct: 99.97222222222223
INFO 2021-01-28 04:00:38,781 Validation Accuracy: 98.98333333333333
INFO 2021-01-28 04:00:42,354 Test Accuracy: 98.99
INFO 2021-01-28 04:00:42,354 starting epoch 287
INFO 2021-01-28 04:01:03,794 train correct: 99.96481481481482
INFO 2021-01-28 04:01:05,894 Validation Accuracy: 99.01666666666667
INFO 2021-01-28 04:01:09,401 Test Accuracy: 99.05
INFO 2021-01-28 04:01:09,401 starting epoch 288
INFO 2021-01-28 04:01:31,178 train correct: 99.97037037037038
INFO 2021-01-28 04:01:33,472 Validation Accuracy: 99.0
INFO 2021-01-28 04:01:37,064 Test Accuracy: 99.0
INFO 2021-01-28 04:01:37,064 starting epoch 289
INFO 2021-01-28 04:01:59,439 train correct: 99.96851851851852
INFO 2021-01-28 04:02:01,766 Validation Accuracy: 98.93333333333334
INFO 2021-01-28 04:02:05,340 Test Accuracy: 98.97
INFO 2021-01-28 04:02:05,341 starting epoch 290
INFO 2021-01-28 04:02:26,774 train correct: 99.96111111111111
INFO 2021-01-28 04:02:28,953 Validation Accuracy: 98.96666666666667
INFO 2021-01-28 04:02:32,355 Test Accuracy: 99.08
INFO 2021-01-28 04:02:32,355 starting epoch 291
INFO 2021-01-28 04:02:53,676 train correct: 99.97222222222223
INFO 2021-01-28 04:02:55,940 Validation Accuracy: 99.0
INFO 2021-01-28 04:02:59,450 Test Accuracy: 99.05
INFO 2021-01-28 04:02:59,451 starting epoch 292
INFO 2021-01-28 04:03:21,469 train correct: 99.96666666666667
INFO 2021-01-28 04:03:23,782 Validation Accuracy: 99.05
INFO 2021-01-28 04:03:27,158 Test Accuracy: 98.94
INFO 2021-01-28 04:03:27,159 starting epoch 293
INFO 2021-01-28 04:03:49,020 train correct: 99.95925925925926
INFO 2021-01-28 04:03:51,111 Validation Accuracy: 98.96666666666667
INFO 2021-01-28 04:03:54,397 Test Accuracy: 98.94
INFO 2021-01-28 04:03:54,398 starting epoch 294
INFO 2021-01-28 04:04:16,343 train correct: 99.97962962962963
INFO 2021-01-28 04:04:18,511 Validation Accuracy: 99.01666666666667
INFO 2021-01-28 04:04:22,018 Test Accuracy: 98.95
INFO 2021-01-28 04:04:22,018 starting epoch 295
INFO 2021-01-28 04:04:44,019 train correct: 99.97407407407407
INFO 2021-01-28 04:04:46,229 Validation Accuracy: 99.0
INFO 2021-01-28 04:04:49,625 Test Accuracy: 99.0
INFO 2021-01-28 04:04:49,625 starting epoch 296
INFO 2021-01-28 04:05:11,517 train correct: 99.98333333333333
INFO 2021-01-28 04:05:13,646 Validation Accuracy: 98.98333333333333
INFO 2021-01-28 04:05:17,073 Test Accuracy: 99.03
INFO 2021-01-28 04:05:17,073 starting epoch 297
INFO 2021-01-28 04:05:38,612 train correct: 99.96666666666667
INFO 2021-01-28 04:05:40,712 Validation Accuracy: 98.96666666666667
INFO 2021-01-28 04:05:44,198 Test Accuracy: 98.93
INFO 2021-01-28 04:05:44,199 starting epoch 298
INFO 2021-01-28 04:06:06,182 train correct: 99.95925925925926
INFO 2021-01-28 04:06:08,504 Validation Accuracy: 98.98333333333333
INFO 2021-01-28 04:06:12,100 Test Accuracy: 98.98
INFO 2021-01-28 04:06:12,101 starting epoch 299
INFO 2021-01-28 04:06:33,761 train correct: 99.96666666666667
INFO 2021-01-28 04:06:36,149 Validation Accuracy: 99.05
INFO 2021-01-28 04:06:39,818 Test Accuracy: 98.99
INFO 2021-01-28 04:06:39,818 starting epoch 300
INFO 2021-01-28 04:07:01,361 train correct: 99.97592592592592
INFO 2021-01-28 04:07:03,587 Validation Accuracy: 99.03333333333333
INFO 2021-01-28 04:07:07,030 Test Accuracy: 98.97
INFO 2021-01-28 04:07:07,030 starting epoch 301
INFO 2021-01-28 04:07:28,554 train correct: 99.96851851851852
INFO 2021-01-28 04:07:30,910 Validation Accuracy: 99.03333333333333
INFO 2021-01-28 04:07:34,490 Test Accuracy: 98.95
INFO 2021-01-28 04:07:34,491 starting epoch 302
INFO 2021-01-28 04:07:56,055 train correct: 99.96851851851852
INFO 2021-01-28 04:07:58,439 Validation Accuracy: 98.98333333333333
INFO 2021-01-28 04:08:01,922 Test Accuracy: 98.97
INFO 2021-01-28 04:08:01,923 starting epoch 303
INFO 2021-01-28 04:08:22,926 train correct: 99.97037037037038
INFO 2021-01-28 04:08:25,255 Validation Accuracy: 99.03333333333333
INFO 2021-01-28 04:08:28,756 Test Accuracy: 99.01
INFO 2021-01-28 04:08:28,756 starting epoch 304
INFO 2021-01-28 04:08:50,294 train correct: 99.96296296296296
INFO 2021-01-28 04:08:52,643 Validation Accuracy: 99.03333333333333
INFO 2021-01-28 04:08:56,141 Test Accuracy: 98.99
INFO 2021-01-28 04:08:56,142 starting epoch 305
INFO 2021-01-28 04:09:17,684 train correct: 99.97222222222223
INFO 2021-01-28 04:09:19,977 Validation Accuracy: 98.91666666666667
INFO 2021-01-28 04:09:23,744 Test Accuracy: 99.03
INFO 2021-01-28 04:09:23,744 starting epoch 306
INFO 2021-01-28 04:09:45,269 train correct: 99.96111111111111
INFO 2021-01-28 04:09:47,604 Validation Accuracy: 98.95
INFO 2021-01-28 04:09:51,353 Test Accuracy: 98.97
INFO 2021-01-28 04:09:51,353 starting epoch 307
INFO 2021-01-28 04:10:11,961 train correct: 99.97962962962963
INFO 2021-01-28 04:10:14,307 Validation Accuracy: 99.05
INFO 2021-01-28 04:10:17,691 Test Accuracy: 99.01
INFO 2021-01-28 04:10:17,691 starting epoch 308
INFO 2021-01-28 04:10:39,099 train correct: 99.98333333333333
INFO 2021-01-28 04:10:41,676 Validation Accuracy: 98.98333333333333
INFO 2021-01-28 04:10:45,599 Test Accuracy: 98.96
INFO 2021-01-28 04:10:45,599 starting epoch 309
INFO 2021-01-28 04:11:06,841 train correct: 99.97962962962963
INFO 2021-01-28 04:11:09,158 Validation Accuracy: 99.03333333333333
INFO 2021-01-28 04:11:12,896 Test Accuracy: 98.96
INFO 2021-01-28 04:11:12,897 starting epoch 310
INFO 2021-01-28 04:11:33,697 train correct: 99.97777777777777
INFO 2021-01-28 04:11:36,041 Validation Accuracy: 99.0
INFO 2021-01-28 04:11:39,593 Test Accuracy: 98.98
INFO 2021-01-28 04:11:39,593 starting epoch 311
INFO 2021-01-28 04:12:00,372 train correct: 99.97407407407407
INFO 2021-01-28 04:12:02,560 Validation Accuracy: 99.06666666666666
INFO 2021-01-28 04:12:06,138 Test Accuracy: 99.01
INFO 2021-01-28 04:12:06,138 starting epoch 312
INFO 2021-01-28 04:12:27,138 train correct: 99.96481481481482
INFO 2021-01-28 04:12:29,388 Validation Accuracy: 99.05
INFO 2021-01-28 04:12:32,976 Test Accuracy: 98.99
INFO 2021-01-28 04:12:32,976 starting epoch 313
INFO 2021-01-28 04:12:53,973 train correct: 99.97407407407407
INFO 2021-01-28 04:12:56,342 Validation Accuracy: 99.03333333333333
INFO 2021-01-28 04:13:00,053 Test Accuracy: 99.05
INFO 2021-01-28 04:13:00,053 starting epoch 314
INFO 2021-01-28 04:13:21,252 train correct: 99.97407407407407
INFO 2021-01-28 04:13:23,334 Validation Accuracy: 98.98333333333333
INFO 2021-01-28 04:13:26,742 Test Accuracy: 98.91
INFO 2021-01-28 04:13:26,742 starting epoch 315
INFO 2021-01-28 04:13:47,591 train correct: 99.97592592592592
INFO 2021-01-28 04:13:49,919 Validation Accuracy: 99.03333333333333
INFO 2021-01-28 04:13:53,450 Test Accuracy: 98.98
INFO 2021-01-28 04:13:53,451 starting epoch 316
INFO 2021-01-28 04:14:15,318 train correct: 99.96851851851852
INFO 2021-01-28 04:14:17,727 Validation Accuracy: 98.93333333333334
INFO 2021-01-28 04:14:21,496 Test Accuracy: 99.03
INFO 2021-01-28 04:14:21,496 starting epoch 317
INFO 2021-01-28 04:14:43,915 train correct: 99.97592592592592
INFO 2021-01-28 04:14:45,958 Validation Accuracy: 99.01666666666667
INFO 2021-01-28 04:14:49,556 Test Accuracy: 98.95
INFO 2021-01-28 04:14:49,556 starting epoch 318
INFO 2021-01-28 04:15:11,080 train correct: 99.96481481481482
INFO 2021-01-28 04:15:13,420 Validation Accuracy: 99.03333333333333
INFO 2021-01-28 04:15:17,112 Test Accuracy: 99.01
INFO 2021-01-28 04:15:17,112 starting epoch 319
INFO 2021-01-28 04:15:38,948 train correct: 99.97592592592592
INFO 2021-01-28 04:15:41,218 Validation Accuracy: 99.01666666666667
INFO 2021-01-28 04:15:44,720 Test Accuracy: 99.03
INFO 2021-01-28 04:15:44,721 starting epoch 320
INFO 2021-01-28 04:16:06,255 train correct: 99.96666666666667
INFO 2021-01-28 04:16:08,615 Validation Accuracy: 99.06666666666666
INFO 2021-01-28 04:16:12,091 Test Accuracy: 98.92
INFO 2021-01-28 04:16:12,092 starting epoch 321
INFO 2021-01-28 04:16:33,321 train correct: 99.96666666666667
INFO 2021-01-28 04:16:35,606 Validation Accuracy: 99.0
INFO 2021-01-28 04:16:39,134 Test Accuracy: 99.01
INFO 2021-01-28 04:16:39,135 starting epoch 322
INFO 2021-01-28 04:17:00,414 train correct: 99.97592592592592
INFO 2021-01-28 04:17:02,660 Validation Accuracy: 99.03333333333333
INFO 2021-01-28 04:17:06,305 Test Accuracy: 99.05
INFO 2021-01-28 04:17:06,305 starting epoch 323
INFO 2021-01-28 04:17:28,101 train correct: 99.97592592592592
INFO 2021-01-28 04:17:30,769 Validation Accuracy: 99.03333333333333
INFO 2021-01-28 04:17:34,495 Test Accuracy: 99.0
INFO 2021-01-28 04:17:34,496 starting epoch 324
INFO 2021-01-28 04:17:56,296 train correct: 99.97037037037038
INFO 2021-01-28 04:17:58,638 Validation Accuracy: 98.95
INFO 2021-01-28 04:18:02,414 Test Accuracy: 98.91
INFO 2021-01-28 04:18:02,414 starting epoch 325
INFO 2021-01-28 04:18:24,150 train correct: 99.97592592592592
INFO 2021-01-28 04:18:26,396 Validation Accuracy: 99.01666666666667
INFO 2021-01-28 04:18:29,970 Test Accuracy: 99.01
INFO 2021-01-28 04:18:29,970 starting epoch 326
INFO 2021-01-28 04:18:51,307 train correct: 99.97222222222223
INFO 2021-01-28 04:18:53,512 Validation Accuracy: 99.05
INFO 2021-01-28 04:18:56,894 Test Accuracy: 99.04
INFO 2021-01-28 04:18:56,895 starting epoch 327
INFO 2021-01-28 04:19:18,267 train correct: 99.97037037037038
INFO 2021-01-28 04:19:20,547 Validation Accuracy: 99.03333333333333
INFO 2021-01-28 04:19:24,232 Test Accuracy: 99.09
INFO 2021-01-28 04:19:24,233 starting epoch 328
INFO 2021-01-28 04:19:46,507 train correct: 99.98148148148148
INFO 2021-01-28 04:19:48,879 Validation Accuracy: 99.03333333333333
INFO 2021-01-28 04:19:52,251 Test Accuracy: 99.07
INFO 2021-01-28 04:19:52,252 starting epoch 329
INFO 2021-01-28 04:20:13,065 train correct: 99.96666666666667
INFO 2021-01-28 04:20:15,195 Validation Accuracy: 99.03333333333333
INFO 2021-01-28 04:20:18,790 Test Accuracy: 98.99
INFO 2021-01-28 04:20:18,790 starting epoch 330
INFO 2021-01-28 04:20:39,778 train correct: 99.97222222222223
INFO 2021-01-28 04:20:41,863 Validation Accuracy: 99.0
INFO 2021-01-28 04:20:45,436 Test Accuracy: 99.09
INFO 2021-01-28 04:20:45,436 starting epoch 331
INFO 2021-01-28 04:21:06,759 train correct: 99.97222222222223
INFO 2021-01-28 04:21:09,138 Validation Accuracy: 99.03333333333333
INFO 2021-01-28 04:21:12,776 Test Accuracy: 98.99
INFO 2021-01-28 04:21:12,777 starting epoch 332
INFO 2021-01-28 04:21:33,598 train correct: 99.97962962962963
INFO 2021-01-28 04:21:35,898 Validation Accuracy: 99.03333333333333
INFO 2021-01-28 04:21:39,546 Test Accuracy: 99.04
INFO 2021-01-28 04:21:39,546 starting epoch 333
INFO 2021-01-28 04:22:01,873 train correct: 99.97037037037038
INFO 2021-01-28 04:22:04,143 Validation Accuracy: 99.0
INFO 2021-01-28 04:22:07,633 Test Accuracy: 99.03
INFO 2021-01-28 04:22:07,634 starting epoch 334
INFO 2021-01-28 04:22:29,336 train correct: 99.98518518518519
INFO 2021-01-28 04:22:31,817 Validation Accuracy: 99.03333333333333
INFO 2021-01-28 04:22:35,827 Test Accuracy: 99.05
INFO 2021-01-28 04:22:35,828 starting epoch 335
INFO 2021-01-28 04:22:56,622 train correct: 99.96111111111111
INFO 2021-01-28 04:22:58,781 Validation Accuracy: 99.0
INFO 2021-01-28 04:23:02,300 Test Accuracy: 98.96
INFO 2021-01-28 04:23:02,301 starting epoch 336
INFO 2021-01-28 04:23:23,755 train correct: 99.96851851851852
INFO 2021-01-28 04:23:26,154 Validation Accuracy: 99.03333333333333
INFO 2021-01-28 04:23:29,618 Test Accuracy: 99.04
INFO 2021-01-28 04:23:29,619 starting epoch 337
INFO 2021-01-28 04:23:51,292 train correct: 99.97962962962963
INFO 2021-01-28 04:23:53,569 Validation Accuracy: 99.05
INFO 2021-01-28 04:23:57,066 Test Accuracy: 99.0
INFO 2021-01-28 04:23:57,067 starting epoch 338
INFO 2021-01-28 04:24:18,174 train correct: 99.98518518518519
INFO 2021-01-28 04:24:20,501 Validation Accuracy: 99.06666666666666
INFO 2021-01-28 04:24:24,172 Test Accuracy: 99.0
INFO 2021-01-28 04:24:24,172 starting epoch 339
INFO 2021-01-28 04:24:45,262 train correct: 99.97592592592592
INFO 2021-01-28 04:24:47,609 Validation Accuracy: 99.01666666666667
INFO 2021-01-28 04:24:51,206 Test Accuracy: 98.98
INFO 2021-01-28 04:24:51,206 starting epoch 340
INFO 2021-01-28 04:25:12,565 train correct: 99.97592592592592
INFO 2021-01-28 04:25:14,745 Validation Accuracy: 98.98333333333333
INFO 2021-01-28 04:25:18,408 Test Accuracy: 99.02
INFO 2021-01-28 04:25:18,409 starting epoch 341
INFO 2021-01-28 04:25:39,928 train correct: 99.98703703703704
INFO 2021-01-28 04:25:42,165 Validation Accuracy: 99.05
INFO 2021-01-28 04:25:45,570 Test Accuracy: 98.98
INFO 2021-01-28 04:25:45,570 starting epoch 342
INFO 2021-01-28 04:26:07,593 train correct: 99.97407407407407
INFO 2021-01-28 04:26:09,937 Validation Accuracy: 99.0
INFO 2021-01-28 04:26:13,629 Test Accuracy: 98.99
INFO 2021-01-28 04:26:13,629 starting epoch 343
INFO 2021-01-28 04:26:34,738 train correct: 99.98148148148148
INFO 2021-01-28 04:26:36,991 Validation Accuracy: 99.1
INFO 2021-01-28 04:26:40,613 Test Accuracy: 99.0
INFO 2021-01-28 04:26:40,613 starting epoch 344
INFO 2021-01-28 04:27:02,646 train correct: 99.97222222222223
INFO 2021-01-28 04:27:04,955 Validation Accuracy: 99.05
INFO 2021-01-28 04:27:08,576 Test Accuracy: 99.01
INFO 2021-01-28 04:27:08,576 starting epoch 345
INFO 2021-01-28 04:27:30,290 train correct: 99.97777777777777
INFO 2021-01-28 04:27:32,753 Validation Accuracy: 99.03333333333333
INFO 2021-01-28 04:27:36,531 Test Accuracy: 99.01
INFO 2021-01-28 04:27:36,532 starting epoch 346
INFO 2021-01-28 04:27:58,199 train correct: 99.97962962962963
INFO 2021-01-28 04:28:01,106 Validation Accuracy: 99.05
INFO 2021-01-28 04:28:05,039 Test Accuracy: 99.01
INFO 2021-01-28 04:28:05,040 starting epoch 347
INFO 2021-01-28 04:28:26,729 train correct: 99.97407407407407
INFO 2021-01-28 04:28:29,056 Validation Accuracy: 98.96666666666667
INFO 2021-01-28 04:28:32,665 Test Accuracy: 99.03
INFO 2021-01-28 04:28:32,665 starting epoch 348
INFO 2021-01-28 04:28:54,020 train correct: 99.98333333333333
INFO 2021-01-28 04:28:56,431 Validation Accuracy: 99.01666666666667
INFO 2021-01-28 04:29:00,057 Test Accuracy: 99.01
INFO 2021-01-28 04:29:00,057 starting epoch 349
INFO 2021-01-28 04:29:21,360 train correct: 99.97222222222223
INFO 2021-01-28 04:29:23,689 Validation Accuracy: 99.0
INFO 2021-01-28 04:29:27,255 Test Accuracy: 98.98
INFO 2021-01-28 04:29:27,256 starting epoch 350
INFO 2021-01-28 04:29:48,863 train correct: 99.97777777777777
INFO 2021-01-28 04:29:51,058 Validation Accuracy: 99.01666666666667
INFO 2021-01-28 04:29:54,603 Test Accuracy: 98.98
INFO 2021-01-28 04:29:54,604 starting epoch 351
INFO 2021-01-28 04:30:16,366 train correct: 99.97037037037038
INFO 2021-01-28 04:30:18,566 Validation Accuracy: 99.01666666666667
INFO 2021-01-28 04:30:22,089 Test Accuracy: 99.01
INFO 2021-01-28 04:30:22,089 starting epoch 352
INFO 2021-01-28 04:30:44,279 train correct: 99.98703703703704
INFO 2021-01-28 04:30:46,608 Validation Accuracy: 99.1
INFO 2021-01-28 04:30:50,309 Test Accuracy: 99.03
INFO 2021-01-28 04:30:50,309 starting epoch 353
INFO 2021-01-28 04:31:12,455 train correct: 99.97962962962963
INFO 2021-01-28 04:31:14,455 Validation Accuracy: 99.05
INFO 2021-01-28 04:31:17,979 Test Accuracy: 99.06
INFO 2021-01-28 04:31:17,979 starting epoch 354
INFO 2021-01-28 04:31:39,706 train correct: 99.98703703703704
INFO 2021-01-28 04:31:41,831 Validation Accuracy: 99.03333333333333
INFO 2021-01-28 04:31:45,794 Test Accuracy: 98.99
INFO 2021-01-28 04:31:45,797 starting epoch 355
INFO 2021-01-28 04:32:07,843 train correct: 99.96851851851852
INFO 2021-01-28 04:32:09,895 Validation Accuracy: 99.08333333333333
INFO 2021-01-28 04:32:13,488 Test Accuracy: 99.0
INFO 2021-01-28 04:32:13,488 starting epoch 356
INFO 2021-01-28 04:32:35,539 train correct: 99.97962962962963
INFO 2021-01-28 04:32:37,830 Validation Accuracy: 99.05
INFO 2021-01-28 04:32:41,941 Test Accuracy: 98.96
INFO 2021-01-28 04:32:41,941 starting epoch 357
INFO 2021-01-28 04:33:04,685 train correct: 99.98148148148148
INFO 2021-01-28 04:33:07,004 Validation Accuracy: 99.06666666666666
INFO 2021-01-28 04:33:10,698 Test Accuracy: 99.0
INFO 2021-01-28 04:33:10,698 starting epoch 358
INFO 2021-01-28 04:33:32,800 train correct: 99.99259259259259
INFO 2021-01-28 04:33:35,098 Validation Accuracy: 99.08333333333333
INFO 2021-01-28 04:33:38,852 Test Accuracy: 98.98
INFO 2021-01-28 04:33:38,852 starting epoch 359
INFO 2021-01-28 04:34:00,842 train correct: 99.98148148148148
INFO 2021-01-28 04:34:03,160 Validation Accuracy: 99.05
INFO 2021-01-28 04:34:06,736 Test Accuracy: 99.04
INFO 2021-01-28 04:34:06,736 starting epoch 360
INFO 2021-01-28 04:34:28,335 train correct: 99.98518518518519
INFO 2021-01-28 04:34:30,618 Validation Accuracy: 99.05
INFO 2021-01-28 04:34:34,253 Test Accuracy: 98.99
INFO 2021-01-28 04:34:34,254 starting epoch 361
INFO 2021-01-28 04:34:55,629 train correct: 99.96481481481482
INFO 2021-01-28 04:34:57,798 Validation Accuracy: 99.06666666666666
INFO 2021-01-28 04:35:01,534 Test Accuracy: 99.07
INFO 2021-01-28 04:35:01,535 starting epoch 362
INFO 2021-01-28 04:35:23,733 train correct: 99.97592592592592
INFO 2021-01-28 04:35:25,914 Validation Accuracy: 99.05
INFO 2021-01-28 04:35:29,672 Test Accuracy: 98.98
INFO 2021-01-28 04:35:29,673 starting epoch 363
INFO 2021-01-28 04:35:51,415 train correct: 99.98148148148148
INFO 2021-01-28 04:35:53,650 Validation Accuracy: 99.03333333333333
INFO 2021-01-28 04:35:57,861 Test Accuracy: 99.01
INFO 2021-01-28 04:35:57,861 starting epoch 364
INFO 2021-01-28 04:36:19,427 train correct: 99.98703703703704
INFO 2021-01-28 04:36:21,546 Validation Accuracy: 99.01666666666667
INFO 2021-01-28 04:36:25,162 Test Accuracy: 99.05
INFO 2021-01-28 04:36:25,163 starting epoch 365
INFO 2021-01-28 04:36:47,350 train correct: 99.98148148148148
INFO 2021-01-28 04:36:49,766 Validation Accuracy: 99.08333333333333
INFO 2021-01-28 04:36:53,528 Test Accuracy: 99.04
INFO 2021-01-28 04:36:53,529 starting epoch 366
INFO 2021-01-28 04:37:14,901 train correct: 99.98148148148148
INFO 2021-01-28 04:37:17,343 Validation Accuracy: 99.08333333333333
INFO 2021-01-28 04:37:20,984 Test Accuracy: 99.02
INFO 2021-01-28 04:37:20,985 starting epoch 367
INFO 2021-01-28 04:37:42,503 train correct: 99.98333333333333
INFO 2021-01-28 04:37:44,800 Validation Accuracy: 99.06666666666666
INFO 2021-01-28 04:37:48,635 Test Accuracy: 99.02
INFO 2021-01-28 04:37:48,636 starting epoch 368
INFO 2021-01-28 04:38:10,431 train correct: 99.98518518518519
INFO 2021-01-28 04:38:13,022 Validation Accuracy: 99.05
INFO 2021-01-28 04:38:16,820 Test Accuracy: 99.06
INFO 2021-01-28 04:38:16,821 starting epoch 369
INFO 2021-01-28 04:38:38,193 train correct: 99.97222222222223
INFO 2021-01-28 04:38:40,495 Validation Accuracy: 99.0
INFO 2021-01-28 04:38:44,243 Test Accuracy: 99.0
INFO 2021-01-28 04:38:44,244 starting epoch 370
INFO 2021-01-28 04:39:05,982 train correct: 99.97962962962963
INFO 2021-01-28 04:39:08,337 Validation Accuracy: 98.98333333333333
INFO 2021-01-28 04:39:12,068 Test Accuracy: 98.98
INFO 2021-01-28 04:39:12,068 starting epoch 371
INFO 2021-01-28 04:39:34,283 train correct: 99.99074074074075
INFO 2021-01-28 04:39:36,619 Validation Accuracy: 99.06666666666666
INFO 2021-01-28 04:39:40,270 Test Accuracy: 99.02
INFO 2021-01-28 04:39:40,271 starting epoch 372
INFO 2021-01-28 04:40:01,554 train correct: 99.98518518518519
INFO 2021-01-28 04:40:03,893 Validation Accuracy: 99.03333333333333
INFO 2021-01-28 04:40:07,592 Test Accuracy: 99.0
INFO 2021-01-28 04:40:07,593 starting epoch 373
INFO 2021-01-28 04:40:28,580 train correct: 99.98518518518519
INFO 2021-01-28 04:40:31,092 Validation Accuracy: 98.98333333333333
INFO 2021-01-28 04:40:34,624 Test Accuracy: 98.97
INFO 2021-01-28 04:40:34,625 starting epoch 374
INFO 2021-01-28 04:40:56,341 train correct: 99.9888888888889
INFO 2021-01-28 04:40:58,672 Validation Accuracy: 99.01666666666667
INFO 2021-01-28 04:41:02,219 Test Accuracy: 99.0
INFO 2021-01-28 04:41:02,219 starting epoch 375
INFO 2021-01-28 04:41:24,014 train correct: 99.97777777777777
INFO 2021-01-28 04:41:26,581 Validation Accuracy: 99.01666666666667
INFO 2021-01-28 04:41:29,888 Test Accuracy: 99.0
INFO 2021-01-28 04:41:29,889 starting epoch 376
INFO 2021-01-28 04:41:51,579 train correct: 99.97407407407407
INFO 2021-01-28 04:41:54,002 Validation Accuracy: 99.01666666666667
INFO 2021-01-28 04:41:57,385 Test Accuracy: 99.02
INFO 2021-01-28 04:41:57,385 starting epoch 377
INFO 2021-01-28 04:42:19,092 train correct: 99.97592592592592
INFO 2021-01-28 04:42:21,391 Validation Accuracy: 99.01666666666667
INFO 2021-01-28 04:42:25,048 Test Accuracy: 99.02
INFO 2021-01-28 04:42:25,048 starting epoch 378
INFO 2021-01-28 04:42:47,021 train correct: 99.97962962962963
INFO 2021-01-28 04:42:49,365 Validation Accuracy: 99.03333333333333
INFO 2021-01-28 04:42:53,153 Test Accuracy: 99.02
INFO 2021-01-28 04:42:53,153 starting epoch 379
INFO 2021-01-28 04:43:15,061 train correct: 99.98148148148148
INFO 2021-01-28 04:43:17,377 Validation Accuracy: 99.05
INFO 2021-01-28 04:43:21,067 Test Accuracy: 98.95
INFO 2021-01-28 04:43:21,067 starting epoch 380
INFO 2021-01-28 04:43:42,795 train correct: 99.97962962962963
INFO 2021-01-28 04:43:45,084 Validation Accuracy: 99.01666666666667
INFO 2021-01-28 04:43:48,761 Test Accuracy: 98.98
INFO 2021-01-28 04:43:48,762 starting epoch 381
INFO 2021-01-28 04:44:11,057 train correct: 99.9888888888889
INFO 2021-01-28 04:44:13,452 Validation Accuracy: 99.06666666666666
INFO 2021-01-28 04:44:17,224 Test Accuracy: 98.98
INFO 2021-01-28 04:44:17,224 starting epoch 382
INFO 2021-01-28 04:44:39,250 train correct: 99.98148148148148
INFO 2021-01-28 04:44:41,557 Validation Accuracy: 99.01666666666667
INFO 2021-01-28 04:44:45,120 Test Accuracy: 99.02
INFO 2021-01-28 04:44:45,121 starting epoch 383
INFO 2021-01-28 04:45:06,907 train correct: 99.98148148148148
INFO 2021-01-28 04:45:09,579 Validation Accuracy: 99.0
INFO 2021-01-28 04:45:13,196 Test Accuracy: 98.98
INFO 2021-01-28 04:45:13,196 starting epoch 384
INFO 2021-01-28 04:45:34,845 train correct: 99.98518518518519
INFO 2021-01-28 04:45:37,285 Validation Accuracy: 99.05
INFO 2021-01-28 04:45:41,002 Test Accuracy: 98.99
INFO 2021-01-28 04:45:41,003 starting epoch 385
INFO 2021-01-28 04:46:02,717 train correct: 99.98148148148148
INFO 2021-01-28 04:46:05,049 Validation Accuracy: 99.03333333333333
INFO 2021-01-28 04:46:08,787 Test Accuracy: 98.99
INFO 2021-01-28 04:46:08,787 starting epoch 386
INFO 2021-01-28 04:46:30,029 train correct: 99.97777777777777
INFO 2021-01-28 04:46:32,320 Validation Accuracy: 99.03333333333333
INFO 2021-01-28 04:46:35,979 Test Accuracy: 99.02
INFO 2021-01-28 04:46:35,979 starting epoch 387
INFO 2021-01-28 04:46:57,445 train correct: 99.97222222222223
INFO 2021-01-28 04:46:59,604 Validation Accuracy: 99.0
INFO 2021-01-28 04:47:03,291 Test Accuracy: 98.96
INFO 2021-01-28 04:47:03,291 starting epoch 388
INFO 2021-01-28 04:47:25,340 train correct: 99.98148148148148
INFO 2021-01-28 04:47:27,795 Validation Accuracy: 99.0
INFO 2021-01-28 04:47:31,382 Test Accuracy: 98.95
INFO 2021-01-28 04:47:31,382 starting epoch 389
INFO 2021-01-28 04:47:53,169 train correct: 99.98333333333333
INFO 2021-01-28 04:47:55,534 Validation Accuracy: 99.03333333333333
INFO 2021-01-28 04:47:58,960 Test Accuracy: 99.02
INFO 2021-01-28 04:47:58,960 starting epoch 390
INFO 2021-01-28 04:48:21,217 train correct: 99.97962962962963
INFO 2021-01-28 04:48:23,508 Validation Accuracy: 99.0
INFO 2021-01-28 04:48:27,072 Test Accuracy: 98.96
INFO 2021-01-28 04:48:27,073 starting epoch 391
INFO 2021-01-28 04:48:48,645 train correct: 99.97962962962963
INFO 2021-01-28 04:48:51,030 Validation Accuracy: 99.01666666666667
INFO 2021-01-28 04:48:54,193 Test Accuracy: 98.99
INFO 2021-01-28 04:48:54,194 starting epoch 392
INFO 2021-01-28 04:49:15,766 train correct: 99.98333333333333
INFO 2021-01-28 04:49:18,223 Validation Accuracy: 99.01666666666667
INFO 2021-01-28 04:49:21,898 Test Accuracy: 98.96
INFO 2021-01-28 04:49:21,898 starting epoch 393
INFO 2021-01-28 04:49:43,743 train correct: 99.97592592592592
INFO 2021-01-28 04:49:46,138 Validation Accuracy: 99.0
INFO 2021-01-28 04:49:49,811 Test Accuracy: 99.0
INFO 2021-01-28 04:49:49,812 starting epoch 394
INFO 2021-01-28 04:50:11,356 train correct: 99.97592592592592
INFO 2021-01-28 04:50:13,749 Validation Accuracy: 99.0
INFO 2021-01-28 04:50:17,468 Test Accuracy: 98.99
INFO 2021-01-28 04:50:17,468 starting epoch 395
INFO 2021-01-28 04:50:38,831 train correct: 99.98518518518519
INFO 2021-01-28 04:50:41,236 Validation Accuracy: 99.06666666666666
INFO 2021-01-28 04:50:44,935 Test Accuracy: 99.03
INFO 2021-01-28 04:50:44,935 starting epoch 396
INFO 2021-01-28 04:51:07,827 train correct: 99.97407407407407
INFO 2021-01-28 04:51:10,040 Validation Accuracy: 99.08333333333333
INFO 2021-01-28 04:51:13,400 Test Accuracy: 98.97
INFO 2021-01-28 04:51:13,401 starting epoch 397
INFO 2021-01-28 04:51:34,578 train correct: 99.97407407407407
INFO 2021-01-28 04:51:36,837 Validation Accuracy: 99.03333333333333
INFO 2021-01-28 04:51:40,481 Test Accuracy: 99.05
INFO 2021-01-28 04:51:40,481 starting epoch 398
INFO 2021-01-28 04:52:02,383 train correct: 99.97777777777777
INFO 2021-01-28 04:52:04,691 Validation Accuracy: 99.0
INFO 2021-01-28 04:52:08,388 Test Accuracy: 98.98
INFO 2021-01-28 04:52:08,388 starting epoch 399
INFO 2021-01-28 04:52:30,397 train correct: 99.98333333333333
INFO 2021-01-28 04:52:32,612 Validation Accuracy: 99.01666666666667
INFO 2021-01-28 04:52:36,265 Test Accuracy: 99.02
INFO 2021-01-28 04:52:36,265 starting epoch 400
INFO 2021-01-28 04:52:57,929 train correct: 99.98333333333333
INFO 2021-01-28 04:53:00,215 Validation Accuracy: 99.0
INFO 2021-01-28 04:53:03,974 Test Accuracy: 99.02
INFO 2021-01-28 04:53:03,974 starting epoch 401
INFO 2021-01-28 04:53:25,174 train correct: 99.98333333333333
INFO 2021-01-28 04:53:27,365 Validation Accuracy: 99.01666666666667
INFO 2021-01-28 04:53:31,014 Test Accuracy: 99.02
INFO 2021-01-28 04:53:31,015 starting epoch 402
INFO 2021-01-28 04:53:52,433 train correct: 99.99074074074075
INFO 2021-01-28 04:53:55,002 Validation Accuracy: 99.06666666666666
INFO 2021-01-28 04:53:58,757 Test Accuracy: 99.04
INFO 2021-01-28 04:53:58,757 starting epoch 403
INFO 2021-01-28 04:54:20,112 train correct: 99.98148148148148
INFO 2021-01-28 04:54:22,447 Validation Accuracy: 99.01666666666667
INFO 2021-01-28 04:54:26,065 Test Accuracy: 99.0
INFO 2021-01-28 04:54:26,065 starting epoch 404
INFO 2021-01-28 04:54:47,766 train correct: 99.98148148148148
INFO 2021-01-28 04:54:50,187 Validation Accuracy: 99.08333333333333
INFO 2021-01-28 04:54:53,775 Test Accuracy: 98.95
INFO 2021-01-28 04:54:53,776 starting epoch 405
INFO 2021-01-28 04:55:14,741 train correct: 99.98703703703704
INFO 2021-01-28 04:55:17,105 Validation Accuracy: 99.01666666666667
INFO 2021-01-28 04:55:20,904 Test Accuracy: 98.97
INFO 2021-01-28 04:55:20,904 starting epoch 406
INFO 2021-01-28 04:55:43,487 train correct: 99.98148148148148
INFO 2021-01-28 04:55:45,811 Validation Accuracy: 99.03333333333333
INFO 2021-01-28 04:55:49,524 Test Accuracy: 98.96
INFO 2021-01-28 04:55:49,525 starting epoch 407
INFO 2021-01-28 04:56:11,173 train correct: 99.97407407407407
INFO 2021-01-28 04:56:13,476 Validation Accuracy: 99.03333333333333
INFO 2021-01-28 04:56:17,186 Test Accuracy: 99.0
INFO 2021-01-28 04:56:17,187 starting epoch 408
INFO 2021-01-28 04:56:38,631 train correct: 99.98333333333333
INFO 2021-01-28 04:56:40,909 Validation Accuracy: 99.05
INFO 2021-01-28 04:56:44,652 Test Accuracy: 99.02
INFO 2021-01-28 04:56:44,653 starting epoch 409
INFO 2021-01-28 04:57:06,714 train correct: 99.98148148148148
INFO 2021-01-28 04:57:09,106 Validation Accuracy: 99.06666666666666
INFO 2021-01-28 04:57:12,780 Test Accuracy: 99.01
INFO 2021-01-28 04:57:12,780 starting epoch 410
INFO 2021-01-28 04:57:34,313 train correct: 99.97777777777777
INFO 2021-01-28 04:57:36,713 Validation Accuracy: 99.01666666666667
INFO 2021-01-28 04:57:40,536 Test Accuracy: 99.0
INFO 2021-01-28 04:57:40,536 starting epoch 411
INFO 2021-01-28 04:58:02,493 train correct: 99.98333333333333
INFO 2021-01-28 04:58:04,861 Validation Accuracy: 99.01666666666667
INFO 2021-01-28 04:58:08,644 Test Accuracy: 99.01
INFO 2021-01-28 04:58:08,644 starting epoch 412
INFO 2021-01-28 04:58:30,134 train correct: 99.98333333333333
INFO 2021-01-28 04:58:32,567 Validation Accuracy: 99.03333333333333
INFO 2021-01-28 04:58:36,302 Test Accuracy: 99.0
INFO 2021-01-28 04:58:36,303 starting epoch 413
INFO 2021-01-28 04:58:58,135 train correct: 99.98703703703704
INFO 2021-01-28 04:59:00,485 Validation Accuracy: 99.06666666666666
INFO 2021-01-28 04:59:04,136 Test Accuracy: 99.05
INFO 2021-01-28 04:59:04,136 starting epoch 414
INFO 2021-01-28 04:59:25,226 train correct: 99.97592592592592
INFO 2021-01-28 04:59:27,518 Validation Accuracy: 99.03333333333333
INFO 2021-01-28 04:59:31,319 Test Accuracy: 98.98
INFO 2021-01-28 04:59:31,320 starting epoch 415
INFO 2021-01-28 04:59:52,509 train correct: 99.96481481481482
INFO 2021-01-28 04:59:55,105 Validation Accuracy: 99.05
INFO 2021-01-28 04:59:59,260 Test Accuracy: 98.94
INFO 2021-01-28 04:59:59,260 starting epoch 416
INFO 2021-01-28 05:00:20,906 train correct: 99.98148148148148
INFO 2021-01-28 05:00:23,196 Validation Accuracy: 99.08333333333333
INFO 2021-01-28 05:00:26,769 Test Accuracy: 98.98
INFO 2021-01-28 05:00:26,769 starting epoch 417
INFO 2021-01-28 05:00:48,310 train correct: 99.9888888888889
INFO 2021-01-28 05:00:50,620 Validation Accuracy: 99.03333333333333
INFO 2021-01-28 05:00:54,363 Test Accuracy: 98.98
INFO 2021-01-28 05:00:54,363 starting epoch 418
INFO 2021-01-28 05:01:16,778 train correct: 99.98703703703704
INFO 2021-01-28 05:01:19,300 Validation Accuracy: 99.0
INFO 2021-01-28 05:01:22,860 Test Accuracy: 99.01
INFO 2021-01-28 05:01:22,860 starting epoch 419
INFO 2021-01-28 05:01:45,305 train correct: 99.97592592592592
INFO 2021-01-28 05:01:47,763 Validation Accuracy: 99.06666666666666
INFO 2021-01-28 05:01:51,620 Test Accuracy: 98.96
INFO 2021-01-28 05:01:51,622 starting epoch 420
INFO 2021-01-28 05:02:14,526 train correct: 99.98148148148148
INFO 2021-01-28 05:02:16,789 Validation Accuracy: 99.01666666666667
INFO 2021-01-28 05:02:20,627 Test Accuracy: 99.03
INFO 2021-01-28 05:02:20,627 starting epoch 421
INFO 2021-01-28 05:02:43,048 train correct: 99.98703703703704
INFO 2021-01-28 05:02:46,332 Validation Accuracy: 99.03333333333333
INFO 2021-01-28 05:02:50,095 Test Accuracy: 99.02
INFO 2021-01-28 05:02:50,096 starting epoch 422
INFO 2021-01-28 05:03:12,063 train correct: 99.97962962962963
INFO 2021-01-28 05:03:14,483 Validation Accuracy: 98.98333333333333
INFO 2021-01-28 05:03:18,274 Test Accuracy: 99.04
INFO 2021-01-28 05:03:18,275 starting epoch 423
INFO 2021-01-28 05:03:39,642 train correct: 99.97777777777777
INFO 2021-01-28 05:03:42,002 Validation Accuracy: 99.01666666666667
INFO 2021-01-28 05:03:45,767 Test Accuracy: 98.99
INFO 2021-01-28 05:03:45,767 starting epoch 424
INFO 2021-01-28 05:04:07,424 train correct: 99.99259259259259
INFO 2021-01-28 05:04:09,730 Validation Accuracy: 99.06666666666666
INFO 2021-01-28 05:04:13,293 Test Accuracy: 99.02
INFO 2021-01-28 05:04:13,293 starting epoch 425
INFO 2021-01-28 05:04:34,698 train correct: 99.97962962962963
INFO 2021-01-28 05:04:37,549 Validation Accuracy: 99.05
INFO 2021-01-28 05:04:41,548 Test Accuracy: 99.0
INFO 2021-01-28 05:04:41,548 starting epoch 426
INFO 2021-01-28 05:05:03,143 train correct: 99.98333333333333
INFO 2021-01-28 05:05:05,485 Validation Accuracy: 99.05
INFO 2021-01-28 05:05:09,321 Test Accuracy: 99.05
INFO 2021-01-28 05:05:09,322 starting epoch 427
INFO 2021-01-28 05:05:31,063 train correct: 99.99259259259259
INFO 2021-01-28 05:05:33,448 Validation Accuracy: 98.95
INFO 2021-01-28 05:05:37,243 Test Accuracy: 99.01
INFO 2021-01-28 05:05:37,244 starting epoch 428
INFO 2021-01-28 05:05:58,286 train correct: 99.97592592592592
INFO 2021-01-28 05:06:00,840 Validation Accuracy: 99.06666666666666
INFO 2021-01-28 05:06:04,649 Test Accuracy: 98.98
INFO 2021-01-28 05:06:04,650 starting epoch 429
INFO 2021-01-28 05:06:26,219 train correct: 99.98518518518519
INFO 2021-01-28 05:06:28,656 Validation Accuracy: 99.01666666666667
INFO 2021-01-28 05:06:32,162 Test Accuracy: 98.99
INFO 2021-01-28 05:06:32,162 starting epoch 430
INFO 2021-01-28 05:06:53,587 train correct: 99.98703703703704
INFO 2021-01-28 05:06:56,009 Validation Accuracy: 99.05
INFO 2021-01-28 05:06:59,808 Test Accuracy: 98.99
INFO 2021-01-28 05:06:59,808 starting epoch 431
INFO 2021-01-28 05:07:22,446 train correct: 99.97777777777777
INFO 2021-01-28 05:07:24,952 Validation Accuracy: 99.0
INFO 2021-01-28 05:07:28,402 Test Accuracy: 98.98
INFO 2021-01-28 05:07:28,402 starting epoch 432
INFO 2021-01-28 05:07:50,642 train correct: 99.98333333333333
INFO 2021-01-28 05:07:52,949 Validation Accuracy: 99.05
INFO 2021-01-28 05:07:56,559 Test Accuracy: 98.99
INFO 2021-01-28 05:07:56,559 starting epoch 433
INFO 2021-01-28 05:08:17,723 train correct: 99.98518518518519
INFO 2021-01-28 05:08:20,122 Validation Accuracy: 99.03333333333333
INFO 2021-01-28 05:08:23,942 Test Accuracy: 98.95
INFO 2021-01-28 05:08:23,942 starting epoch 434
INFO 2021-01-28 05:08:45,308 train correct: 99.98518518518519
INFO 2021-01-28 05:08:47,533 Validation Accuracy: 99.03333333333333
INFO 2021-01-28 05:08:51,176 Test Accuracy: 99.0
INFO 2021-01-28 05:08:51,177 starting epoch 435
INFO 2021-01-28 05:09:12,427 train correct: 99.9888888888889
INFO 2021-01-28 05:09:14,795 Validation Accuracy: 99.01666666666667
INFO 2021-01-28 05:09:18,485 Test Accuracy: 99.05
INFO 2021-01-28 05:09:18,486 starting epoch 436
INFO 2021-01-28 05:09:40,061 train correct: 99.97962962962963
INFO 2021-01-28 05:09:42,362 Validation Accuracy: 99.06666666666666
INFO 2021-01-28 05:09:46,087 Test Accuracy: 99.01
INFO 2021-01-28 05:09:46,087 starting epoch 437
INFO 2021-01-28 05:10:07,485 train correct: 99.98518518518519
INFO 2021-01-28 05:10:09,781 Validation Accuracy: 99.01666666666667
INFO 2021-01-28 05:10:13,343 Test Accuracy: 99.01
INFO 2021-01-28 05:10:13,344 starting epoch 438
